#
# There is insufficient memory for the Java Runtime Environment to continue.
# Native memory allocation (mmap) failed to map 48234496 bytes for Failed to commit area from 0x00000000d2800000 to 0x00000000d5600000 of length 48234496.
# Possible reasons:
#   The system is out of physical RAM or swap space
#   The process is running with CompressedOops enabled, and the Java Heap may be blocking the growth of the native heap
# Possible solutions:
#   Reduce memory load on the system
#   Increase physical memory or swap space
#   Check if swap backing store is full
#   Decrease Java heap size (-Xmx/-Xms)
#   Decrease number of Java threads
#   Decrease Java thread stack sizes (-Xss)
#   Set larger code cache with -XX:ReservedCodeCacheSize=
# This output file may be truncated or incomplete.
#
#  Out of Memory Error (c:/BuildAgent/work/1eae4dac1d648407/src/hotspot/os/windows/os_windows.cpp:3296), pid=4836, tid=8728
#
# JRE version:  (11.0.6+8) (build )
# Java VM: OpenJDK 64-Bit Server VM (11.0.6+8-b765.40, mixed mode, sharing, tiered, compressed oops, g1 gc, windows-amd64)
# No core dump will be written. Minidumps are not enabled by default on client versions of Windows
#

---------------  S U M M A R Y ------------

Command Line: org.jetbrains.git4idea.http.GitAskPassApp Username for 'https://github.com': 

Host: Intel(R) Celeron(R) CPU N3350 @ 1.10GHz, 2 cores, 2G,  Windows 10 , 64 bit Build 16299 (10.0.16299.15)
Time: Sun May 24 23:16:12 2020 RTZ 2 (ceia) elapsed time: 0 seconds (0d 0h 0m 0s)

---------------  T H R E A D  ---------------

Current thread (0x00000211c2648000):  JavaThread "Unknown thread" [_thread_in_vm, id=8728, stack(0x000000b675600000,0x000000b675700000)]

Stack: [0x000000b675600000,0x000000b675700000]
Native frames: (J=compiled Java code, j=interpreted, Vv=VM code, C=native code)
V  [jvm.dll+0x5ddf9a]
V  [jvm.dll+0x710ae5]
V  [jvm.dll+0x712005]
V  [jvm.dll+0x7126b3]
V  [jvm.dll+0x23e718]
V  [jvm.dll+0x5db444]
V  [jvm.dll+0x5d0675]
V  [jvm.dll+0x2faf1b]
V  [jvm.dll+0x2fae8a]
V  [jvm.dll+0x2fad62]
V  [jvm.dll+0x2ffc36]
V  [jvm.dll+0x3484e3]
V  [jvm.dll+0x348be6]
V  [jvm.dll+0x3485e3]
V  [jvm.dll+0x2d5938]
V  [jvm.dll+0x2d6ad7]
V  [jvm.dll+0x6ef8a7]
V  [jvm.dll+0x6f109c]
V  [jvm.dll+0x355b29]
V  [jvm.dll+0x6d4a7e]
V  [jvm.dll+0x3bf053]
V  [jvm.dll+0x3c15d1]
C  [jli.dll+0x5363]
C  [ucrtbase.dll+0x1d885]
C  [KERNEL32.DLL+0x11fe4]
C  [ntdll.dll+0x6ef91]


---------------  P R O C E S S  ---------------

Threads class SMR info:
_java_thread_list=0x00000211c0541c80, length=0, elements={
}

Java Threads: ( => current thread )

Other Threads:
  0x00000211c265f800 GCTaskThread "GC Thread#0" [stack: 0x000000b675700000,0x000000b675800000] [id=7920]
  0x00000211c2678800 ConcurrentGCThread "G1 Main Marker" [stack: 0x000000b675800000,0x000000b675900000] [id=9172]
  0x00000211c267a000 ConcurrentGCThread "G1 Conc#0" [stack: 0x000000b675900000,0x000000b675a00000] [id=2668]

[error occurred during error reporting (printing all threads), id 0xc0000005, EXCEPTION_ACCESS_VIOLATION (0xc0000005) at pc=0x00007ffdab396047]

VM state:not at safepoint (not fully initialized)

VM Mutex/Monitor currently owned by a thread:  ([mutex/lock_event])
[0x00000211c26429c0] Heap_lock - owner thread: 0x00000211c2648000

Heap address: 0x00000000d2800000, size: 728 MB, Compressed Oops mode: Non-zero based: 0x00000000d2800000
Narrow klass base: 0x0000000000000000, Narrow klass shift: 0

GC Heap History (0 events):
No events

Deoptimization events (0 events):
No events

Classes redefined (0 events):
No events

Internal exceptions (0 events):
No events

Events (2 events):
Event: 0.333 Loaded shared library D:\IntelliJ IDEA Community Edition 2020.1.1\jbr\bin\zip.dll
Event: 0.405 Loaded shared library D:\IntelliJ IDEA Community Edition 2020.1.1\jbr\bin\jimage.dll


Dynamic libraries:
0x00007ff606ce0000 - 0x00007ff606cea000 	D:\IntelliJ IDEA Community Edition 2020.1.1\jbr\bin\java.exe
0x00007ffddad10000 - 0x00007ffddaef0000 	C:\WINDOWS\SYSTEM32\ntdll.dll
0x00007ffdd87b0000 - 0x00007ffdd885e000 	C:\WINDOWS\System32\KERNEL32.DLL
0x00007ffdd7f70000 - 0x00007ffdd81d6000 	C:\WINDOWS\System32\KERNELBASE.dll
0x00007ffdd7110000 - 0x00007ffdd7206000 	C:\WINDOWS\System32\ucrtbase.dll
0x00007ffdd1f90000 - 0x00007ffdd1fa9000 	D:\IntelliJ IDEA Community Edition 2020.1.1\jbr\bin\jli.dll
0x00007ffdd8210000 - 0x00007ffdd839f000 	C:\WINDOWS\System32\USER32.dll
0x00007ffdd7d30000 - 0x00007ffdd7d50000 	C:\WINDOWS\System32\win32u.dll
0x00007ffddacb0000 - 0x00007ffddacd8000 	C:\WINDOWS\System32\GDI32.dll
0x00007ffdd7210000 - 0x00007ffdd73a4000 	C:\WINDOWS\System32\gdi32full.dll
0x00007ffdd7c90000 - 0x00007ffdd7d2b000 	C:\WINDOWS\System32\msvcp_win.dll
0x00007ffdca650000 - 0x00007ffdca8b9000 	C:\WINDOWS\WinSxS\amd64_microsoft.windows.common-controls_6595b64144ccf1df_6.0.16299.64_none_cc9304e22215ca8f\COMCTL32.dll
0x00007ffdd8670000 - 0x00007ffdd870d000 	C:\WINDOWS\System32\msvcrt.dll
0x00007ffdd8b20000 - 0x00007ffdd8e28000 	C:\WINDOWS\System32\combase.dll
0x00007ffdd8fe0000 - 0x00007ffdd90ff000 	C:\WINDOWS\System32\RPCRT4.dll
0x00007ffdd7c10000 - 0x00007ffdd7c82000 	C:\WINDOWS\System32\bcryptPrimitives.dll
0x00007ffdd1e10000 - 0x00007ffdd1e27000 	D:\IntelliJ IDEA Community Edition 2020.1.1\jbr\bin\VCRUNTIME140.dll
0x00007ffdd81e0000 - 0x00007ffdd820d000 	C:\WINDOWS\System32\IMM32.DLL
0x00007ffdaa690000 - 0x00007ffdaa72d000 	D:\IntelliJ IDEA Community Edition 2020.1.1\jbr\bin\msvcp140.dll
0x00007ffdab0b0000 - 0x00007ffdabb6d000 	D:\IntelliJ IDEA Community Edition 2020.1.1\jbr\bin\server\jvm.dll
0x00007ffdd83a0000 - 0x00007ffdd8441000 	C:\WINDOWS\System32\ADVAPI32.dll
0x00007ffdd9810000 - 0x00007ffdd986b000 	C:\WINDOWS\System32\sechost.dll
0x00007ffdd8780000 - 0x00007ffdd8788000 	C:\WINDOWS\System32\PSAPI.DLL
0x00007ffdd49c0000 - 0x00007ffdd49e3000 	C:\WINDOWS\SYSTEM32\WINMM.dll
0x00007ffdcb960000 - 0x00007ffdcb969000 	C:\WINDOWS\SYSTEM32\WSOCK32.dll
0x00007ffdd8710000 - 0x00007ffdd877c000 	C:\WINDOWS\System32\WS2_32.dll
0x00007ffdd1160000 - 0x00007ffdd116a000 	C:\WINDOWS\SYSTEM32\VERSION.dll
0x00007ffdd4990000 - 0x00007ffdd49ba000 	C:\WINDOWS\SYSTEM32\WINMMBASE.dll
0x00007ffdd7d50000 - 0x00007ffdd7d9a000 	C:\WINDOWS\System32\cfgmgr32.dll
0x00007ffdd70f0000 - 0x00007ffdd7101000 	C:\WINDOWS\System32\kernel.appcore.dll
0x00007ffdad180000 - 0x00007ffdad191000 	D:\IntelliJ IDEA Community Edition 2020.1.1\jbr\bin\verify.dll
0x00007ffdd5b70000 - 0x00007ffdd5d38000 	C:\WINDOWS\SYSTEM32\DBGHELP.DLL
0x00007ffdcad30000 - 0x00007ffdcad59000 	C:\WINDOWS\SYSTEM32\dbgcore.DLL
0x00007ffdab080000 - 0x00007ffdab0a9000 	D:\IntelliJ IDEA Community Edition 2020.1.1\jbr\bin\java.dll
0x00007ffdab060000 - 0x00007ffdab078000 	D:\IntelliJ IDEA Community Edition 2020.1.1\jbr\bin\zip.dll
0x00007ffdc4150000 - 0x00007ffdc415b000 	D:\IntelliJ IDEA Community Edition 2020.1.1\jbr\bin\jimage.dll

dbghelp: loaded successfully - version: 4.0.5 - missing functions: none
symbol engine: initialized successfully - sym options: 0x614 - pdb path: .;D:\IntelliJ IDEA Community Edition 2020.1.1\jbr\bin;C:\WINDOWS\SYSTEM32;C:\WINDOWS\WinSxS\amd64_microsoft.windows.common-controls_6595b64144ccf1df_6.0.16299.64_none_cc9304e22215ca8f;D:\IntelliJ IDEA Community Edition 2020.1.1\jbr\bin\server

VM Arguments:
java_command: org.jetbrains.git4idea.http.GitAskPassApp Username for 'https://github.com': 
java_class_path (initial): D:/IntelliJ IDEA Community Edition 2020.1.1/plugins/git4idea/lib/git4idea-rt.jar;D:/IntelliJ IDEA Community Edition 2020.1.1/lib/xmlrpc-2.0.1.jar;D:/IntelliJ IDEA Community Edition 2020.1.1/lib/commons-codec-1.14.jar;D:/IntelliJ IDEA Community Edition 2020.1.1/lib/util.jar
Launcher Type: SUN_STANDARD

[Global flags]
     intx CICompilerCount                          = 2                                         {product} {ergonomic}
     uint ConcGCThreads                            = 1                                         {product} {ergonomic}
     uint G1ConcRefinementThreads                  = 2                                         {product} {ergonomic}
   size_t G1HeapRegionSize                         = 1048576                                   {product} {ergonomic}
    uintx GCDrainStackTargetSize                   = 64                                        {product} {ergonomic}
   size_t InitialHeapSize                          = 48234496                                  {product} {ergonomic}
   size_t MarkStackSize                            = 4194304                                   {product} {ergonomic}
   size_t MaxHeapSize                              = 763363328                                 {product} {ergonomic}
   size_t MinHeapDeltaBytes                        = 1048576                                   {product} {ergonomic}
    uintx NonNMethodCodeHeapSize                   = 5825164                                {pd product} {ergonomic}
    uintx NonProfiledCodeHeapSize                  = 122916538                              {pd product} {ergonomic}
    uintx ProfiledCodeHeapSize                     = 122916538                              {pd product} {ergonomic}
    uintx ReservedCodeCacheSize                    = 251658240                              {pd product} {ergonomic}
     bool SegmentedCodeCache                       = true                                      {product} {ergonomic}
     bool UseCompressedClassPointers               = true                                 {lp64_product} {ergonomic}
     bool UseCompressedOops                        = true                                 {lp64_product} {ergonomic}
     bool UseG1GC                                  = true                                      {product} {ergonomic}
     bool UseLargePagesIndividualAllocation        = false                                  {pd product} {ergonomic}

Logging:
Log output configuration:
 #0: stdout all=warning uptime,level,tags
 #1: stderr all=off uptime,level,tags

Environment Variables:
JAVA_HOME=C:\Program Files\Java\jdk-12
PATH=C:/Program Files/Git/mingw64/libexec/git-core;C:/Program Files/Git/mingw64/libexec/git-core;C:\Program Files\Git\mingw64\bin;C:\Program Files\Git\usr\bin;C:\Users\днс\bin;C:\Program Files (x86)\Intel\TXE Components\iCLS\;C:\Program Files\Intel\TXE Components\iCLS\;C:\WINDOWS\system32;C:\WINDOWS;C:\WINDOWS\System32\Wbem;C:\WINDOWS\System32\WindowsPowerShell\v1.0\;C:\Program Files\Intel\TXE Components\DAL\;C:\Program Files (x86)\Intel\TXE Components\DAL\;C:\Program Files\Intel\TXE Components\IPT\;C:\Program Files (x86)\Intel\TXE Components\IPT\;C:\Program Files\Git\cmd;C:\Program Files\Java\jdk-12\bin;C:\Users\днс\AppData\Local\Microsoft\WindowsApps;C:\Program Files\heroku\bin
USERNAME=днс
DISPLAY=:0.0
OS=Windows_NT
PROCESSOR_IDENTIFIER=Intel64 Family 6 Model 92 Stepping 9, GenuineIntel



---------------  S Y S T E M  ---------------

OS: Windows 10 , 64 bit Build 16299 (10.0.16299.15)

CPU:total 2 (initial active 2) (2 cores per cpu, 1 threads per core) family 6 model 92 stepping 9, cmov, cx8, fxsr, mmx, sse, sse2, sse3, ssse3, sse4.1, sse4.2, popcnt, aes, clmul, erms, 3dnowpref, tsc, tscinvbit, sha

Memory: 4k page, system-wide physical 2904M (204M free)
TotalPageFile size 4169M (AvailPageFile size 43M)
current process WorkingSet (physical memory assigned to process): 9M, peak: 9M
current process commit charge ("private bytes"): 47M, peak: 93M

vm_info: OpenJDK 64-Bit Server VM (11.0.6+8-b765.40) for windows-amd64 JRE (11.0.6+8-b765.40), built on Apr 20 2020 14:37:21 by "" with MS VC++ 14.0 (VS2015)

END.
