#
# There is insufficient memory for the Java Runtime Environment to continue.
# Native memory allocation (mmap) failed to map 44040192 bytes for Failed to commit area from 0x00000000d6a00000 to 0x00000000d9400000 of length 44040192.
# Possible reasons:
#   The system is out of physical RAM or swap space
#   The process is running with CompressedOops enabled, and the Java Heap may be blocking the growth of the native heap
# Possible solutions:
#   Reduce memory load on the system
#   Increase physical memory or swap space
#   Check if swap backing store is full
#   Decrease Java heap size (-Xmx/-Xms)
#   Decrease number of Java threads
#   Decrease Java thread stack sizes (-Xss)
#   Set larger code cache with -XX:ReservedCodeCacheSize=
#   JVM is running with Unscaled Compressed Oops mode in which the Java heap is
#     placed in the first 4GB address space. The Java Heap base address is the
#     maximum limit for the native heap growth. Please use -XX:HeapBaseMinAddress
#     to set the Java Heap base and to place the Java Heap above 4GB virtual address.
# This output file may be truncated or incomplete.
#
#  Out of Memory Error (t:/workspace/open/src/hotspot/os/windows/os_windows.cpp:3254), pid=1460, tid=7192
#
# JRE version: Java(TM) SE Runtime Environment (12.0+33) (build 12+33)
# Java VM: Java HotSpot(TM) 64-Bit Server VM (12+33, mixed mode, sharing, tiered, compressed oops, g1 gc, windows-amd64)
# No core dump will be written. Minidumps are not enabled by default on client versions of Windows
#

---------------  S U M M A R Y ------------

Command Line: -Dmaven.multiModuleProjectDirectory=D:\DANASHOP_test\cbsuperfinal -Dmaven.home=C:\Program Files\JetBrains\IntelliJ IDEA Community Edition 2018.3.5\plugins\maven\lib\maven3 -Dclassworlds.conf=C:\Program Files\JetBrains\IntelliJ IDEA Community Edition 2018.3.5\plugins\maven\lib\maven3\bin\m2.conf -javaagent:C:\Program Files\JetBrains\IntelliJ IDEA Community Edition 2018.3.5\lib\idea_rt.jar=51174:C:\Program Files\JetBrains\IntelliJ IDEA Community Edition 2018.3.5\bin -Dfile.encoding=windows-1251 org.codehaus.classworlds.Launcher -Didea.version=2018.3.5 tomcat7:run

Host: Intel(R) Celeron(R) CPU N3350 @ 1.10GHz, 2 cores, 2G,  Windows 10 , 64 bit Build 16299 (10.0.16299.15)
Time: Tue May 19 12:20:57 2020 RTZ 2 (ceia) elapsed time: 27 seconds (0d 0h 0m 27s)

---------------  T H R E A D  ---------------

Current thread (0x0000028bffd91800):  VMThread "VM Thread" [stack: 0x000000cbfe800000,0x000000cbfe900000] [id=7192]

Stack: [0x000000cbfe800000,0x000000cbfe900000]
[error occurred during error reporting (printing stack bounds), id 0xc0000005, EXCEPTION_ACCESS_VIOLATION (0xc0000005) at pc=0x0000028b88350bbd]

Native frames: (J=compiled Java code, j=interpreted, Vv=VM code, C=native code)
V  [jvm.dll+0x63948a]
V  [jvm.dll+0x78b31f]
V  [jvm.dll+0x78c9c1]
V  [jvm.dll+0x78cf75]
V  [jvm.dll+0x78cf2b]
V  [jvm.dll+0x638b84]
V  [jvm.dll+0x638f58]
C  [ntdll.dll+0xa4c3d]
C  [ntdll.dll+0x1d1b8]
C  [ntdll.dll+0xa3b6e]
C  0x0000028b88350bbd

VM_Operation (0x000000cbffbfdd80): G1CollectForAllocation, mode: safepoint, requested by thread 0x0000028b9db08800


---------------  P R O C E S S  ---------------

Threads class SMR info:
_java_thread_list=0x0000028b9f1f6da0, length=13, elements={
0x0000028bffcc4000, 0x0000028bffd98800, 0x0000028bffd9a000, 0x0000028b9bde4800,
0x0000028b9bde5800, 0x0000028b9bde8000, 0x0000028b9bdeb000, 0x0000028b9bded000,
0x0000028b9bdcc800, 0x0000028b9c0cd000, 0x0000028b9c0d1800, 0x0000028b9db65000,
0x0000028b9db08800
}

Java Threads: ( => current thread )
  0x0000028bffcc4000 JavaThread "main" [_thread_blocked, id=2068, stack(0x000000cbfe200000,0x000000cbfe300000)]
  0x0000028bffd98800 JavaThread "Reference Handler" daemon [_thread_blocked, id=6232, stack(0x000000cbfe900000,0x000000cbfea00000)]
  0x0000028bffd9a000 JavaThread "Finalizer" daemon [_thread_blocked, id=6660, stack(0x000000cbfea00000,0x000000cbfeb00000)]
  0x0000028b9bde4800 JavaThread "Signal Dispatcher" daemon [_thread_blocked, id=4968, stack(0x000000cbfec00000,0x000000cbfed00000)]
  0x0000028b9bde5800 JavaThread "Attach Listener" daemon [_thread_blocked, id=1688, stack(0x000000cbfed00000,0x000000cbfee00000)]
  0x0000028b9bde8000 JavaThread "C2 CompilerThread0" daemon [_thread_in_native, id=5004, stack(0x000000cbfee00000,0x000000cbfef00000)]
  0x0000028b9bdeb000 JavaThread "C1 CompilerThread0" daemon [_thread_blocked, id=9076, stack(0x000000cbfef00000,0x000000cbff000000)]
  0x0000028b9bded000 JavaThread "Sweeper thread" daemon [_thread_blocked, id=6804, stack(0x000000cbff000000,0x000000cbff100000)]
  0x0000028b9bdcc800 JavaThread "Common-Cleaner" daemon [_thread_blocked, id=8584, stack(0x000000cbff100000,0x000000cbff200000)]
  0x0000028b9c0cd000 JavaThread "Monitor Ctrl-Break" daemon [_thread_in_native, id=7012, stack(0x000000cbff200000,0x000000cbff300000)]
  0x0000028b9c0d1800 JavaThread "Service Thread" daemon [_thread_blocked, id=3656, stack(0x000000cbff300000,0x000000cbff400000)]
  0x0000028b9db65000 JavaThread "Tomcat-startStop-1" daemon [_thread_blocked, id=2616, stack(0x000000cbffa00000,0x000000cbffb00000)]
  0x0000028b9db08800 JavaThread "localhost-startStop-1" daemon [_thread_blocked, id=6208, stack(0x000000cbffb00000,0x000000cbffc00000)]

Other Threads:
=>0x0000028bffd91800 VMThread "VM Thread" [stack: 0x000000cbfe800000,0x000000cbfe900000] [id=7192]
  0x0000028b9c0d6800 WatcherThread [stack: 0x000000cbff400000,0x000000cbff500000] [id=5688]
  0x0000028bffce9000 GCTaskThread "GC Thread#0" [stack: 0x000000cbfe300000,0x000000cbfe400000] [id=3808]
  0x0000028b9c49b800 GCTaskThread "GC Thread#1" [stack: 0x000000cbff800000,0x000000cbff900000] [id=1464]
  0x0000028bffcf0000 ConcurrentGCThread "G1 Main Marker" [stack: 0x000000cbfe400000,0x000000cbfe500000] [id=8892]
  0x0000028bffcf1000 ConcurrentGCThread "G1 Conc#0" [stack: 0x000000cbfe500000,0x000000cbfe600000] [id=5712]
  0x0000028bffd2d000 ConcurrentGCThread "G1 Refine#0" [stack: 0x000000cbfe600000,0x000000cbfe700000] [id=7564]
  0x0000028b9c1c6000 ConcurrentGCThread "G1 Refine#1" [stack: 0x000000cbff900000,0x000000cbffa00000] [id=7380]
  0x0000028bffd2e000 ConcurrentGCThread "G1 Young RemSet Sampling" [stack: 0x000000cbfe700000,0x000000cbfe800000] [id=9176]

Threads with active compile tasks:
C2 CompilerThread0  6620       4       org.apache.tomcat.util.bcel.classfile.Attribute::readAttribute (527 bytes)

VM state:at safepoint (normal execution)

VM Mutex/Monitor currently owned by a thread:  ([mutex/lock_event])
[0x0000028bffcc1640] Threads_lock - owner thread: 0x0000028bffd91800
[0x0000028bffcc0440] Heap_lock - owner thread: 0x0000028b9db08800

Heap address: 0x00000000d2800000, size: 728 MB, Compressed Oops mode: 32-bit
Narrow klass base: 0x0000000800000000, Narrow klass shift: 3
Compressed class space size: 1073741824 Address: 0x00000008011a0000

Heap:
 garbage-first heap   total 110592K, used 31588K [0x00000000d2800000, 0x0000000100000000)
  region size 1024K, 3 young (3072K), 3 survivors (3072K)
 Metaspace       used 32889K, capacity 33771K, committed 35376K, reserved 1081344K
  class space    used 3668K, capacity 4007K, committed 4224K, reserved 1048576K
Heap Regions: E=young(eden), S=young(survivor), O=old, HS=humongous(starts), HC=humongous(continues), CS=collection set, F=free, A=archive, TAMS=top-at-mark-start (previous, next)
|   0|0x00000000d2800000, 0x00000000d2900000, 0x00000000d2900000|100%| O|  |TAMS 0x00000000d2900000, 0x00000000d2800000| Untracked 
|   1|0x00000000d2900000, 0x00000000d2a00000, 0x00000000d2a00000|100%| O|  |TAMS 0x00000000d2a00000, 0x00000000d2900000| Untracked 
|   2|0x00000000d2a00000, 0x00000000d2b00000, 0x00000000d2b00000|100%| O|  |TAMS 0x00000000d2b00000, 0x00000000d2a00000| Untracked 
|   3|0x00000000d2b00000, 0x00000000d2c00000, 0x00000000d2c00000|100%| O|  |TAMS 0x00000000d2c00000, 0x00000000d2b00000| Untracked 
|   4|0x00000000d2c00000, 0x00000000d2d00000, 0x00000000d2d00000|100%| O|  |TAMS 0x00000000d2d00000, 0x00000000d2c00000| Untracked 
|   5|0x00000000d2d00000, 0x00000000d2e00000, 0x00000000d2e00000|100%| O|  |TAMS 0x00000000d2e00000, 0x00000000d2d00000| Untracked 
|   6|0x00000000d2e00000, 0x00000000d2f00000, 0x00000000d2f00000|100%| O|  |TAMS 0x00000000d2f00000, 0x00000000d2e00000| Untracked 
|   7|0x00000000d2f00000, 0x00000000d3000000, 0x00000000d3000000|100%| O|  |TAMS 0x00000000d3000000, 0x00000000d2f00000| Untracked 
|   8|0x00000000d3000000, 0x00000000d3100000, 0x00000000d3100000|100%| O|  |TAMS 0x00000000d3100000, 0x00000000d3000000| Untracked 
|   9|0x00000000d3100000, 0x00000000d3200000, 0x00000000d3200000|100%| O|  |TAMS 0x00000000d3200000, 0x00000000d3100000| Untracked 
|  10|0x00000000d3200000, 0x00000000d3300000, 0x00000000d3300000|100%| O|  |TAMS 0x00000000d3300000, 0x00000000d3200000| Untracked 
|  11|0x00000000d3300000, 0x00000000d3400000, 0x00000000d3400000|100%| O|  |TAMS 0x00000000d3400000, 0x00000000d3300000| Untracked 
|  12|0x00000000d3400000, 0x00000000d3500000, 0x00000000d3500000|100%| O|  |TAMS 0x00000000d3500000, 0x00000000d3400000| Untracked 
|  13|0x00000000d3500000, 0x00000000d3600000, 0x00000000d3600000|100%| O|  |TAMS 0x00000000d3600000, 0x00000000d3500000| Untracked 
|  14|0x00000000d3600000, 0x00000000d3700000, 0x00000000d3700000|100%| O|  |TAMS 0x00000000d3700000, 0x00000000d3600000| Untracked 
|  15|0x00000000d3700000, 0x00000000d3800000, 0x00000000d3800000|100%| O|  |TAMS 0x00000000d3800000, 0x00000000d3700000| Untracked 
|  16|0x00000000d3800000, 0x00000000d3900000, 0x00000000d3900000|100%| O|  |TAMS 0x00000000d3900000, 0x00000000d3800000| Untracked 
|  17|0x00000000d3900000, 0x00000000d3a00000, 0x00000000d3a00000|100%| O|  |TAMS 0x00000000d3a00000, 0x00000000d3900000| Untracked 
|  18|0x00000000d3a00000, 0x00000000d3b00000, 0x00000000d3b00000|100%| O|  |TAMS 0x00000000d3a8e200, 0x00000000d3a00000| Untracked 
|  19|0x00000000d3b00000, 0x00000000d3c00000, 0x00000000d3c00000|100%| O|  |TAMS 0x00000000d3c00000, 0x00000000d3b00000| Untracked 
|  20|0x00000000d3c00000, 0x00000000d3d00000, 0x00000000d3d00000|100%| O|  |TAMS 0x00000000d3d00000, 0x00000000d3c00000| Untracked 
|  21|0x00000000d3d00000, 0x00000000d3e00000, 0x00000000d3e00000|100%| O|  |TAMS 0x00000000d3e00000, 0x00000000d3d00000| Untracked 
|  22|0x00000000d3e00000, 0x00000000d3f00000, 0x00000000d3f00000|100%| O|  |TAMS 0x00000000d3f00000, 0x00000000d3e00000| Untracked 
|  23|0x00000000d3f00000, 0x00000000d4000000, 0x00000000d4000000|100%| O|  |TAMS 0x00000000d4000000, 0x00000000d3f00000| Untracked 
|  24|0x00000000d4000000, 0x00000000d4100000, 0x00000000d4100000|100%| O|  |TAMS 0x00000000d4000000, 0x00000000d4000000| Untracked 
|  25|0x00000000d4100000, 0x00000000d4200000, 0x00000000d4200000|100%| O|  |TAMS 0x00000000d4100000, 0x00000000d4100000| Untracked 
|  26|0x00000000d4200000, 0x00000000d4300000, 0x00000000d4300000|100%| O|  |TAMS 0x00000000d4200000, 0x00000000d4200000| Untracked 
|  27|0x00000000d4300000, 0x00000000d4390200, 0x00000000d4400000| 56%| O|  |TAMS 0x00000000d4300000, 0x00000000d4300000| Untracked 
|  28|0x00000000d4400000, 0x00000000d4500000, 0x00000000d4500000|100%| O|  |TAMS 0x00000000d4500000, 0x00000000d4400000| Untracked 
|  29|0x00000000d4500000, 0x00000000d4500000, 0x00000000d4600000|  0%| F|  |TAMS 0x00000000d4500000, 0x00000000d4500000| Untracked 
|  30|0x00000000d4600000, 0x00000000d4600000, 0x00000000d4700000|  0%| F|  |TAMS 0x00000000d4600000, 0x00000000d4600000| Untracked 
|  31|0x00000000d4700000, 0x00000000d4700000, 0x00000000d4800000|  0%| F|  |TAMS 0x00000000d4700000, 0x00000000d4700000| Untracked 
|  32|0x00000000d4800000, 0x00000000d4800000, 0x00000000d4900000|  0%| F|  |TAMS 0x00000000d4800000, 0x00000000d4800000| Untracked 
|  33|0x00000000d4900000, 0x00000000d4900000, 0x00000000d4a00000|  0%| F|  |TAMS 0x00000000d4900000, 0x00000000d4900000| Untracked 
|  34|0x00000000d4a00000, 0x00000000d4a00000, 0x00000000d4b00000|  0%| F|  |TAMS 0x00000000d4a00000, 0x00000000d4a00000| Untracked 
|  35|0x00000000d4b00000, 0x00000000d4b00000, 0x00000000d4c00000|  0%| F|  |TAMS 0x00000000d4b00000, 0x00000000d4b00000| Untracked 
|  36|0x00000000d4c00000, 0x00000000d4c00000, 0x00000000d4d00000|  0%| F|  |TAMS 0x00000000d4c00000, 0x00000000d4c00000| Untracked 
|  37|0x00000000d4d00000, 0x00000000d4d00000, 0x00000000d4e00000|  0%| F|  |TAMS 0x00000000d4d00000, 0x00000000d4d00000| Untracked 
|  38|0x00000000d4e00000, 0x00000000d4e00000, 0x00000000d4f00000|  0%| F|  |TAMS 0x00000000d4e00000, 0x00000000d4e00000| Untracked 
|  39|0x00000000d4f00000, 0x00000000d4f49140, 0x00000000d5000000| 28%| S|CS|TAMS 0x00000000d4f00000, 0x00000000d4f00000| Complete 
|  40|0x00000000d5000000, 0x00000000d5100000, 0x00000000d5100000|100%| S|CS|TAMS 0x00000000d5000000, 0x00000000d5000000| Complete 
|  41|0x00000000d5100000, 0x00000000d5100000, 0x00000000d5200000|  0%| F|  |TAMS 0x00000000d5100000, 0x00000000d5100000| Untracked 
|  42|0x00000000d5200000, 0x00000000d5200000, 0x00000000d5300000|  0%| F|  |TAMS 0x00000000d5200000, 0x00000000d5200000| Untracked 
|  43|0x00000000d5300000, 0x00000000d5400000, 0x00000000d5400000|100%| S|CS|TAMS 0x00000000d5300000, 0x00000000d5300000| Complete 
|  44|0x00000000d5400000, 0x00000000d5400000, 0x00000000d5500000|  0%| F|  |TAMS 0x00000000d5400000, 0x00000000d5400000| Untracked 
|  45|0x00000000d5500000, 0x00000000d5500000, 0x00000000d5600000|  0%| F|  |TAMS 0x00000000d5500000, 0x00000000d5500000| Untracked 
|  46|0x00000000d5600000, 0x00000000d5600000, 0x00000000d5700000|  0%| F|  |TAMS 0x00000000d5600000, 0x00000000d5600000| Untracked 
|  47|0x00000000d5700000, 0x00000000d5700000, 0x00000000d5800000|  0%| F|  |TAMS 0x00000000d5700000, 0x00000000d5700000| Untracked 
|  48|0x00000000d5800000, 0x00000000d5800000, 0x00000000d5900000|  0%| F|  |TAMS 0x00000000d5800000, 0x00000000d5800000| Untracked 
|  49|0x00000000d5900000, 0x00000000d5900000, 0x00000000d5a00000|  0%| F|  |TAMS 0x00000000d5900000, 0x00000000d5900000| Untracked 
|  50|0x00000000d5a00000, 0x00000000d5a00000, 0x00000000d5b00000|  0%| F|  |TAMS 0x00000000d5a00000, 0x00000000d5a00000| Untracked 
|  51|0x00000000d5b00000, 0x00000000d5b00000, 0x00000000d5c00000|  0%| F|  |TAMS 0x00000000d5b00000, 0x00000000d5b00000| Untracked 
|  52|0x00000000d5c00000, 0x00000000d5c00000, 0x00000000d5d00000|  0%| F|  |TAMS 0x00000000d5c00000, 0x00000000d5c00000| Untracked 
|  53|0x00000000d5d00000, 0x00000000d5d00000, 0x00000000d5e00000|  0%| F|  |TAMS 0x00000000d5d00000, 0x00000000d5d00000| Untracked 
|  54|0x00000000d5e00000, 0x00000000d5e00000, 0x00000000d5f00000|  0%| F|  |TAMS 0x00000000d5e00000, 0x00000000d5e00000| Untracked 
|  55|0x00000000d5f00000, 0x00000000d5f00000, 0x00000000d6000000|  0%| F|  |TAMS 0x00000000d5f00000, 0x00000000d5f00000| Untracked 
|  56|0x00000000d6000000, 0x00000000d6000000, 0x00000000d6100000|  0%| F|  |TAMS 0x00000000d6000000, 0x00000000d6000000| Untracked 
|  57|0x00000000d6100000, 0x00000000d6100000, 0x00000000d6200000|  0%| F|  |TAMS 0x00000000d6100000, 0x00000000d6100000| Untracked 
|  58|0x00000000d6200000, 0x00000000d6200000, 0x00000000d6300000|  0%| F|  |TAMS 0x00000000d6200000, 0x00000000d6200000| Untracked 
|  59|0x00000000d6300000, 0x00000000d6300000, 0x00000000d6400000|  0%| F|  |TAMS 0x00000000d6300000, 0x00000000d6300000| Untracked 
|  60|0x00000000d6400000, 0x00000000d6400000, 0x00000000d6500000|  0%| F|  |TAMS 0x00000000d6400000, 0x00000000d6400000| Untracked 
|  61|0x00000000d6500000, 0x00000000d6500000, 0x00000000d6600000|  0%| F|  |TAMS 0x00000000d6500000, 0x00000000d6500000| Untracked 
|  62|0x00000000d6600000, 0x00000000d6600000, 0x00000000d6700000|  0%| F|  |TAMS 0x00000000d6600000, 0x00000000d6600000| Untracked 
|  63|0x00000000d6700000, 0x00000000d6700000, 0x00000000d6800000|  0%| F|  |TAMS 0x00000000d6700000, 0x00000000d6700000| Untracked 
|  64|0x00000000d6800000, 0x00000000d6800000, 0x00000000d6900000|  0%| F|  |TAMS 0x00000000d6800000, 0x00000000d6800000| Untracked 
|  65|0x00000000d6900000, 0x00000000d6900000, 0x00000000d6a00000|  0%| F|  |TAMS 0x00000000d6900000, 0x00000000d6900000| Untracked 

Card table byte_map: [0x0000028b978d0000,0x0000028b97a40000] _byte_map_base: 0x0000028b9723c000

Marking Bits (Prev, Next): (CMBitMap*) 0x0000028bffcead98, (CMBitMap*) 0x0000028bffcead58
 Prev Bits: [0x0000028b98710000, 0x0000028b99270000)
 Next Bits: [0x0000028b97bb0000, 0x0000028b98710000)

Polling page: 0x0000028b80000000

Metaspace:

Usage:
  Non-class:     29.07 MB capacity,    28.54 MB ( 98%) used,   466.55 KB (  2%) free+waste,    76.38 KB ( <1%) overhead. 
      Class:      3.91 MB capacity,     3.58 MB ( 92%) used,   304.22 KB (  8%) free+waste,    34.38 KB ( <1%) overhead. 
       Both:     32.98 MB capacity,    32.12 MB ( 97%) used,   770.77 KB (  2%) free+waste,   110.75 KB ( <1%) overhead. 

Virtual space:
  Non-class space:       32.00 MB reserved,      30.42 MB ( 95%) committed 
      Class space:        1.00 GB reserved,       4.13 MB ( <1%) committed 
             Both:        1.03 GB reserved,      34.55 MB (  3%) committed 

Chunk freelists:
   Non-Class:  157.50 KB
       Class:  27.13 KB
        Both:  184.63 KB

CodeHeap 'non-profiled nmethods': size=120064Kb used=2684Kb max_used=2684Kb free=117379Kb
 bounds [0x0000028b8fe10000, 0x0000028b900d0000, 0x0000028b97350000]
CodeHeap 'profiled nmethods': size=120000Kb used=13120Kb max_used=14160Kb free=106879Kb
 bounds [0x0000028b888e0000, 0x0000028b896c0000, 0x0000028b8fe10000]
CodeHeap 'non-nmethods': size=5696Kb used=1195Kb max_used=1272Kb free=4500Kb
 bounds [0x0000028b88350000, 0x0000028b885c0000, 0x0000028b888e0000]
 total_blobs=8362 nmethods=5666 adapters=453
 compilation: enabled
              stopped_count=0, restarted_count=0
 full_count=0

Compilation events (10 events):
Event: 27.396 Thread 0x0000028b9bdeb000 6645       1       org.apache.catalina.deploy.SessionConfig::getCookieSecure (5 bytes)
Event: 27.396 Thread 0x0000028b9bdeb000 nmethod 6645 0x0000028b8ffb7590 code [0x0000028b8ffb7740, 0x0000028b8ffb7878]
Event: 27.396 Thread 0x0000028b9bdeb000 6646       1       org.apache.catalina.deploy.SessionConfig::getCookieMaxAge (5 bytes)
Event: 27.396 Thread 0x0000028b9bdeb000 nmethod 6646 0x0000028b8ffd0790 code [0x0000028b8ffd0940, 0x0000028b8ffd0a78]
Event: 27.396 Thread 0x0000028b9bdeb000 6647       1       org.apache.catalina.deploy.WebXml::getTaglibs (5 bytes)
Event: 27.396 Thread 0x0000028b9bdeb000 nmethod 6647 0x0000028b8ffd3b90 code [0x0000028b8ffd3d40, 0x0000028b8ffd3e78]
Event: 27.396 Thread 0x0000028b9bdeb000 6648       1       org.apache.catalina.deploy.WebXml::getPostConstructMethods (5 bytes)
Event: 27.396 Thread 0x0000028b9bdeb000 nmethod 6648 0x0000028b8ffd3810 code [0x0000028b8ffd39c0, 0x0000028b8ffd3af8]
Event: 27.396 Thread 0x0000028b9bdeb000 6649       1       org.apache.catalina.deploy.WebXml::getPreDestroyMethods (5 bytes)
Event: 27.396 Thread 0x0000028b9bdeb000 nmethod 6649 0x0000028b8ffd3490 code [0x0000028b8ffd3640, 0x0000028b8ffd3778]

GC Heap History (10 events):
Event: 26.346 GC heap after
{Heap after GC invocations=29 (full 0):
 garbage-first heap   total 54272K, used 26583K [0x00000000d2800000, 0x0000000100000000)
  region size 1024K, 1 young (1024K), 1 survivors (1024K)
 Metaspace       used 32871K, capacity 33707K, committed 35376K, reserved 1081344K
  class space    used 3667K, capacity 4007K, committed 4224K, reserved 1048576K
}
Event: 26.518 GC heap before
{Heap before GC invocations=29 (full 0):
 garbage-first heap   total 54272K, used 41943K [0x00000000d2800000, 0x0000000100000000)
  region size 1024K, 16 young (16384K), 1 survivors (1024K)
 Metaspace       used 32872K, capacity 33707K, committed 35376K, reserved 1081344K
  class space    used 3667K, capacity 4007K, committed 4224K, reserved 1048576K
}
Event: 26.528 GC heap after
{Heap after GC invocations=30 (full 0):
 garbage-first heap   total 67584K, used 27563K [0x00000000d2800000, 0x0000000100000000)
  region size 1024K, 2 young (2048K), 2 survivors (2048K)
 Metaspace       used 32872K, capacity 33707K, committed 35376K, reserved 1081344K
  class space    used 3667K, capacity 4007K, committed 4224K, reserved 1048576K
}
Event: 26.921 GC heap before
{Heap before GC invocations=31 (full 0):
 garbage-first heap   total 67584K, used 51115K [0x00000000d2800000, 0x0000000100000000)
  region size 1024K, 25 young (25600K), 2 survivors (2048K)
 Metaspace       used 32880K, capacity 33707K, committed 35376K, reserved 1081344K
  class space    used 3667K, capacity 4007K, committed 4224K, reserved 1048576K
}
Event: 26.935 GC heap after
{Heap after GC invocations=32 (full 0):
 garbage-first heap   total 67584K, used 29090K [0x00000000d2800000, 0x0000000100000000)
  region size 1024K, 3 young (3072K), 3 survivors (3072K)
 Metaspace       used 32880K, capacity 33707K, committed 35376K, reserved 1081344K
  class space    used 3667K, capacity 4007K, committed 4224K, reserved 1048576K
}
Event: 26.947 GC heap before
{Heap before GC invocations=32 (full 0):
 garbage-first heap   total 67584K, used 30114K [0x00000000d2800000, 0x0000000100000000)
  region size 1024K, 4 young (4096K), 3 survivors (3072K)
 Metaspace       used 32880K, capacity 33707K, committed 35376K, reserved 1081344K
  class space    used 3667K, capacity 4007K, committed 4224K, reserved 1048576K
}
Event: 26.959 GC heap after
{Heap after GC invocations=33 (full 0):
 garbage-first heap   total 67584K, used 28418K [0x00000000d2800000, 0x0000000100000000)
  region size 1024K, 1 young (1024K), 1 survivors (1024K)
 Metaspace       used 32880K, capacity 33707K, committed 35376K, reserved 1081344K
  class space    used 3667K, capacity 4007K, committed 4224K, reserved 1048576K
}
Event: 27.215 GC heap before
{Heap before GC invocations=33 (full 0):
 garbage-first heap   total 67584K, used 50946K [0x00000000d2800000, 0x0000000100000000)
  region size 1024K, 23 young (23552K), 1 survivors (1024K)
 Metaspace       used 32888K, capacity 33771K, committed 35376K, reserved 1081344K
  class space    used 3668K, capacity 4007K, committed 4224K, reserved 1048576K
}
Event: 27.226 GC heap after
{Heap after GC invocations=34 (full 0):
 garbage-first heap   total 67584K, used 29800K [0x00000000d2800000, 0x0000000100000000)
  region size 1024K, 2 young (2048K), 2 survivors (2048K)
 Metaspace       used 32888K, capacity 33771K, committed 35376K, reserved 1081344K
  class space    used 3668K, capacity 4007K, committed 4224K, reserved 1048576K
}
Event: 27.464 GC heap before
{Heap before GC invocations=34 (full 0):
 garbage-first heap   total 67584K, used 52328K [0x00000000d2800000, 0x0000000100000000)
  region size 1024K, 24 young (24576K), 2 survivors (2048K)
 Metaspace       used 32889K, capacity 33771K, committed 35376K, reserved 1081344K
  class space    used 3668K, capacity 4007K, committed 4224K, reserved 1048576K
}

Deoptimization events (10 events):
Event: 23.491 Thread 0x0000028b9db08800 Uncommon trap: reason=unstable_if action=reinterpret pc=0x0000028b8ff79cd8 method=java.net.URL.<init>(Ljava/net/URL;Ljava/lang/String;Ljava/net/URLStreamHandler;)V @ 30 c2
Event: 23.658 Thread 0x0000028b9db08800 Uncommon trap: reason=unstable_if action=reinterpret pc=0x0000028b8fe91c0c method=java.lang.String.lastIndexOf(II)I @ 4 c2
Event: 23.863 Thread 0x0000028b9db08800 Uncommon trap: reason=profile_predicate action=maybe_recompile pc=0x0000028b9003dea8 method=org.apache.tomcat.util.file.Matcher.tokenizePathAsArray(Ljava/lang/String;)[Ljava/lang/String; @ 79 c2
Event: 23.863 Thread 0x0000028b9db08800 Uncommon trap: reason=profile_predicate action=maybe_recompile pc=0x0000028b9003dea8 method=org.apache.tomcat.util.file.Matcher.tokenizePathAsArray(Ljava/lang/String;)[Ljava/lang/String; @ 79 c2
Event: 23.863 Thread 0x0000028b9db08800 Uncommon trap: reason=profile_predicate action=maybe_recompile pc=0x0000028b9003dea8 method=org.apache.tomcat.util.file.Matcher.tokenizePathAsArray(Ljava/lang/String;)[Ljava/lang/String; @ 79 c2
Event: 23.863 Thread 0x0000028b9db08800 Uncommon trap: reason=profile_predicate action=maybe_recompile pc=0x0000028b9003dea8 method=org.apache.tomcat.util.file.Matcher.tokenizePathAsArray(Ljava/lang/String;)[Ljava/lang/String; @ 79 c2
Event: 24.243 Thread 0x0000028b9db08800 Uncommon trap: reason=unstable_if action=reinterpret pc=0x0000028b90098b54 method=java.io.DataInputStream.readUTF(Ljava/io/DataInput;)Ljava/lang/String; @ 154 c2
Event: 24.454 Thread 0x0000028b9db08800 Uncommon trap: reason=unstable_if action=reinterpret pc=0x0000028b8ff12f0c method=org.codehaus.plexus.classworlds.realm.Entry.matches(Ljava/lang/String;)Z @ 209 c2
Event: 24.800 Thread 0x0000028b9db08800 Uncommon trap: reason=unstable_if action=reinterpret pc=0x0000028b8ff106d0 method=java.util.LinkedHashMap.afterNodeInsertion(Z)V @ 18 c2
Event: 26.974 Thread 0x0000028b9db08800 Uncommon trap: reason=unstable_if action=reinterpret pc=0x0000028b900ad90c method=org.apache.tomcat.util.bcel.classfile.Attribute.readAttribute(Ljava/io/DataInputStream;Lorg/apache/tomcat/util/bcel/classfile/ConstantPool;)Lorg/apache/tomcat/util/bcel/clas

Classes redefined (0 events):
No events

Internal exceptions (10 events):
Event: 19.638 Thread 0x0000028bffcc4000 Exception <a 'java/io/FileNotFoundException'{0x00000000d5170590}> (0x00000000d5170590) thrown at [t:/workspace/open/src/hotspot/share/prims/jni.cpp, line 615]
Event: 19.925 Thread 0x0000028bffcc4000 Exception <a 'java/lang/NoSuchMethodError'{0x00000000d5092918}: java.lang.invoke.DirectMethodHandle$Holder.invokeStaticInit(Ljava/lang/Object;Ljava/lang/Object;IIII)Ljava/lang/Object;> (0x00000000d5092918) thrown at [t:/workspace/open/src/hotspot/share/in
Event: 20.464 Thread 0x0000028bffcc4000 Exception <a 'java/lang/NoSuchMethodError'{0x00000000d49366c8}: java.lang.invoke.DirectMethodHandle$Holder.invokeStaticInit(Ljava/lang/Object;Ljava/lang/Object;Ljava/lang/Object;)Ljava/lang/Object;> (0x00000000d49366c8) thrown at [t:/workspace/open/src/ho
Event: 20.466 Thread 0x0000028bffcc4000 Exception <a 'java/lang/NoSuchMethodError'{0x00000000d493e798}: java.lang.invoke.DirectMethodHandle$Holder.invokeStatic(Ljava/lang/Object;Ljava/lang/Object;Ljava/lang/Object;Ljava/lang/Object;Ljava/lang/Object;Ljava/lang/Object;)V> (0x00000000d493e798) th
Event: 20.478 Thread 0x0000028bffcc4000 Exception <a 'java/lang/NoSuchMethodError'{0x00000000d494ecc8}: java.lang.invoke.DirectMethodHandle$Holder.invokeInterface(Ljava/lang/Object;Ljava/lang/Object;)I> (0x00000000d494ecc8) thrown at [t:/workspace/open/src/hotspot/share/interpreter/linkResolver
Event: 20.480 Thread 0x0000028bffcc4000 Exception <a 'java/lang/IncompatibleClassChangeError'{0x00000000d49517e8}: Found class java.lang.Object, but interface was expected> (0x00000000d49517e8) thrown at [t:/workspace/open/src/hotspot/share/interpreter/linkResolver.cpp, line 843]
Event: 20.653 Thread 0x0000028bffcc4000 Exception <a 'java/lang/NoSuchMethodError'{0x00000000d5c03220}: java.lang.invoke.DirectMethodHandle$Holder.invokeStatic(Ljava/lang/Object;Ljava/lang/Object;Ljava/lang/Object;Ljava/lang/Object;Ljava/lang/Object;)V> (0x00000000d5c03220) thrown at [t:/worksp
Event: 22.008 Thread 0x0000028bffcc4000 Exception <a 'java/lang/ClassNotFoundException'{0x00000000d55c6570}: sun/util/logging/resources/spi/loggingProvider> (0x00000000d55c6570) thrown at [t:/workspace/open/src/hotspot/share/classfile/systemDictionary.cpp, line 235]
Event: 23.294 Thread 0x0000028b9db08800 Implicit null exception at 0x0000028b8fe46524 to 0x0000028b8fe46aaa
Event: 23.294 Thread 0x0000028b9db08800 Implicit null exception at 0x0000028b8fe474a4 to 0x0000028b8fe47a0a

Events (10 events):
Event: 27.382 Thread 0x0000028b9db08800 DEOPT UNPACKING pc=0x0000028b88378e3f sp=0x000000cbffbfd9d8 mode 0
Event: 27.404 Thread 0x0000028b9db08800 DEOPT PACKING pc=0x0000028b88af3653 sp=0x000000cbffbfe520
Event: 27.404 Thread 0x0000028b9db08800 DEOPT UNPACKING pc=0x0000028b88378e3f sp=0x000000cbffbfd9d8 mode 0
Event: 27.427 Thread 0x0000028b9db08800 DEOPT PACKING pc=0x0000028b88af3653 sp=0x000000cbffbfe520
Event: 27.427 Thread 0x0000028b9db08800 DEOPT UNPACKING pc=0x0000028b88378e3f sp=0x000000cbffbfd9d8 mode 0
Event: 27.449 Thread 0x0000028b9db08800 DEOPT PACKING pc=0x0000028b88af3653 sp=0x000000cbffbfe520
Event: 27.449 Thread 0x0000028b9db08800 DEOPT UNPACKING pc=0x0000028b88378e3f sp=0x000000cbffbfd9d8 mode 0
Event: 27.462 Thread 0x0000028b9db08800 DEOPT PACKING pc=0x0000028b88af3653 sp=0x000000cbffbfe520
Event: 27.462 Thread 0x0000028b9db08800 DEOPT UNPACKING pc=0x0000028b88378e3f sp=0x000000cbffbfd9d8 mode 0
Event: 27.464 Executing VM operation: G1CollectForAllocation


Dynamic libraries:
0x00007ff79f3d0000 - 0x00007ff79f3df000 	C:\Program Files\Java\jdk-12\bin\java.exe
0x00007ffa05710000 - 0x00007ffa058f0000 	C:\WINDOWS\SYSTEM32\ntdll.dll
0x00007ffa05630000 - 0x00007ffa056de000 	C:\WINDOWS\System32\KERNEL32.DLL
0x00007ffa01bb0000 - 0x00007ffa01e16000 	C:\WINDOWS\System32\KERNELBASE.dll
0x00007ffa020c0000 - 0x00007ffa021b6000 	C:\WINDOWS\System32\ucrtbase.dll
0x00007ff9ed740000 - 0x00007ff9ed758000 	C:\Program Files\Java\jdk-12\bin\jli.dll
0x00007ffa048c0000 - 0x00007ffa04961000 	C:\WINDOWS\System32\ADVAPI32.dll
0x00007ffa02d00000 - 0x00007ffa02d9d000 	C:\WINDOWS\System32\msvcrt.dll
0x00007ffa04ed0000 - 0x00007ffa04f2b000 	C:\WINDOWS\System32\sechost.dll
0x00007ffa02be0000 - 0x00007ffa02cff000 	C:\WINDOWS\System32\RPCRT4.dll
0x00007ff9ed720000 - 0x00007ff9ed736000 	C:\Program Files\Java\jdk-12\bin\VCRUNTIME140.dll
0x00007ffa04fe0000 - 0x00007ffa0516f000 	C:\WINDOWS\System32\USER32.dll
0x00007ffa02bc0000 - 0x00007ffa02be0000 	C:\WINDOWS\System32\win32u.dll
0x00007ffa05290000 - 0x00007ffa052b8000 	C:\WINDOWS\System32\GDI32.dll
0x00007ffa01f20000 - 0x00007ffa020b4000 	C:\WINDOWS\System32\gdi32full.dll
0x00007ffa01b10000 - 0x00007ffa01bab000 	C:\WINDOWS\System32\msvcp_win.dll
0x00007ff9f3970000 - 0x00007ff9f3bd9000 	C:\WINDOWS\WinSxS\amd64_microsoft.windows.common-controls_6595b64144ccf1df_6.0.16299.64_none_cc9304e22215ca8f\COMCTL32.dll
0x00007ffa05320000 - 0x00007ffa05628000 	C:\WINDOWS\System32\combase.dll
0x00007ffa02b40000 - 0x00007ffa02bb2000 	C:\WINDOWS\System32\bcryptPrimitives.dll
0x00007ff9fc7b0000 - 0x00007ff9fc7ba000 	C:\WINDOWS\SYSTEM32\VERSION.dll
0x00007ffa04680000 - 0x00007ffa046ad000 	C:\WINDOWS\System32\IMM32.DLL
0x00007ff9ed4f0000 - 0x00007ff9ed59a000 	C:\Program Files\Java\jdk-12\bin\msvcp140.dll
0x00007ff9d3640000 - 0x00007ff9d41b4000 	C:\Program Files\Java\jdk-12\bin\server\jvm.dll
0x00007ffa04670000 - 0x00007ffa04678000 	C:\WINDOWS\System32\PSAPI.DLL
0x00007ff9f6070000 - 0x00007ff9f6079000 	C:\WINDOWS\SYSTEM32\WSOCK32.dll
0x00007ffa04600000 - 0x00007ffa0466c000 	C:\WINDOWS\System32\WS2_32.dll
0x00007ff9ff250000 - 0x00007ff9ff273000 	C:\WINDOWS\SYSTEM32\WINMM.dll
0x00007ff9ff1c0000 - 0x00007ff9ff1ea000 	C:\WINDOWS\SYSTEM32\WINMMBASE.dll
0x00007ffa01e20000 - 0x00007ffa01e6a000 	C:\WINDOWS\System32\cfgmgr32.dll
0x00007ffa01a60000 - 0x00007ffa01a71000 	C:\WINDOWS\System32\kernel.appcore.dll
0x00007ff9ed6c0000 - 0x00007ff9ed6d1000 	C:\Program Files\Java\jdk-12\bin\verify.dll
0x00007ffa00540000 - 0x00007ffa00708000 	C:\WINDOWS\SYSTEM32\DBGHELP.DLL
0x00007ff9f3f80000 - 0x00007ff9f3fa9000 	C:\WINDOWS\SYSTEM32\dbgcore.DLL
0x00007ff9ed4c0000 - 0x00007ff9ed4e6000 	C:\Program Files\Java\jdk-12\bin\java.dll
0x00007ff9ee330000 - 0x00007ff9ee33e000 	C:\Program Files\Java\jdk-12\bin\instrument.dll
0x00007ff9ed4a0000 - 0x00007ff9ed4b7000 	C:\Program Files\Java\jdk-12\bin\zip.dll
0x00007ff9ee2e0000 - 0x00007ff9ee2ea000 	C:\Program Files\Java\jdk-12\bin\jimage.dll
0x00007ffa02e00000 - 0x00007ffa04237000 	C:\WINDOWS\System32\SHELL32.dll
0x00007ffa04f30000 - 0x00007ffa04fd6000 	C:\WINDOWS\System32\shcore.dll
0x00007ffa021c0000 - 0x00007ffa02907000 	C:\WINDOWS\System32\windows.storage.dll
0x00007ffa02da0000 - 0x00007ffa02df1000 	C:\WINDOWS\System32\shlwapi.dll
0x00007ffa01ac0000 - 0x00007ffa01b0c000 	C:\WINDOWS\System32\powrprof.dll
0x00007ffa01aa0000 - 0x00007ffa01abb000 	C:\WINDOWS\System32\profapi.dll
0x00007ff9ed480000 - 0x00007ff9ed499000 	C:\Program Files\Java\jdk-12\bin\net.dll
0x00007ff9f9990000 - 0x00007ff9f9a6e000 	C:\WINDOWS\SYSTEM32\WINHTTP.dll
0x00007ff9f1020000 - 0x00007ff9f11ec000 	C:\WINDOWS\SYSTEM32\urlmon.dll
0x00007ffa043c0000 - 0x00007ffa043dd000 	C:\WINDOWS\System32\imagehlp.dll
0x00007ff9f6470000 - 0x00007ff9f6709000 	C:\WINDOWS\SYSTEM32\iertutil.dll
0x00007ffa014b0000 - 0x00007ffa014bb000 	C:\WINDOWS\SYSTEM32\CRYPTBASE.DLL
0x00007ffa012f0000 - 0x00007ffa01356000 	C:\WINDOWS\system32\mswsock.dll
0x00007ff9ed400000 - 0x00007ff9ed413000 	C:\Program Files\Java\jdk-12\bin\nio.dll
0x00007ff9ed3e0000 - 0x00007ff9ed3fa000 	C:\Program Files\JetBrains\IntelliJ IDEA Community Edition 2018.3.5\bin\breakgen64.dll
0x00007ffa014c0000 - 0x00007ffa014d7000 	C:\WINDOWS\SYSTEM32\CRYPTSP.dll
0x00007ffa00f00000 - 0x00007ffa00f33000 	C:\WINDOWS\system32\rsaenh.dll
0x00007ffa015c0000 - 0x00007ffa015e5000 	C:\WINDOWS\SYSTEM32\bcrypt.dll
0x00007ffa01990000 - 0x00007ffa019b9000 	C:\WINDOWS\SYSTEM32\USERENV.dll
0x00007ffa01080000 - 0x00007ffa010b9000 	C:\WINDOWS\SYSTEM32\IPHLPAPI.DLL
0x00007ffa04240000 - 0x00007ffa04248000 	C:\WINDOWS\System32\NSI.dll
0x00007ff9fb360000 - 0x00007ff9fb376000 	C:\WINDOWS\SYSTEM32\dhcpcsvc6.DLL
0x00007ff9fb450000 - 0x00007ff9fb46a000 	C:\WINDOWS\SYSTEM32\dhcpcsvc.DLL
0x00007ff9edf60000 - 0x00007ff9edf69000 	C:\Program Files\Java\jdk-12\bin\management.dll
0x00007ff9edba0000 - 0x00007ff9edbac000 	C:\Program Files\Java\jdk-12\bin\management_ext.dll

dbghelp: loaded successfully - version: 4.0.5 - missing functions: none
symbol engine: initialized successfully - sym options: 0x614 - pdb path: .;C:\Program Files\Java\jdk-12\bin;C:\WINDOWS\SYSTEM32;C:\WINDOWS\WinSxS\amd64_microsoft.windows.common-controls_6595b64144ccf1df_6.0.16299.64_none_cc9304e22215ca8f;C:\Program Files\Java\jdk-12\bin\server;C:\Program Files\JetBrains\IntelliJ IDEA Community Edition 2018.3.5\bin

VM Arguments:
jvm_args: -Dmaven.multiModuleProjectDirectory=D:\DANASHOP_test\cbsuperfinal -Dmaven.home=C:\Program Files\JetBrains\IntelliJ IDEA Community Edition 2018.3.5\plugins\maven\lib\maven3 -Dclassworlds.conf=C:\Program Files\JetBrains\IntelliJ IDEA Community Edition 2018.3.5\plugins\maven\lib\maven3\bin\m2.conf -javaagent:C:\Program Files\JetBrains\IntelliJ IDEA Community Edition 2018.3.5\lib\idea_rt.jar=51174:C:\Program Files\JetBrains\IntelliJ IDEA Community Edition 2018.3.5\bin -Dfile.encoding=windows-1251 
java_command: org.codehaus.classworlds.Launcher -Didea.version=2018.3.5 tomcat7:run
java_class_path (initial): C:\Program Files\JetBrains\IntelliJ IDEA Community Edition 2018.3.5\plugins\maven\lib\maven3\boot\plexus-classworlds-2.5.2.jar
Launcher Type: SUN_STANDARD

[Global flags]
     intx CICompilerCount                          = 2                                         {product} {ergonomic}
     uint ConcGCThreads                            = 1                                         {product} {ergonomic}
     uint G1ConcRefinementThreads                  = 2                                         {product} {ergonomic}
   size_t G1HeapRegionSize                         = 1048576                                   {product} {ergonomic}
    uintx GCDrainStackTargetSize                   = 64                                        {product} {ergonomic}
   size_t InitialHeapSize                          = 48234496                                  {product} {ergonomic}
   size_t MarkStackSize                            = 4194304                                   {product} {ergonomic}
   size_t MaxHeapSize                              = 763363328                                 {product} {ergonomic}
   size_t MaxNewSize                               = 457179136                                 {product} {ergonomic}
   size_t MinHeapDeltaBytes                        = 1048576                                   {product} {ergonomic}
    uintx NonNMethodCodeHeapSize                   = 5825164                                {pd product} {ergonomic}
    uintx NonProfiledCodeHeapSize                  = 122916538                              {pd product} {ergonomic}
    uintx ProfiledCodeHeapSize                     = 122916538                              {pd product} {ergonomic}
    uintx ReservedCodeCacheSize                    = 251658240                              {pd product} {ergonomic}
     bool SegmentedCodeCache                       = true                                      {product} {ergonomic}
     bool UseCompressedClassPointers               = true                                 {lp64_product} {ergonomic}
     bool UseCompressedOops                        = true                                 {lp64_product} {ergonomic}
     bool UseG1GC                                  = true                                      {product} {ergonomic}
     bool UseLargePagesIndividualAllocation        = false                                  {pd product} {ergonomic}

Logging:
Log output configuration:
 #0: stdout all=warning uptime,level,tags
 #1: stderr all=off uptime,level,tags

Environment Variables:
JAVA_HOME=C:\Program Files\Java\jdk-12
PATH=C:\Program Files (x86)\Intel\TXE Components\iCLS\;C:\Program Files\Intel\TXE Components\iCLS\;C:\WINDOWS\system32;C:\WINDOWS;C:\WINDOWS\System32\Wbem;C:\WINDOWS\System32\WindowsPowerShell\v1.0\;C:\Program Files\Intel\TXE Components\DAL\;C:\Program Files (x86)\Intel\TXE Components\DAL\;C:\Program Files\Intel\TXE Components\IPT\;C:\Program Files (x86)\Intel\TXE Components\IPT\;C:\Program Files\Git\cmd;C:\Program Files\Java\jdk-12\bin;C:\Users\днс\AppData\Local\Microsoft\WindowsApps;C:\Program Files\heroku\bin
USERNAME=днс
OS=Windows_NT
PROCESSOR_IDENTIFIER=Intel64 Family 6 Model 92 Stepping 9, GenuineIntel



---------------  S Y S T E M  ---------------

OS: Windows 10 , 64 bit Build 16299 (10.0.16299.15)

CPU:total 2 (initial active 2) (2 cores per cpu, 1 threads per core) family 6 model 92 stepping 9, cmov, cx8, fxsr, mmx, sse, sse2, sse3, ssse3, sse4.1, sse4.2, popcnt, aes, clmul, erms, 3dnowpref, tsc, tscinvbit, sha

Memory: 4k page, system-wide physical 2904M (189M free)
TotalPageFile size 3865M (AvailPageFile size 37M)
current process WorkingSet (physical memory assigned to process): 211M, peak: 212M
current process commit charge ("private bytes"): 225M, peak: 265M

vm_info: Java HotSpot(TM) 64-Bit Server VM (12+33) for windows-amd64 JRE (12+33), built on Feb 21 2019 02:31:50 by "mach5one" with MS VC++ 15.5 (VS2017)

END.
