#
# There is insufficient memory for the Java Runtime Environment to continue.
# Native memory allocation (malloc) failed to allocate 2727536 bytes for Chunk::new
# Possible reasons:
#   The system is out of physical RAM or swap space
#   The process is running with CompressedOops enabled, and the Java Heap may be blocking the growth of the native heap
# Possible solutions:
#   Reduce memory load on the system
#   Increase physical memory or swap space
#   Check if swap backing store is full
#   Decrease Java heap size (-Xmx/-Xms)
#   Decrease number of Java threads
#   Decrease Java thread stack sizes (-Xss)
#   Set larger code cache with -XX:ReservedCodeCacheSize=
#   JVM is running with Unscaled Compressed Oops mode in which the Java heap is
#     placed in the first 4GB address space. The Java Heap base address is the
#     maximum limit for the native heap growth. Please use -XX:HeapBaseMinAddress
#     to set the Java Heap base and to place the Java Heap above 4GB virtual address.
# This output file may be truncated or incomplete.
#
#  Out of Memory Error (t:/workspace/open/src/hotspot/share/memory/arena.cpp:197), pid=6536, tid=6244
#
# JRE version: Java(TM) SE Runtime Environment (12.0+33) (build 12+33)
# Java VM: Java HotSpot(TM) 64-Bit Server VM (12+33, mixed mode, sharing, tiered, compressed oops, g1 gc, windows-amd64)
# No core dump will be written. Minidumps are not enabled by default on client versions of Windows
#

---------------  S U M M A R Y ------------

Command Line: -Dmaven.multiModuleProjectDirectory=D:\DANASHOP_test\cbsuperfinal -Dmaven.home=C:\Program Files\JetBrains\IntelliJ IDEA Community Edition 2018.3.5\plugins\maven\lib\maven3 -Dclassworlds.conf=C:\Program Files\JetBrains\IntelliJ IDEA Community Edition 2018.3.5\plugins\maven\lib\maven3\bin\m2.conf -javaagent:C:\Program Files\JetBrains\IntelliJ IDEA Community Edition 2018.3.5\lib\idea_rt.jar=51119:C:\Program Files\JetBrains\IntelliJ IDEA Community Edition 2018.3.5\bin -Dfile.encoding=windows-1251 org.codehaus.classworlds.Launcher -Didea.version=2018.3.5 tomcat7:run

Host: Intel(R) Celeron(R) CPU N3350 @ 1.10GHz, 2 cores, 2G,  Windows 10 , 64 bit Build 16299 (10.0.16299.15)
Time: Thu May 21 19:06:32 2020 RTZ 2 (ceia) elapsed time: 33 seconds (0d 0h 0m 33s)

---------------  T H R E A D  ---------------

Current thread (0x000002217f9da000):  JavaThread "C2 CompilerThread0" daemon [_thread_in_native, id=6244, stack(0x000000de2f200000,0x000000de2f300000)]


Current CompileTask:
C2:  33394 5293   !   4       java.lang.ClassLoader::loadClass (122 bytes)

Stack: [0x000000de2f200000,0x000000de2f300000]
Native frames: (J=compiled Java code, j=interpreted, Vv=VM code, C=native code)
V  [jvm.dll+0x63948a]
V  [jvm.dll+0x78b31f]
V  [jvm.dll+0x78c9c1]
V  [jvm.dll+0x78d013]
V  [jvm.dll+0x262138]
V  [jvm.dll+0xc582c]
V  [jvm.dll+0xc5dac]
V  [jvm.dll+0x3796a7]
V  [jvm.dll+0x1aeff0]
V  [jvm.dll+0x21c142]
V  [jvm.dll+0x21b20a]
V  [jvm.dll+0x199890]
V  [jvm.dll+0x22a534]
V  [jvm.dll+0x228b88]
V  [jvm.dll+0x74f660]
V  [jvm.dll+0x748648]
V  [jvm.dll+0x638566]
C  [ucrtbase.dll+0x1d885]
C  [KERNEL32.DLL+0x11fe4]
C  [ntdll.dll+0x6ef91]


---------------  P R O C E S S  ---------------

Threads class SMR info:
_java_thread_list=0x000002217fbe0b90, length=25, elements={
0x0000022166259000, 0x000002216632b800, 0x000002217f9be000, 0x000002217f9d7000,
0x000002217f9d8000, 0x000002217f9da000, 0x000002217f9ea000, 0x000002217f9fb000,
0x000002217fa9e800, 0x000002217fc7a800, 0x000002217fc7b800, 0x0000022104ecc000,
0x0000022104485800, 0x000002210491b800, 0x0000022105333800, 0x0000022108067800,
0x0000022104a9c800, 0x0000022106f03800, 0x0000022108c95800, 0x0000022106a8e800,
0x00000221082a1000, 0x0000022109602000, 0x00000221095ff000, 0x0000022109601800,
0x00000221095ff800
}

Java Threads: ( => current thread )
  0x0000022166259000 JavaThread "main" [_thread_blocked, id=9820, stack(0x000000de2e600000,0x000000de2e700000)]
  0x000002216632b800 JavaThread "Reference Handler" daemon [_thread_blocked, id=4196, stack(0x000000de2ed00000,0x000000de2ee00000)]
  0x000002217f9be000 JavaThread "Finalizer" daemon [_thread_blocked, id=10012, stack(0x000000de2ee00000,0x000000de2ef00000)]
  0x000002217f9d7000 JavaThread "Signal Dispatcher" daemon [_thread_blocked, id=4164, stack(0x000000de2f000000,0x000000de2f100000)]
  0x000002217f9d8000 JavaThread "Attach Listener" daemon [_thread_blocked, id=5748, stack(0x000000de2f100000,0x000000de2f200000)]
=>0x000002217f9da000 JavaThread "C2 CompilerThread0" daemon [_thread_in_native, id=6244, stack(0x000000de2f200000,0x000000de2f300000)]
  0x000002217f9ea000 JavaThread "C1 CompilerThread0" daemon [_thread_blocked, id=4828, stack(0x000000de2f300000,0x000000de2f400000)]
  0x000002217f9fb000 JavaThread "Sweeper thread" daemon [_thread_blocked, id=4612, stack(0x000000de2f400000,0x000000de2f500000)]
  0x000002217fa9e800 JavaThread "Common-Cleaner" daemon [_thread_blocked, id=2572, stack(0x000000de2f500000,0x000000de2f600000)]
  0x000002217fc7a800 JavaThread "Monitor Ctrl-Break" daemon [_thread_in_native, id=9760, stack(0x000000de2f600000,0x000000de2f700000)]
  0x000002217fc7b800 JavaThread "Service Thread" daemon [_thread_blocked, id=4212, stack(0x000000de2f700000,0x000000de2f800000)]
  0x0000022104ecc000 JavaThread "Thread-1" daemon [_thread_in_native, id=8984, stack(0x000000de30000000,0x000000de30100000)]
  0x0000022104485800 JavaThread "ContainerBackgroundProcessor[StandardEngine[Tomcat]]" daemon [_thread_blocked, id=6940, stack(0x000000de30100000,0x000000de30200000)]
  0x000002210491b800 JavaThread "http-bio-8888-Acceptor-0" daemon [_thread_in_native, id=3140, stack(0x000000de30200000,0x000000de30300000)]
  0x0000022105333800 JavaThread "http-bio-8888-AsyncTimeout" daemon [_thread_blocked, id=6628, stack(0x000000de30300000,0x000000de30400000)]
  0x0000022108067800 JavaThread "http-bio-8888-exec-1" daemon [_thread_blocked, id=5236, stack(0x000000de30400000,0x000000de30500000)]
  0x0000022104a9c800 JavaThread "http-bio-8888-exec-2" daemon [_thread_blocked, id=2292, stack(0x000000de30500000,0x000000de30600000)]
  0x0000022106f03800 JavaThread "http-bio-8888-exec-3" daemon [_thread_in_native, id=9928, stack(0x000000de30600000,0x000000de30700000)]
  0x0000022108c95800 JavaThread "http-bio-8888-exec-4" daemon [_thread_blocked, id=6044, stack(0x000000de30700000,0x000000de30800000)]
  0x0000022106a8e800 JavaThread "http-bio-8888-exec-5" daemon [_thread_blocked, id=1552, stack(0x000000de30800000,0x000000de30900000)]
  0x00000221082a1000 JavaThread "http-bio-8888-exec-6" daemon [_thread_in_native, id=8428, stack(0x000000de30900000,0x000000de30a00000)]
  0x0000022109602000 JavaThread "http-bio-8888-exec-7" daemon [_thread_in_native, id=3780, stack(0x000000de30a00000,0x000000de30b00000)]
  0x00000221095ff000 JavaThread "http-bio-8888-exec-8" daemon [_thread_in_native, id=8924, stack(0x000000de30b00000,0x000000de30c00000)]
  0x0000022109601800 JavaThread "http-bio-8888-exec-9" daemon [_thread_in_native, id=1312, stack(0x000000de30c00000,0x000000de30d00000)]
  0x00000221095ff800 JavaThread "http-bio-8888-exec-10" daemon [_thread_in_native, id=9616, stack(0x000000de30d00000,0x000000de30e00000)]

Other Threads:
  0x0000022166327000 VMThread "VM Thread" [stack: 0x000000de2ec00000,0x000000de2ed00000] [id=5316]
  0x000002217fc7f800 WatcherThread [stack: 0x000000de2f800000,0x000000de2f900000] [id=2760]
  0x000002216627e000 GCTaskThread "GC Thread#0" [stack: 0x000000de2e700000,0x000000de2e800000] [id=9664]
  0x0000022103f85000 GCTaskThread "GC Thread#1" [stack: 0x000000de2fb00000,0x000000de2fc00000] [id=4892]
  0x0000022166285000 ConcurrentGCThread "G1 Main Marker" [stack: 0x000000de2e800000,0x000000de2e900000] [id=7880]
  0x0000022166286000 ConcurrentGCThread "G1 Conc#0" [stack: 0x000000de2e900000,0x000000de2ea00000] [id=10172]
  0x00000221662c4800 ConcurrentGCThread "G1 Refine#0" [stack: 0x000000de2ea00000,0x000000de2eb00000] [id=8684]
  0x000002217fd8c800 ConcurrentGCThread "G1 Refine#1" [stack: 0x000000de2fc00000,0x000000de2fd00000] [id=732]
  0x00000221662c5800 ConcurrentGCThread "G1 Young RemSet Sampling" [stack: 0x000000de2eb00000,0x000000de2ec00000] [id=2680]

Threads with active compile tasks:
C2 CompilerThread0  5293   !   4       java.lang.ClassLoader::loadClass (122 bytes)

VM state:not at safepoint (normal execution)

VM Mutex/Monitor currently owned by a thread: None

Heap address: 0x00000000d2800000, size: 728 MB, Compressed Oops mode: 32-bit
Narrow klass base: 0x0000000800000000, Narrow klass shift: 3
Compressed class space size: 1073741824 Address: 0x00000008011a0000

Heap:
 garbage-first heap   total 73728K, used 51083K [0x00000000d2800000, 0x0000000100000000)
  region size 1024K, 26 young (26624K), 4 survivors (4096K)
 Metaspace       used 32260K, capacity 32927K, committed 33152K, reserved 1079296K
  class space    used 3417K, capacity 3683K, committed 3712K, reserved 1048576K
Heap Regions: E=young(eden), S=young(survivor), O=old, HS=humongous(starts), HC=humongous(continues), CS=collection set, F=free, A=archive, TAMS=top-at-mark-start (previous, next)
|   0|0x00000000d2800000, 0x00000000d2900000, 0x00000000d2900000|100%| O|  |TAMS 0x00000000d2900000, 0x00000000d2800000| Untracked 
|   1|0x00000000d2900000, 0x00000000d2a00000, 0x00000000d2a00000|100%| O|  |TAMS 0x00000000d2a00000, 0x00000000d2900000| Untracked 
|   2|0x00000000d2a00000, 0x00000000d2b00000, 0x00000000d2b00000|100%| O|  |TAMS 0x00000000d2b00000, 0x00000000d2a00000| Untracked 
|   3|0x00000000d2b00000, 0x00000000d2c00000, 0x00000000d2c00000|100%| O|  |TAMS 0x00000000d2c00000, 0x00000000d2b00000| Untracked 
|   4|0x00000000d2c00000, 0x00000000d2d00000, 0x00000000d2d00000|100%| O|  |TAMS 0x00000000d2d00000, 0x00000000d2c00000| Untracked 
|   5|0x00000000d2d00000, 0x00000000d2e00000, 0x00000000d2e00000|100%| O|  |TAMS 0x00000000d2e00000, 0x00000000d2d00000| Untracked 
|   6|0x00000000d2e00000, 0x00000000d2f00000, 0x00000000d2f00000|100%| O|  |TAMS 0x00000000d2f00000, 0x00000000d2e00000| Untracked 
|   7|0x00000000d2f00000, 0x00000000d3000000, 0x00000000d3000000|100%| O|  |TAMS 0x00000000d3000000, 0x00000000d2f00000| Untracked 
|   8|0x00000000d3000000, 0x00000000d3100000, 0x00000000d3100000|100%| O|  |TAMS 0x00000000d306fa00, 0x00000000d3000000| Untracked 
|   9|0x00000000d3100000, 0x00000000d3199000, 0x00000000d3200000| 59%| O|  |TAMS 0x00000000d3100000, 0x00000000d3100000| Untracked 
|  10|0x00000000d3200000, 0x00000000d3300000, 0x00000000d3300000|100%| O|  |TAMS 0x00000000d3200000, 0x00000000d3200000| Untracked 
|  11|0x00000000d3300000, 0x00000000d3400000, 0x00000000d3400000|100%| O|  |TAMS 0x00000000d3300000, 0x00000000d3300000| Untracked 
|  12|0x00000000d3400000, 0x00000000d3500000, 0x00000000d3500000|100%| O|  |TAMS 0x00000000d3400000, 0x00000000d3400000| Untracked 
|  13|0x00000000d3500000, 0x00000000d3600000, 0x00000000d3600000|100%| O|  |TAMS 0x00000000d3500000, 0x00000000d3500000| Untracked 
|  14|0x00000000d3600000, 0x00000000d3700000, 0x00000000d3700000|100%| O|  |TAMS 0x00000000d3600000, 0x00000000d3600000| Untracked 
|  15|0x00000000d3700000, 0x00000000d3800000, 0x00000000d3800000|100%| O|  |TAMS 0x00000000d3700000, 0x00000000d3700000| Untracked 
|  16|0x00000000d3800000, 0x00000000d3900000, 0x00000000d3900000|100%| O|  |TAMS 0x00000000d3800000, 0x00000000d3800000| Untracked 
|  17|0x00000000d3900000, 0x00000000d3a00000, 0x00000000d3a00000|100%| O|  |TAMS 0x00000000d3900000, 0x00000000d3900000| Untracked 
|  18|0x00000000d3a00000, 0x00000000d3b00000, 0x00000000d3b00000|100%| O|  |TAMS 0x00000000d3a00000, 0x00000000d3a00000| Untracked 
|  19|0x00000000d3b00000, 0x00000000d3c00000, 0x00000000d3c00000|100%| O|  |TAMS 0x00000000d3b00000, 0x00000000d3b00000| Untracked 
|  20|0x00000000d3c00000, 0x00000000d3d00000, 0x00000000d3d00000|100%| O|  |TAMS 0x00000000d3c00000, 0x00000000d3c00000| Untracked 
|  21|0x00000000d3d00000, 0x00000000d3e00000, 0x00000000d3e00000|100%| O|  |TAMS 0x00000000d3d00000, 0x00000000d3d00000| Untracked 
|  22|0x00000000d3e00000, 0x00000000d3f00000, 0x00000000d3f00000|100%| O|  |TAMS 0x00000000d3e00000, 0x00000000d3e00000| Untracked 
|  23|0x00000000d3f00000, 0x00000000d4000000, 0x00000000d4000000|100%| O|  |TAMS 0x00000000d3f00000, 0x00000000d3f00000| Untracked 
|  24|0x00000000d4000000, 0x00000000d4100000, 0x00000000d4100000|100%| O|  |TAMS 0x00000000d4000000, 0x00000000d4000000| Untracked 
|  25|0x00000000d4100000, 0x00000000d4149c00, 0x00000000d4200000| 28%| O|  |TAMS 0x00000000d4100000, 0x00000000d4100000| Untracked 
|  26|0x00000000d4200000, 0x00000000d4200000, 0x00000000d4300000|  0%| F|  |TAMS 0x00000000d4200000, 0x00000000d4200000| Untracked 
|  27|0x00000000d4300000, 0x00000000d4300000, 0x00000000d4400000|  0%| F|  |TAMS 0x00000000d4300000, 0x00000000d4300000| Untracked 
|  28|0x00000000d4400000, 0x00000000d4400000, 0x00000000d4500000|  0%| F|  |TAMS 0x00000000d4400000, 0x00000000d4400000| Untracked 
|  29|0x00000000d4500000, 0x00000000d4500000, 0x00000000d4600000|  0%| F|  |TAMS 0x00000000d4500000, 0x00000000d4500000| Untracked 
|  30|0x00000000d4600000, 0x00000000d4600000, 0x00000000d4700000|  0%| F|  |TAMS 0x00000000d4600000, 0x00000000d4600000| Untracked 
|  31|0x00000000d4700000, 0x00000000d4700000, 0x00000000d4800000|  0%| F|  |TAMS 0x00000000d4700000, 0x00000000d4700000| Untracked 
|  32|0x00000000d4800000, 0x00000000d4800000, 0x00000000d4900000|  0%| F|  |TAMS 0x00000000d4800000, 0x00000000d4800000| Untracked 
|  33|0x00000000d4900000, 0x00000000d4900000, 0x00000000d4a00000|  0%| F|  |TAMS 0x00000000d4900000, 0x00000000d4900000| Untracked 
|  34|0x00000000d4a00000, 0x00000000d4a00000, 0x00000000d4b00000|  0%| F|  |TAMS 0x00000000d4a00000, 0x00000000d4a00000| Untracked 
|  35|0x00000000d4b00000, 0x00000000d4b00000, 0x00000000d4c00000|  0%| F|  |TAMS 0x00000000d4b00000, 0x00000000d4b00000| Untracked 
|  36|0x00000000d4c00000, 0x00000000d4d00000, 0x00000000d4d00000|100%| S|CS|TAMS 0x00000000d4c00000, 0x00000000d4c00000| Complete 
|  37|0x00000000d4d00000, 0x00000000d4e00000, 0x00000000d4e00000|100%| S|CS|TAMS 0x00000000d4d00000, 0x00000000d4d00000| Complete 
|  38|0x00000000d4e00000, 0x00000000d4f00000, 0x00000000d4f00000|100%| S|CS|TAMS 0x00000000d4e00000, 0x00000000d4e00000| Complete 
|  39|0x00000000d4f00000, 0x00000000d4f00000, 0x00000000d5000000|  0%| F|  |TAMS 0x00000000d4f00000, 0x00000000d4f00000| Untracked 
|  40|0x00000000d5000000, 0x00000000d5000000, 0x00000000d5100000|  0%| F|  |TAMS 0x00000000d5000000, 0x00000000d5000000| Untracked 
|  41|0x00000000d5100000, 0x00000000d5100000, 0x00000000d5200000|  0%| F|  |TAMS 0x00000000d5100000, 0x00000000d5100000| Untracked 
|  42|0x00000000d5200000, 0x00000000d5200000, 0x00000000d5300000|  0%| F|  |TAMS 0x00000000d5200000, 0x00000000d5200000| Untracked 
|  43|0x00000000d5300000, 0x00000000d5400000, 0x00000000d5400000|100%| S|CS|TAMS 0x00000000d5300000, 0x00000000d5300000| Complete 
|  44|0x00000000d5400000, 0x00000000d5400000, 0x00000000d5500000|  0%| F|  |TAMS 0x00000000d5400000, 0x00000000d5400000| Untracked 
|  45|0x00000000d5500000, 0x00000000d5500000, 0x00000000d5600000|  0%| F|  |TAMS 0x00000000d5500000, 0x00000000d5500000| Untracked 
|  46|0x00000000d5600000, 0x00000000d5600000, 0x00000000d5700000|  0%| F|  |TAMS 0x00000000d5600000, 0x00000000d5600000| Untracked 
|  47|0x00000000d5700000, 0x00000000d5700000, 0x00000000d5800000|  0%| F|  |TAMS 0x00000000d5700000, 0x00000000d5700000| Untracked 
|  48|0x00000000d5800000, 0x00000000d5800000, 0x00000000d5900000|  0%| F|  |TAMS 0x00000000d5800000, 0x00000000d5800000| Untracked 
|  49|0x00000000d5900000, 0x00000000d5900000, 0x00000000d5a00000|  0%| F|  |TAMS 0x00000000d5900000, 0x00000000d5900000| Untracked 
|  50|0x00000000d5a00000, 0x00000000d5a19160, 0x00000000d5b00000|  9%| E|  |TAMS 0x00000000d5a00000, 0x00000000d5a00000| Complete 
|  51|0x00000000d5b00000, 0x00000000d5c00000, 0x00000000d5c00000|100%| E|CS|TAMS 0x00000000d5b00000, 0x00000000d5b00000| Complete 
|  52|0x00000000d5c00000, 0x00000000d5d00000, 0x00000000d5d00000|100%| E|CS|TAMS 0x00000000d5c00000, 0x00000000d5c00000| Complete 
|  53|0x00000000d5d00000, 0x00000000d5e00000, 0x00000000d5e00000|100%| E|CS|TAMS 0x00000000d5d00000, 0x00000000d5d00000| Complete 
|  54|0x00000000d5e00000, 0x00000000d5f00000, 0x00000000d5f00000|100%| E|CS|TAMS 0x00000000d5e00000, 0x00000000d5e00000| Complete 
|  55|0x00000000d5f00000, 0x00000000d6000000, 0x00000000d6000000|100%| E|CS|TAMS 0x00000000d5f00000, 0x00000000d5f00000| Complete 
|  56|0x00000000d6000000, 0x00000000d6100000, 0x00000000d6100000|100%| E|CS|TAMS 0x00000000d6000000, 0x00000000d6000000| Complete 
|  57|0x00000000d6100000, 0x00000000d6200000, 0x00000000d6200000|100%| E|CS|TAMS 0x00000000d6100000, 0x00000000d6100000| Complete 
|  58|0x00000000d6200000, 0x00000000d6300000, 0x00000000d6300000|100%| E|CS|TAMS 0x00000000d6200000, 0x00000000d6200000| Complete 
|  59|0x00000000d6300000, 0x00000000d6400000, 0x00000000d6400000|100%| E|CS|TAMS 0x00000000d6300000, 0x00000000d6300000| Complete 
|  60|0x00000000d6400000, 0x00000000d6500000, 0x00000000d6500000|100%| E|CS|TAMS 0x00000000d6400000, 0x00000000d6400000| Complete 
|  61|0x00000000d6500000, 0x00000000d6600000, 0x00000000d6600000|100%| E|CS|TAMS 0x00000000d6500000, 0x00000000d6500000| Complete 
|  62|0x00000000d6600000, 0x00000000d6700000, 0x00000000d6700000|100%| E|CS|TAMS 0x00000000d6600000, 0x00000000d6600000| Complete 
|  63|0x00000000d6700000, 0x00000000d6800000, 0x00000000d6800000|100%| E|CS|TAMS 0x00000000d6700000, 0x00000000d6700000| Complete 
|  64|0x00000000d6800000, 0x00000000d6900000, 0x00000000d6900000|100%| E|CS|TAMS 0x00000000d6800000, 0x00000000d6800000| Complete 
|  65|0x00000000d6900000, 0x00000000d6a00000, 0x00000000d6a00000|100%| E|CS|TAMS 0x00000000d6900000, 0x00000000d6900000| Complete 
|  66|0x00000000d6a00000, 0x00000000d6b00000, 0x00000000d6b00000|100%| E|CS|TAMS 0x00000000d6a00000, 0x00000000d6a00000| Complete 
|  67|0x00000000d6b00000, 0x00000000d6c00000, 0x00000000d6c00000|100%| E|CS|TAMS 0x00000000d6b00000, 0x00000000d6b00000| Complete 
|  68|0x00000000d6c00000, 0x00000000d6d00000, 0x00000000d6d00000|100%| E|CS|TAMS 0x00000000d6c00000, 0x00000000d6c00000| Complete 
|  69|0x00000000d6d00000, 0x00000000d6e00000, 0x00000000d6e00000|100%| E|CS|TAMS 0x00000000d6d00000, 0x00000000d6d00000| Complete 
|  70|0x00000000d6e00000, 0x00000000d6f00000, 0x00000000d6f00000|100%| E|CS|TAMS 0x00000000d6e00000, 0x00000000d6e00000| Complete 
|  71|0x00000000d6f00000, 0x00000000d7000000, 0x00000000d7000000|100%| E|CS|TAMS 0x00000000d6f00000, 0x00000000d6f00000| Complete 

Card table byte_map: [0x000002217f3a0000,0x000002217f510000] _byte_map_base: 0x000002217ed0c000

Marking Bits (Prev, Next): (CMBitMap*) 0x000002216627fcc8, (CMBitMap*) 0x000002216627fc88
 Prev Bits: [0x0000022100b60000, 0x00000221016c0000)
 Next Bits: [0x0000022100000000, 0x0000022100b60000)

Polling page: 0x0000022166020000

Metaspace:

Usage:
  Non-class:     28.56 MB capacity,    28.17 MB ( 99%) used,   350.49 KB (  1%) free+waste,    50.63 KB ( <1%) overhead. 
      Class:      3.60 MB capacity,     3.34 MB ( 93%) used,   243.81 KB (  7%) free+waste,    21.56 KB ( <1%) overhead. 
       Both:     32.16 MB capacity,    31.50 MB ( 98%) used,   594.30 KB (  2%) free+waste,    72.19 KB ( <1%) overhead. 

Virtual space:
  Non-class space:       30.00 MB reserved,      28.75 MB ( 96%) committed 
      Class space:        1.00 GB reserved,       3.63 MB ( <1%) committed 
             Both:        1.03 GB reserved,      32.38 MB (  3%) committed 

Chunk freelists:
   Non-Class:  512 bytes
       Class:  3.63 KB
        Both:  4.13 KB

CodeHeap 'non-profiled nmethods': size=120064Kb used=2461Kb max_used=2461Kb free=117603Kb
 bounds [0x00000221778f0000, 0x0000022177b60000, 0x000002217ee30000]
CodeHeap 'profiled nmethods': size=120000Kb used=10342Kb max_used=10571Kb free=109657Kb
 bounds [0x00000221703c0000, 0x0000022170e50000, 0x00000221778f0000]
CodeHeap 'non-nmethods': size=5696Kb used=1190Kb max_used=1231Kb free=4506Kb
 bounds [0x000002216fe30000, 0x00000221700a0000, 0x00000221703c0000]
 total_blobs=6988 nmethods=4668 adapters=448
 compilation: enabled
              stopped_count=0, restarted_count=0
 full_count=0

Compilation events (10 events):
Event: 33.198 Thread 0x000002217f9ea000 5325       1       org.apache.coyote.http11.Http11Processor::getOutputBuffer (5 bytes)
Event: 33.199 Thread 0x000002217f9ea000 nmethod 5325 0x0000022177b57710 code [0x0000022177b578c0, 0x0000022177b579f8]
Event: 33.333 Thread 0x000002217f9ea000 5326       3       org.apache.tomcat.util.buf.ByteChunk::setBytes (26 bytes)
Event: 33.334 Thread 0x000002217f9ea000 nmethod 5326 0x000002217091c690 code [0x000002217091c840, 0x000002217091ca18]
Event: 33.334 Thread 0x000002217f9ea000 5327       3       org.apache.tomcat.util.buf.MessageBytes::setBytes (36 bytes)
Event: 33.334 Thread 0x000002217f9ea000 nmethod 5327 0x0000022170927590 code [0x0000022170927760, 0x00000221709279d8]
Event: 33.336 Thread 0x000002217f9ea000 5328       3       java.io.BufferedWriter::ensureOpen (18 bytes)
Event: 33.337 Thread 0x000002217f9ea000 nmethod 5328 0x0000022170937290 code [0x0000022170937460, 0x00000221709376f0]
Event: 33.339 Thread 0x000002217f9ea000 5329       1       java.util.concurrent.atomic.AtomicInteger::get (5 bytes)
Event: 33.340 Thread 0x000002217f9ea000 nmethod 5329 0x0000022177b57a90 code [0x0000022177b57c40, 0x0000022177b57d78]

GC Heap History (10 events):
Event: 14.161 GC heap before
{Heap before GC invocations=16 (full 0):
 garbage-first heap   total 61440K, used 45880K [0x00000000d2800000, 0x0000000100000000)
  region size 1024K, 28 young (28672K), 4 survivors (4096K)
 Metaspace       used 22620K, capacity 23258K, committed 23552K, reserved 1071104K
  class space    used 2518K, capacity 2764K, committed 2816K, reserved 1048576K
}
Event: 14.175 GC heap after
{Heap after GC invocations=17 (full 0):
 garbage-first heap   total 61440K, used 21760K [0x00000000d2800000, 0x0000000100000000)
  region size 1024K, 3 young (3072K), 3 survivors (3072K)
 Metaspace       used 22620K, capacity 23258K, committed 23552K, reserved 1071104K
  class space    used 2518K, capacity 2764K, committed 2816K, reserved 1048576K
}
Event: 14.401 GC heap before
{Heap before GC invocations=17 (full 0):
 garbage-first heap   total 61440K, used 45312K [0x00000000d2800000, 0x0000000100000000)
  region size 1024K, 26 young (26624K), 3 survivors (3072K)
 Metaspace       used 22622K, capacity 23258K, committed 23552K, reserved 1071104K
  class space    used 2518K, capacity 2764K, committed 2816K, reserved 1048576K
}
Event: 14.415 GC heap after
{Heap after GC invocations=18 (full 0):
 garbage-first heap   total 61440K, used 22916K [0x00000000d2800000, 0x0000000100000000)
  region size 1024K, 2 young (2048K), 2 survivors (2048K)
 Metaspace       used 22622K, capacity 23258K, committed 23552K, reserved 1071104K
  class space    used 2518K, capacity 2764K, committed 2816K, reserved 1048576K
}
Event: 14.585 GC heap before
{Heap before GC invocations=18 (full 0):
 garbage-first heap   total 61440K, used 47492K [0x00000000d2800000, 0x0000000100000000)
  region size 1024K, 26 young (26624K), 2 survivors (2048K)
 Metaspace       used 22622K, capacity 23258K, committed 23552K, reserved 1071104K
  class space    used 2518K, capacity 2764K, committed 2816K, reserved 1048576K
}
Event: 14.599 GC heap after
{Heap after GC invocations=19 (full 0):
 garbage-first heap   total 73728K, used 23965K [0x00000000d2800000, 0x0000000100000000)
  region size 1024K, 3 young (3072K), 3 survivors (3072K)
 Metaspace       used 22622K, capacity 23258K, committed 23552K, reserved 1071104K
  class space    used 2518K, capacity 2764K, committed 2816K, reserved 1048576K
}
Event: 14.923 GC heap before
{Heap before GC invocations=19 (full 0):
 garbage-first heap   total 73728K, used 53661K [0x00000000d2800000, 0x0000000100000000)
  region size 1024K, 32 young (32768K), 3 survivors (3072K)
 Metaspace       used 22678K, capacity 23322K, committed 23552K, reserved 1071104K
  class space    used 2523K, capacity 2764K, committed 2816K, reserved 1048576K
}
Event: 14.941 GC heap after
{Heap after GC invocations=20 (full 0):
 garbage-first heap   total 73728K, used 24801K [0x00000000d2800000, 0x0000000100000000)
  region size 1024K, 4 young (4096K), 4 survivors (4096K)
 Metaspace       used 22678K, capacity 23322K, committed 23552K, reserved 1071104K
  class space    used 2523K, capacity 2764K, committed 2816K, reserved 1048576K
}
Event: 30.940 GC heap before
{Heap before GC invocations=20 (full 0):
 garbage-first heap   total 73728K, used 53473K [0x00000000d2800000, 0x0000000100000000)
  region size 1024K, 32 young (32768K), 4 survivors (4096K)
 Metaspace       used 28462K, capacity 29077K, committed 29312K, reserved 1075200K
  class space    used 3125K, capacity 3361K, committed 3456K, reserved 1048576K
}
Event: 30.958 GC heap after
{Heap after GC invocations=21 (full 0):
 garbage-first heap   total 73728K, used 29579K [0x00000000d2800000, 0x0000000100000000)
  region size 1024K, 4 young (4096K), 4 survivors (4096K)
 Metaspace       used 28462K, capacity 29077K, committed 29312K, reserved 1075200K
  class space    used 3125K, capacity 3361K, committed 3456K, reserved 1048576K
}

Deoptimization events (10 events):
Event: 30.891 Thread 0x0000022104a9c800 Uncommon trap: reason=profile_predicate action=maybe_recompile pc=0x0000022177b308a8 method=sun.net.www.ParseUtil.firstEncodeIndex(Ljava/lang/String;)I @ 9 c2
Event: 30.898 Thread 0x0000022104a9c800 Uncommon trap: reason=profile_predicate action=maybe_recompile pc=0x0000022177b308a8 method=sun.net.www.ParseUtil.firstEncodeIndex(Ljava/lang/String;)I @ 9 c2
Event: 30.900 Thread 0x0000022104a9c800 Uncommon trap: reason=profile_predicate action=maybe_recompile pc=0x0000022177b308a8 method=sun.net.www.ParseUtil.firstEncodeIndex(Ljava/lang/String;)I @ 9 c2
Event: 30.901 Thread 0x0000022104a9c800 Uncommon trap: reason=profile_predicate action=maybe_recompile pc=0x0000022177b308a8 method=sun.net.www.ParseUtil.firstEncodeIndex(Ljava/lang/String;)I @ 9 c2
Event: 31.290 Thread 0x0000022104a9c800 Uncommon trap: reason=unstable_if action=reinterpret pc=0x0000022177aec438 method=java.lang.AbstractStringBuilder.appendChars([CII)V @ 43 c2
Event: 31.879 Thread 0x0000022104a9c800 Uncommon trap: reason=loop_limit_check action=maybe_recompile pc=0x0000022177b4cff0 method=org.eclipse.jdt.internal.compiler.classfmt.ClassFileStruct.utf8At(II)[C @ 143 c2
Event: 32.034 Thread 0x0000022104a9c800 Uncommon trap: reason=class_check action=maybe_recompile pc=0x00000221779ad334 method=java.util.HashMap.removeNode(ILjava/lang/Object;Ljava/lang/Object;ZZ)Ljava/util/HashMap$Node; @ 68 c2
Event: 32.034 Thread 0x0000022104a9c800 Uncommon trap: reason=class_check action=maybe_recompile pc=0x00000221779ad334 method=java.util.HashMap.removeNode(ILjava/lang/Object;Ljava/lang/Object;ZZ)Ljava/util/HashMap$Node; @ 68 c2
Event: 32.034 Thread 0x0000022104a9c800 Uncommon trap: reason=class_check action=maybe_recompile pc=0x00000221779ad334 method=java.util.HashMap.removeNode(ILjava/lang/Object;Ljava/lang/Object;ZZ)Ljava/util/HashMap$Node; @ 68 c2
Event: 32.045 Thread 0x0000022104a9c800 Uncommon trap: reason=unstable_if action=reinterpret pc=0x0000022177b51204 method=org.eclipse.jdt.core.compiler.CharOperation.hashCode([C)I @ 4 c2

Classes redefined (0 events):
No events

Internal exceptions (10 events):
Event: 9.790 Thread 0x0000022166259000 Exception <a 'java/io/FileNotFoundException'{0x00000000d5b86d18}> (0x00000000d5b86d18) thrown at [t:/workspace/open/src/hotspot/share/prims/jni.cpp, line 615]
Event: 9.984 Thread 0x0000022166259000 Exception <a 'java/lang/NoSuchMethodError'{0x00000000d5acc250}: java.lang.invoke.DirectMethodHandle$Holder.invokeStaticInit(Ljava/lang/Object;Ljava/lang/Object;IIII)Ljava/lang/Object;> (0x00000000d5acc250) thrown at [t:/workspace/open/src/hotspot/share/in
Event: 10.340 Thread 0x0000022166259000 Exception <a 'java/lang/NoSuchMethodError'{0x00000000d5372608}: java.lang.invoke.DirectMethodHandle$Holder.invokeStaticInit(Ljava/lang/Object;Ljava/lang/Object;Ljava/lang/Object;)Ljava/lang/Object;> (0x00000000d5372608) thrown at [t:/workspace/open/src/ho
Event: 10.352 Thread 0x0000022166259000 Exception <a 'java/lang/NoSuchMethodError'{0x00000000d538b2e0}: java.lang.invoke.DirectMethodHandle$Holder.invokeInterface(Ljava/lang/Object;Ljava/lang/Object;)I> (0x00000000d538b2e0) thrown at [t:/workspace/open/src/hotspot/share/interpreter/linkResolver
Event: 10.363 Thread 0x0000022166259000 Exception <a 'java/lang/IncompatibleClassChangeError'{0x00000000d538e088}: Found class java.lang.Object, but interface was expected> (0x00000000d538e088) thrown at [t:/workspace/open/src/hotspot/share/interpreter/linkResolver.cpp, line 843]
Event: 11.382 Thread 0x0000022166259000 Exception <a 'java/lang/ClassNotFoundException'{0x00000000d5432c88}: sun/util/logging/resources/spi/loggingProvider> (0x00000000d5432c88) thrown at [t:/workspace/open/src/hotspot/share/classfile/systemDictionary.cpp, line 235]
Event: 11.591 Thread 0x000002210635b800 Implicit null exception at 0x0000022177925024 to 0x00000221779255aa
Event: 11.591 Thread 0x000002210635b800 Implicit null exception at 0x0000022177935b24 to 0x000002217793608a
Event: 15.222 Thread 0x000002210635b800 Exception <a 'java/io/FileNotFoundException'{0x00000000d690dac0}> (0x00000000d690dac0) thrown at [t:/workspace/open/src/hotspot/share/prims/jni.cpp, line 615]
Event: 31.438 Thread 0x0000022104a9c800 Exception <a 'java/lang/ArrayIndexOutOfBoundsException'{0x00000000d65b86c0}: Index 8420 out of bounds for length 8420> (0x00000000d65b86c0) thrown at [t:/workspace/open/src/hotspot/share/interpreter/interpreterRuntime.cpp, line 462]

Events (10 events):
Event: 33.332 Executing VM operation: RevokeBias
Event: 33.332 Executing VM operation: RevokeBias done
Event: 33.332 Executing VM operation: RevokeBias
Event: 33.332 Executing VM operation: RevokeBias done
Event: 33.332 Executing VM operation: RevokeBias
Event: 33.332 Executing VM operation: RevokeBias done
Event: 33.333 Executing VM operation: RevokeBias
Event: 33.333 Executing VM operation: RevokeBias done
Event: 33.339 Executing VM operation: RevokeBias
Event: 33.339 Executing VM operation: RevokeBias done


Dynamic libraries:
0x00007ff697130000 - 0x00007ff69713f000 	C:\Program Files\Java\jdk-12\bin\java.exe
0x00007ffc0f1e0000 - 0x00007ffc0f3c0000 	C:\WINDOWS\SYSTEM32\ntdll.dll
0x00007ffc0c7c0000 - 0x00007ffc0c86e000 	C:\WINDOWS\System32\KERNEL32.DLL
0x00007ffc0b780000 - 0x00007ffc0b9e6000 	C:\WINDOWS\System32\KERNELBASE.dll
0x00007ffc0b680000 - 0x00007ffc0b776000 	C:\WINDOWS\System32\ucrtbase.dll
0x00007ffc075b0000 - 0x00007ffc075c8000 	C:\Program Files\Java\jdk-12\bin\jli.dll
0x00007ffc0d220000 - 0x00007ffc0d2c1000 	C:\WINDOWS\System32\ADVAPI32.dll
0x00007ffc0cee0000 - 0x00007ffc0cf7d000 	C:\WINDOWS\System32\msvcrt.dll
0x00007ffc0ea90000 - 0x00007ffc0eaeb000 	C:\WINDOWS\System32\sechost.dll
0x00007ffc0eaf0000 - 0x00007ffc0ec0f000 	C:\WINDOWS\System32\RPCRT4.dll
0x00007ffc0d000000 - 0x00007ffc0d18f000 	C:\WINDOWS\System32\USER32.dll
0x00007ffc0b9f0000 - 0x00007ffc0ba10000 	C:\WINDOWS\System32\win32u.dll
0x00007ffc0d1f0000 - 0x00007ffc0d218000 	C:\WINDOWS\System32\GDI32.dll
0x00007ffc0ba10000 - 0x00007ffc0bba4000 	C:\WINDOWS\System32\gdi32full.dll
0x00007ffc0b5e0000 - 0x00007ffc0b67b000 	C:\WINDOWS\System32\msvcp_win.dll
0x00007ffc02c60000 - 0x00007ffc02c76000 	C:\Program Files\Java\jdk-12\bin\VCRUNTIME140.dll
0x00007ffbfbcc0000 - 0x00007ffbfbf29000 	C:\WINDOWS\WinSxS\amd64_microsoft.windows.common-controls_6595b64144ccf1df_6.0.16299.64_none_cc9304e22215ca8f\COMCTL32.dll
0x00007ffc0d340000 - 0x00007ffc0d648000 	C:\WINDOWS\System32\combase.dll
0x00007ffc0c630000 - 0x00007ffc0c6a2000 	C:\WINDOWS\System32\bcryptPrimitives.dll
0x00007ffc047e0000 - 0x00007ffc047ea000 	C:\WINDOWS\SYSTEM32\VERSION.dll
0x00007ffc0cad0000 - 0x00007ffc0cafd000 	C:\WINDOWS\System32\IMM32.DLL
0x00007ffbfaed0000 - 0x00007ffbfaf7a000 	C:\Program Files\Java\jdk-12\bin\msvcp140.dll
0x00007ffbdeec0000 - 0x00007ffbdfa34000 	C:\Program Files\Java\jdk-12\bin\server\jvm.dll
0x00007ffc0c970000 - 0x00007ffc0c978000 	C:\WINDOWS\System32\PSAPI.DLL
0x00007ffbf9750000 - 0x00007ffbf9759000 	C:\WINDOWS\SYSTEM32\WSOCK32.dll
0x00007ffc0ce10000 - 0x00007ffc0ce7c000 	C:\WINDOWS\System32\WS2_32.dll
0x00007ffc08c80000 - 0x00007ffc08ca3000 	C:\WINDOWS\SYSTEM32\WINMM.dll
0x00007ffc08ab0000 - 0x00007ffc08ada000 	C:\WINDOWS\SYSTEM32\WINMMBASE.dll
0x00007ffc0c580000 - 0x00007ffc0c5ca000 	C:\WINDOWS\System32\cfgmgr32.dll
0x00007ffc0b550000 - 0x00007ffc0b561000 	C:\WINDOWS\System32\kernel.appcore.dll
0x00007ffc02c00000 - 0x00007ffc02c11000 	C:\Program Files\Java\jdk-12\bin\verify.dll
0x00007ffc0a010000 - 0x00007ffc0a1d8000 	C:\WINDOWS\SYSTEM32\DBGHELP.DLL
0x00007ffbf9210000 - 0x00007ffbf9239000 	C:\WINDOWS\SYSTEM32\dbgcore.DLL
0x00007ffbfa1d0000 - 0x00007ffbfa1f6000 	C:\Program Files\Java\jdk-12\bin\java.dll
0x00007ffc07570000 - 0x00007ffc0757e000 	C:\Program Files\Java\jdk-12\bin\instrument.dll
0x00007ffbfaea0000 - 0x00007ffbfaeb7000 	C:\Program Files\Java\jdk-12\bin\zip.dll
0x00007ffc073e0000 - 0x00007ffc073ea000 	C:\Program Files\Java\jdk-12\bin\jimage.dll
0x00007ffc0d650000 - 0x00007ffc0ea87000 	C:\WINDOWS\System32\SHELL32.dll
0x00007ffc0c980000 - 0x00007ffc0ca26000 	C:\WINDOWS\System32\shcore.dll
0x00007ffc0bd80000 - 0x00007ffc0c4c7000 	C:\WINDOWS\System32\windows.storage.dll
0x00007ffc0d2d0000 - 0x00007ffc0d321000 	C:\WINDOWS\System32\shlwapi.dll
0x00007ffc0b590000 - 0x00007ffc0b5dc000 	C:\WINDOWS\System32\powrprof.dll
0x00007ffc0b530000 - 0x00007ffc0b54b000 	C:\WINDOWS\System32\profapi.dll
0x00007ffbfa290000 - 0x00007ffbfa2a9000 	C:\Program Files\Java\jdk-12\bin\net.dll
0x00007ffc00200000 - 0x00007ffc003cc000 	C:\WINDOWS\SYSTEM32\urlmon.dll
0x00007ffc03ec0000 - 0x00007ffc03f9e000 	C:\WINDOWS\SYSTEM32\WINHTTP.dll
0x00007ffc0c940000 - 0x00007ffc0c95d000 	C:\WINDOWS\System32\imagehlp.dll
0x00007ffc00790000 - 0x00007ffc00a29000 	C:\WINDOWS\SYSTEM32\iertutil.dll
0x00007ffc0af80000 - 0x00007ffc0af8b000 	C:\WINDOWS\SYSTEM32\CRYPTBASE.DLL
0x00007ffc0adc0000 - 0x00007ffc0ae26000 	C:\WINDOWS\system32\mswsock.dll
0x00007ffbfa1a0000 - 0x00007ffbfa1b3000 	C:\Program Files\Java\jdk-12\bin\nio.dll
0x00007ffbf9e70000 - 0x00007ffbf9e8a000 	C:\Program Files\JetBrains\IntelliJ IDEA Community Edition 2018.3.5\bin\breakgen64.dll
0x00007ffc0af90000 - 0x00007ffc0afa7000 	C:\WINDOWS\SYSTEM32\CRYPTSP.dll
0x00007ffc0a9d0000 - 0x00007ffc0aa03000 	C:\WINDOWS\system32\rsaenh.dll
0x00007ffc0b090000 - 0x00007ffc0b0b5000 	C:\WINDOWS\SYSTEM32\bcrypt.dll
0x00007ffc0b430000 - 0x00007ffc0b459000 	C:\WINDOWS\SYSTEM32\USERENV.dll
0x00007ffc0ab50000 - 0x00007ffc0ab89000 	C:\WINDOWS\SYSTEM32\IPHLPAPI.DLL
0x00007ffc0d330000 - 0x00007ffc0d338000 	C:\WINDOWS\System32\NSI.dll
0x00007ffc04270000 - 0x00007ffc04286000 	C:\WINDOWS\SYSTEM32\dhcpcsvc6.DLL
0x00007ffc047b0000 - 0x00007ffc047ca000 	C:\WINDOWS\SYSTEM32\dhcpcsvc.DLL
0x00007ffc02c40000 - 0x00007ffc02c49000 	C:\Program Files\Java\jdk-12\bin\management.dll
0x00007ffbfbb80000 - 0x00007ffbfbb8c000 	C:\Program Files\Java\jdk-12\bin\management_ext.dll
0x0000000061c40000 - 0x0000000061d0b000 	C:\Users\днс\AppData\Local\Temp\sqlite-3.27.2.1-f96653b7-d213-4c31-94a2-3d569da5c87f-sqlitejdbc.dll

dbghelp: loaded successfully - version: 4.0.5 - missing functions: none
symbol engine: initialized successfully - sym options: 0x614 - pdb path: .;C:\Program Files\Java\jdk-12\bin;C:\WINDOWS\SYSTEM32;C:\WINDOWS\WinSxS\amd64_microsoft.windows.common-controls_6595b64144ccf1df_6.0.16299.64_none_cc9304e22215ca8f;C:\Program Files\Java\jdk-12\bin\server;C:\Program Files\JetBrains\IntelliJ IDEA Community Edition 2018.3.5\bin;C:\Users\днс\AppData\Local\Temp

VM Arguments:
jvm_args: -Dmaven.multiModuleProjectDirectory=D:\DANASHOP_test\cbsuperfinal -Dmaven.home=C:\Program Files\JetBrains\IntelliJ IDEA Community Edition 2018.3.5\plugins\maven\lib\maven3 -Dclassworlds.conf=C:\Program Files\JetBrains\IntelliJ IDEA Community Edition 2018.3.5\plugins\maven\lib\maven3\bin\m2.conf -javaagent:C:\Program Files\JetBrains\IntelliJ IDEA Community Edition 2018.3.5\lib\idea_rt.jar=51119:C:\Program Files\JetBrains\IntelliJ IDEA Community Edition 2018.3.5\bin -Dfile.encoding=windows-1251 
java_command: org.codehaus.classworlds.Launcher -Didea.version=2018.3.5 tomcat7:run
java_class_path (initial): C:\Program Files\JetBrains\IntelliJ IDEA Community Edition 2018.3.5\plugins\maven\lib\maven3\boot\plexus-classworlds-2.5.2.jar
Launcher Type: SUN_STANDARD

[Global flags]
     intx CICompilerCount                          = 2                                         {product} {ergonomic}
     uint ConcGCThreads                            = 1                                         {product} {ergonomic}
     uint G1ConcRefinementThreads                  = 2                                         {product} {ergonomic}
   size_t G1HeapRegionSize                         = 1048576                                   {product} {ergonomic}
    uintx GCDrainStackTargetSize                   = 64                                        {product} {ergonomic}
   size_t InitialHeapSize                          = 48234496                                  {product} {ergonomic}
   size_t MarkStackSize                            = 4194304                                   {product} {ergonomic}
   size_t MaxHeapSize                              = 763363328                                 {product} {ergonomic}
   size_t MaxNewSize                               = 457179136                                 {product} {ergonomic}
   size_t MinHeapDeltaBytes                        = 1048576                                   {product} {ergonomic}
    uintx NonNMethodCodeHeapSize                   = 5825164                                {pd product} {ergonomic}
    uintx NonProfiledCodeHeapSize                  = 122916538                              {pd product} {ergonomic}
    uintx ProfiledCodeHeapSize                     = 122916538                              {pd product} {ergonomic}
    uintx ReservedCodeCacheSize                    = 251658240                              {pd product} {ergonomic}
     bool SegmentedCodeCache                       = true                                      {product} {ergonomic}
     bool UseCompressedClassPointers               = true                                 {lp64_product} {ergonomic}
     bool UseCompressedOops                        = true                                 {lp64_product} {ergonomic}
     bool UseG1GC                                  = true                                      {product} {ergonomic}
     bool UseLargePagesIndividualAllocation        = false                                  {pd product} {ergonomic}

Logging:
Log output configuration:
 #0: stdout all=warning uptime,level,tags
 #1: stderr all=off uptime,level,tags

Environment Variables:
JAVA_HOME=C:\Program Files\Java\jdk-12
PATH=C:\Program Files (x86)\Intel\TXE Components\iCLS\;C:\Program Files\Intel\TXE Components\iCLS\;C:\WINDOWS\system32;C:\WINDOWS;C:\WINDOWS\System32\Wbem;C:\WINDOWS\System32\WindowsPowerShell\v1.0\;C:\Program Files\Intel\TXE Components\DAL\;C:\Program Files (x86)\Intel\TXE Components\DAL\;C:\Program Files\Intel\TXE Components\IPT\;C:\Program Files (x86)\Intel\TXE Components\IPT\;C:\Program Files\Git\cmd;C:\Program Files\Java\jdk-12\bin;C:\Users\днс\AppData\Local\Microsoft\WindowsApps;C:\Program Files\heroku\bin
USERNAME=днс
OS=Windows_NT
PROCESSOR_IDENTIFIER=Intel64 Family 6 Model 92 Stepping 9, GenuineIntel



---------------  S Y S T E M  ---------------

OS: Windows 10 , 64 bit Build 16299 (10.0.16299.15)

CPU:total 2 (initial active 2) (2 cores per cpu, 1 threads per core) family 6 model 92 stepping 9, cmov, cx8, fxsr, mmx, sse, sse2, sse3, ssse3, sse4.1, sse4.2, popcnt, aes, clmul, erms, 3dnowpref, tsc, tscinvbit, sha

Memory: 4k page, system-wide physical 2904M (349M free)
TotalPageFile size 3842M (AvailPageFile size 5M)
current process WorkingSet (physical memory assigned to process): 220M, peak: 224M
current process commit charge ("private bytes"): 242M, peak: 245M

vm_info: Java HotSpot(TM) 64-Bit Server VM (12+33) for windows-amd64 JRE (12+33), built on Feb 21 2019 02:31:50 by "mach5one" with MS VC++ 15.5 (VS2017)

END.
