#
# There is insufficient memory for the Java Runtime Environment to continue.
# Native memory allocation (malloc) failed to allocate 1950576 bytes for Chunk::new
# Possible reasons:
#   The system is out of physical RAM or swap space
#   The process is running with CompressedOops enabled, and the Java Heap may be blocking the growth of the native heap
# Possible solutions:
#   Reduce memory load on the system
#   Increase physical memory or swap space
#   Check if swap backing store is full
#   Decrease Java heap size (-Xmx/-Xms)
#   Decrease number of Java threads
#   Decrease Java thread stack sizes (-Xss)
#   Set larger code cache with -XX:ReservedCodeCacheSize=
#   JVM is running with Unscaled Compressed Oops mode in which the Java heap is
#     placed in the first 4GB address space. The Java Heap base address is the
#     maximum limit for the native heap growth. Please use -XX:HeapBaseMinAddress
#     to set the Java Heap base and to place the Java Heap above 4GB virtual address.
# This output file may be truncated or incomplete.
#
#  Out of Memory Error (t:/workspace/open/src/hotspot/share/memory/arena.cpp:197), pid=4228, tid=6784
#
# JRE version: Java(TM) SE Runtime Environment (12.0+33) (build 12+33)
# Java VM: Java HotSpot(TM) 64-Bit Server VM (12+33, mixed mode, sharing, tiered, compressed oops, g1 gc, windows-amd64)
# No core dump will be written. Minidumps are not enabled by default on client versions of Windows
#

---------------  S U M M A R Y ------------

Command Line: -Dmaven.multiModuleProjectDirectory=D:\DANASHOP_test\cbsuperfinal -Dmaven.home=D:\IntelliJ IDEA Community Edition 2020.1.1\plugins\maven\lib\maven3 -Dclassworlds.conf=D:\IntelliJ IDEA Community Edition 2020.1.1\plugins\maven\lib\maven3\bin\m2.conf -Dmaven.ext.class.path=D:\IntelliJ IDEA Community Edition 2020.1.1\plugins\maven\lib\maven-event-listener.jar -javaagent:D:\IntelliJ IDEA Community Edition 2020.1.1\lib\idea_rt.jar=51051:D:\IntelliJ IDEA Community Edition 2020.1.1\bin -Dfile.encoding=windows-1251 org.codehaus.classworlds.Launcher -Didea.version2020.1.1 tomcat7:run

Host: Intel(R) Celeron(R) CPU N3350 @ 1.10GHz, 2 cores, 2G,  Windows 10 , 64 bit Build 16299 (10.0.16299.15)
Time: Tue May 19 23:22:45 2020 RTZ 2 (ceia) elapsed time: 26 seconds (0d 0h 0m 26s)

---------------  T H R E A D  ---------------

Current thread (0x00000178d2aca800):  JavaThread "C2 CompilerThread0" daemon [_thread_in_native, id=6784, stack(0x00000071b8b00000,0x00000071b8c00000)]


Current CompileTask:
C2:  26869 5258   !   4       com.sun.tools.javac.jvm.ClassReader::classSigToType (498 bytes)

Stack: [0x00000071b8b00000,0x00000071b8c00000]
Native frames: (J=compiled Java code, j=interpreted, Vv=VM code, C=native code)
V  [jvm.dll+0x63948a]
V  [jvm.dll+0x78b31f]
V  [jvm.dll+0x78c9c1]
V  [jvm.dll+0x78d013]
V  [jvm.dll+0x262138]
V  [jvm.dll+0xc582c]
V  [jvm.dll+0xc5dac]
V  [jvm.dll+0x3796a7]
V  [jvm.dll+0x345493]
V  [jvm.dll+0x34485a]
V  [jvm.dll+0x21c035]
V  [jvm.dll+0x21b20a]
V  [jvm.dll+0x199890]
V  [jvm.dll+0x22a534]
V  [jvm.dll+0x228b88]
V  [jvm.dll+0x74f660]
V  [jvm.dll+0x748648]
V  [jvm.dll+0x638566]
C  [ucrtbase.dll+0x1d885]
C  [KERNEL32.DLL+0x11fe4]
C  [ntdll.dll+0x6ef91]


---------------  P R O C E S S  ---------------

Threads class SMR info:
_java_thread_list=0x00000178d2d34190, length=11, elements={
0x00000178b54a4000, 0x00000178b557b800, 0x00000178b557c800, 0x00000178d2ac7000,
0x00000178d2ac9800, 0x00000178d2aca800, 0x00000178d2b0f800, 0x00000178d2b21000,
0x00000178d2b8d800, 0x00000178d2d3b800, 0x00000178d2d3c800
}

Java Threads: ( => current thread )
  0x00000178b54a4000 JavaThread "main" [_thread_in_vm, id=3904, stack(0x00000071b7f00000,0x00000071b8000000)]
  0x00000178b557b800 JavaThread "Reference Handler" daemon [_thread_blocked, id=3728, stack(0x00000071b8600000,0x00000071b8700000)]
  0x00000178b557c800 JavaThread "Finalizer" daemon [_thread_blocked, id=7236, stack(0x00000071b8700000,0x00000071b8800000)]
  0x00000178d2ac7000 JavaThread "Signal Dispatcher" daemon [_thread_blocked, id=6452, stack(0x00000071b8900000,0x00000071b8a00000)]
  0x00000178d2ac9800 JavaThread "Attach Listener" daemon [_thread_blocked, id=6984, stack(0x00000071b8a00000,0x00000071b8b00000)]
=>0x00000178d2aca800 JavaThread "C2 CompilerThread0" daemon [_thread_in_native, id=6784, stack(0x00000071b8b00000,0x00000071b8c00000)]
  0x00000178d2b0f800 JavaThread "C1 CompilerThread0" daemon [_thread_in_native, id=3720, stack(0x00000071b8c00000,0x00000071b8d00000)]
  0x00000178d2b21000 JavaThread "Sweeper thread" daemon [_thread_blocked, id=9052, stack(0x00000071b8d00000,0x00000071b8e00000)]
  0x00000178d2b8d800 JavaThread "Common-Cleaner" daemon [_thread_blocked, id=7928, stack(0x00000071b8e00000,0x00000071b8f00000)]
  0x00000178d2d3b800 JavaThread "Monitor Ctrl-Break" daemon [_thread_in_native, id=8884, stack(0x00000071b8f00000,0x00000071b9000000)]
  0x00000178d2d3c800 JavaThread "Service Thread" daemon [_thread_blocked, id=6272, stack(0x00000071b9000000,0x00000071b9100000)]

Other Threads:
  0x00000178b5576800 VMThread "VM Thread" [stack: 0x00000071b8500000,0x00000071b8600000] [id=4584]
  0x00000178d2d8f800 WatcherThread [stack: 0x00000071b9100000,0x00000071b9200000] [id=8680]
  0x00000178b54cb000 GCTaskThread "GC Thread#0" [stack: 0x00000071b8000000,0x00000071b8100000] [id=4944]
  0x00000178d306e800 GCTaskThread "GC Thread#1" [stack: 0x00000071b9500000,0x00000071b9600000] [id=5540]
  0x00000178b54d1000 ConcurrentGCThread "G1 Main Marker" [stack: 0x00000071b8100000,0x00000071b8200000] [id=6196]
  0x00000178b54d3800 ConcurrentGCThread "G1 Conc#0" [stack: 0x00000071b8200000,0x00000071b8300000] [id=5552]
  0x00000178b5510800 ConcurrentGCThread "G1 Refine#0" [stack: 0x00000071b8300000,0x00000071b8400000] [id=2848]
  0x00000178b5511800 ConcurrentGCThread "G1 Young RemSet Sampling" [stack: 0x00000071b8400000,0x00000071b8500000] [id=8720]

Threads with active compile tasks:
C2 CompilerThread0  5258   !   4       com.sun.tools.javac.jvm.ClassReader::classSigToType (498 bytes)
C1 CompilerThread0  5338       3       com.sun.tools.javac.comp.Resolve$5::next (5 bytes)

VM state:not at safepoint (normal execution)

VM Mutex/Monitor currently owned by a thread: None

Heap address: 0x00000000d2800000, size: 728 MB, Compressed Oops mode: 32-bit
Narrow klass base: 0x0000000800000000, Narrow klass shift: 3
Compressed class space size: 1073741824 Address: 0x00000008011a0000

Heap:
 garbage-first heap   total 45056K, used 29699K [0x00000000d2800000, 0x0000000100000000)
  region size 1024K, 14 young (14336K), 1 survivors (1024K)
 Metaspace       used 26657K, capacity 27423K, committed 27644K, reserved 1073152K
  class space    used 2985K, capacity 3221K, committed 3328K, reserved 1048576K
Heap Regions: E=young(eden), S=young(survivor), O=old, HS=humongous(starts), HC=humongous(continues), CS=collection set, F=free, A=archive, TAMS=top-at-mark-start (previous, next)
|   0|0x00000000d2800000, 0x00000000d2900000, 0x00000000d2900000|100%| O|  |TAMS 0x00000000d2900000, 0x00000000d2800000| Untracked 
|   1|0x00000000d2900000, 0x00000000d2a00000, 0x00000000d2a00000|100%| O|  |TAMS 0x00000000d2a00000, 0x00000000d2900000| Untracked 
|   2|0x00000000d2a00000, 0x00000000d2b00000, 0x00000000d2b00000|100%| O|  |TAMS 0x00000000d2b00000, 0x00000000d2a00000| Untracked 
|   3|0x00000000d2b00000, 0x00000000d2c00000, 0x00000000d2c00000|100%| O|  |TAMS 0x00000000d2c00000, 0x00000000d2b00000| Untracked 
|   4|0x00000000d2c00000, 0x00000000d2d00000, 0x00000000d2d00000|100%| O|  |TAMS 0x00000000d2d00000, 0x00000000d2c00000| Untracked 
|   5|0x00000000d2d00000, 0x00000000d2e00000, 0x00000000d2e00000|100%| O|  |TAMS 0x00000000d2e00000, 0x00000000d2d00000| Untracked 
|   6|0x00000000d2e00000, 0x00000000d2f00000, 0x00000000d2f00000|100%| O|  |TAMS 0x00000000d2f00000, 0x00000000d2e00000| Untracked 
|   7|0x00000000d2f00000, 0x00000000d2f4f600, 0x00000000d3000000| 31%| O|  |TAMS 0x00000000d2f4f600, 0x00000000d2f00000| Untracked 
|   8|0x00000000d3000000, 0x00000000d3100000, 0x00000000d3100000|100%| O|  |TAMS 0x00000000d3000000, 0x00000000d3000000| Untracked 
|   9|0x00000000d3100000, 0x00000000d3200000, 0x00000000d3200000|100%| O|  |TAMS 0x00000000d3100000, 0x00000000d3100000| Untracked 
|  10|0x00000000d3200000, 0x00000000d3300000, 0x00000000d3300000|100%| O|  |TAMS 0x00000000d3200000, 0x00000000d3200000| Untracked 
|  11|0x00000000d3300000, 0x00000000d3400000, 0x00000000d3400000|100%| O|  |TAMS 0x00000000d3300000, 0x00000000d3300000| Untracked 
|  12|0x00000000d3400000, 0x00000000d3500000, 0x00000000d3500000|100%| O|  |TAMS 0x00000000d3400000, 0x00000000d3400000| Untracked 
|  13|0x00000000d3500000, 0x00000000d3600000, 0x00000000d3600000|100%| O|  |TAMS 0x00000000d3500000, 0x00000000d3500000| Untracked 
|  14|0x00000000d3600000, 0x00000000d3700000, 0x00000000d3700000|100%| O|  |TAMS 0x00000000d3600000, 0x00000000d3600000| Untracked 
|  15|0x00000000d3700000, 0x00000000d3800000, 0x00000000d3800000|100%| O|  |TAMS 0x00000000d3700000, 0x00000000d3700000| Untracked 
|  16|0x00000000d3800000, 0x00000000d38fa600, 0x00000000d3900000| 97%| O|  |TAMS 0x00000000d3800000, 0x00000000d3800000| Untracked 
|  17|0x00000000d3900000, 0x00000000d3900000, 0x00000000d3a00000|  0%| F|  |TAMS 0x00000000d3900000, 0x00000000d3900000| Untracked 
|  18|0x00000000d3a00000, 0x00000000d3a00000, 0x00000000d3b00000|  0%| F|  |TAMS 0x00000000d3a00000, 0x00000000d3a00000| Untracked 
|  19|0x00000000d3b00000, 0x00000000d3b00000, 0x00000000d3c00000|  0%| F|  |TAMS 0x00000000d3b00000, 0x00000000d3b00000| Untracked 
|  20|0x00000000d3c00000, 0x00000000d3c00000, 0x00000000d3d00000|  0%| F|  |TAMS 0x00000000d3c00000, 0x00000000d3c00000| Untracked 
|  21|0x00000000d3d00000, 0x00000000d3d00000, 0x00000000d3e00000|  0%| F|  |TAMS 0x00000000d3d00000, 0x00000000d3d00000| Untracked 
|  22|0x00000000d3e00000, 0x00000000d3e00000, 0x00000000d3f00000|  0%| F|  |TAMS 0x00000000d3e00000, 0x00000000d3e00000| Untracked 
|  23|0x00000000d3f00000, 0x00000000d3f00000, 0x00000000d4000000|  0%| F|  |TAMS 0x00000000d3f00000, 0x00000000d3f00000| Untracked 
|  24|0x00000000d4000000, 0x00000000d4000000, 0x00000000d4100000|  0%| F|  |TAMS 0x00000000d4000000, 0x00000000d4000000| Untracked 
|  25|0x00000000d4100000, 0x00000000d4100000, 0x00000000d4200000|  0%| F|  |TAMS 0x00000000d4100000, 0x00000000d4100000| Untracked 
|  26|0x00000000d4200000, 0x00000000d4200000, 0x00000000d4300000|  0%| F|  |TAMS 0x00000000d4200000, 0x00000000d4200000| Untracked 
|  27|0x00000000d4300000, 0x00000000d4300000, 0x00000000d4400000|  0%| F|  |TAMS 0x00000000d4300000, 0x00000000d4300000| Untracked 
|  28|0x00000000d4400000, 0x00000000d44b7210, 0x00000000d4500000| 71%| S|CS|TAMS 0x00000000d4400000, 0x00000000d4400000| Complete 
|  29|0x00000000d4500000, 0x00000000d4500000, 0x00000000d4600000|  0%| F|  |TAMS 0x00000000d4500000, 0x00000000d4500000| Untracked 
|  30|0x00000000d4600000, 0x00000000d4600000, 0x00000000d4700000|  0%| F|  |TAMS 0x00000000d4600000, 0x00000000d4600000| Untracked 
|  31|0x00000000d4700000, 0x00000000d47f5b48, 0x00000000d4800000| 95%| E|  |TAMS 0x00000000d4700000, 0x00000000d4700000| Complete 
|  32|0x00000000d4800000, 0x00000000d4900000, 0x00000000d4900000|100%| E|CS|TAMS 0x00000000d4800000, 0x00000000d4800000| Complete 
|  33|0x00000000d4900000, 0x00000000d4a00000, 0x00000000d4a00000|100%| E|CS|TAMS 0x00000000d4900000, 0x00000000d4900000| Complete 
|  34|0x00000000d4a00000, 0x00000000d4b00000, 0x00000000d4b00000|100%| E|CS|TAMS 0x00000000d4a00000, 0x00000000d4a00000| Complete 
|  35|0x00000000d4b00000, 0x00000000d4c00000, 0x00000000d4c00000|100%| E|CS|TAMS 0x00000000d4b00000, 0x00000000d4b00000| Complete 
|  36|0x00000000d4c00000, 0x00000000d4d00000, 0x00000000d4d00000|100%| E|CS|TAMS 0x00000000d4c00000, 0x00000000d4c00000| Complete 
|  37|0x00000000d4d00000, 0x00000000d4e00000, 0x00000000d4e00000|100%| E|CS|TAMS 0x00000000d4d00000, 0x00000000d4d00000| Complete 
|  38|0x00000000d4e00000, 0x00000000d4f00000, 0x00000000d4f00000|100%| E|CS|TAMS 0x00000000d4e00000, 0x00000000d4e00000| Complete 
|  39|0x00000000d4f00000, 0x00000000d5000000, 0x00000000d5000000|100%| E|CS|TAMS 0x00000000d4f00000, 0x00000000d4f00000| Complete 
|  40|0x00000000d5000000, 0x00000000d5100000, 0x00000000d5100000|100%| E|CS|TAMS 0x00000000d5000000, 0x00000000d5000000| Complete 
|  41|0x00000000d5100000, 0x00000000d5200000, 0x00000000d5200000|100%| E|CS|TAMS 0x00000000d5100000, 0x00000000d5100000| Complete 
|  42|0x00000000d5200000, 0x00000000d5300000, 0x00000000d5300000|100%| E|CS|TAMS 0x00000000d5200000, 0x00000000d5200000| Complete 
|  45|0x00000000d5500000, 0x00000000d5600000, 0x00000000d5600000|100%| E|CS|TAMS 0x00000000d5500000, 0x00000000d5500000| Complete 

Card table byte_map: [0x00000178ce5d0000,0x00000178ce740000] _byte_map_base: 0x00000178cdf3c000

Marking Bits (Prev, Next): (CMBitMap*) 0x00000178b54cc198, (CMBitMap*) 0x00000178b54cc158
 Prev Bits: [0x00000178cf410000, 0x00000178cff70000)
 Next Bits: [0x00000178ce8b0000, 0x00000178cf410000)

Polling page: 0x00000178b5250000

Metaspace:

Usage:
  Non-class:     23.63 MB capacity,    23.12 MB ( 98%) used,   474.48 KB (  2%) free+waste,    54.81 KB ( <1%) overhead. 
      Class:      3.15 MB capacity,     2.92 MB ( 93%) used,   211.73 KB (  7%) free+waste,    24.06 KB ( <1%) overhead. 
       Both:     26.78 MB capacity,    26.03 MB ( 97%) used,   686.20 KB (  3%) free+waste,    78.88 KB ( <1%) overhead. 

Virtual space:
  Non-class space:       24.00 MB reserved,      23.75 MB ( 99%) committed 
      Class space:        1.00 GB reserved,       3.25 MB ( <1%) committed 
             Both:        1.02 GB reserved,      27.00 MB (  3%) committed 

Chunk freelists:
   Non-Class:  6.25 KB
       Class:  1.38 KB
        Both:  7.63 KB

CodeHeap 'non-profiled nmethods': size=120064Kb used=2411Kb max_used=2491Kb free=117652Kb
 bounds [0x00000178c6b20000, 0x00000178c6d90000, 0x00000178ce060000]
CodeHeap 'profiled nmethods': size=120000Kb used=12104Kb max_used=12581Kb free=107895Kb
 bounds [0x00000178bf5f0000, 0x00000178c0240000, 0x00000178c6b20000]
CodeHeap 'non-nmethods': size=5696Kb used=1182Kb max_used=1233Kb free=4513Kb
 bounds [0x00000178bf060000, 0x00000178bf2d0000, 0x00000178bf5f0000]
 total_blobs=6924 nmethods=5056 adapters=431
 compilation: enabled
              stopped_count=0, restarted_count=0
 full_count=0

Compilation events (10 events):
Event: 26.248 Thread 0x00000178d2b0f800 nmethod 5304 0x00000178c0237d90 code [0x00000178c0237f60, 0x00000178c0238110]
Event: 26.256 Thread 0x00000178d2b0f800 5305   !   2       com.sun.tools.javac.jvm.ClassReader$11::read (222 bytes)
Event: 26.258 Thread 0x00000178d2b0f800 nmethod 5305 0x00000178c0238210 code [0x00000178c02384e0, 0x00000178c0238fe0]
Event: 26.259 Thread 0x00000178d2b0f800 5306       2       com.sun.tools.javac.code.Types$MapVisitor::<init> (5 bytes)
Event: 26.259 Thread 0x00000178d2b0f800 nmethod 5306 0x00000178c0239890 code [0x00000178c0239a40, 0x00000178c0239bb8]
Event: 26.265 Thread 0x00000178d2aca800 nmethod 5051 0x00000178c6d8b510 code [0x00000178c6d8b900, 0x00000178c6d8d110]
Event: 26.265 Thread 0x00000178d2aca800 5258   !   4       com.sun.tools.javac.jvm.ClassReader::classSigToType (498 bytes)
Event: 26.266 Thread 0x00000178d2b0f800 5307       3       com.sun.tools.javac.code.Types$TypeMapping::<init> (5 bytes)
Event: 26.267 Thread 0x00000178d2b0f800 nmethod 5307 0x00000178c0239c90 code [0x00000178c0239e60, 0x00000178c023a0f8]
Event: 26.865 Thread 0x00000178d2b0f800 5308       3       com.sun.tools.javac.code.Type$StructuralTypeMapping::<init> (5 bytes)

GC Heap History (10 events):
Event: 20.921 GC heap before
{Heap before GC invocations=8 (full 0):
 garbage-first heap   total 47104K, used 15677K [0x00000000d2800000, 0x0000000100000000)
  region size 1024K, 10 young (10240K), 2 survivors (2048K)
 Metaspace       used 20487K, capacity 21137K, committed 21248K, reserved 1069056K
  class space    used 2347K, capacity 2544K, committed 2560K, reserved 1048576K
}
Event: 20.935 GC heap after
{Heap after GC invocations=9 (full 0):
 garbage-first heap   total 47104K, used 10888K [0x00000000d2800000, 0x0000000100000000)
  region size 1024K, 4 young (4096K), 4 survivors (4096K)
 Metaspace       used 20487K, capacity 21137K, committed 21248K, reserved 1069056K
  class space    used 2347K, capacity 2544K, committed 2560K, reserved 1048576K
}
Event: 22.252 GC heap before
{Heap before GC invocations=10 (full 0):
 garbage-first heap   total 45056K, used 28296K [0x00000000d2800000, 0x0000000100000000)
  region size 1024K, 21 young (21504K), 4 survivors (4096K)
 Metaspace       used 23210K, capacity 23903K, committed 24188K, reserved 1071104K
  class space    used 2608K, capacity 2848K, committed 2944K, reserved 1048576K
}
Event: 22.270 GC heap after
{Heap after GC invocations=11 (full 0):
 garbage-first heap   total 45056K, used 13708K [0x00000000d2800000, 0x0000000100000000)
  region size 1024K, 3 young (3072K), 3 survivors (3072K)
 Metaspace       used 23210K, capacity 23903K, committed 24188K, reserved 1071104K
  class space    used 2608K, capacity 2848K, committed 2944K, reserved 1048576K
}
Event: 23.285 GC heap before
{Heap before GC invocations=11 (full 0):
 garbage-first heap   total 45056K, used 28044K [0x00000000d2800000, 0x0000000100000000)
  region size 1024K, 18 young (18432K), 3 survivors (3072K)
 Metaspace       used 24056K, capacity 24862K, committed 24956K, reserved 1071104K
  class space    used 2678K, capacity 2912K, committed 2944K, reserved 1048576K
}
Event: 23.307 GC heap after
{Heap after GC invocations=12 (full 0):
 garbage-first heap   total 45056K, used 16457K [0x00000000d2800000, 0x0000000100000000)
  region size 1024K, 3 young (3072K), 3 survivors (3072K)
 Metaspace       used 24056K, capacity 24862K, committed 24956K, reserved 1071104K
  class space    used 2678K, capacity 2912K, committed 2944K, reserved 1048576K
}
Event: 24.085 GC heap before
{Heap before GC invocations=12 (full 0):
 garbage-first heap   total 45056K, used 29769K [0x00000000d2800000, 0x0000000100000000)
  region size 1024K, 17 young (17408K), 3 survivors (3072K)
 Metaspace       used 24757K, capacity 25508K, committed 25852K, reserved 1073152K
  class space    used 2768K, capacity 2978K, committed 3072K, reserved 1048576K
}
Event: 24.096 GC heap after
{Heap after GC invocations=13 (full 0):
 garbage-first heap   total 45056K, used 17181K [0x00000000d2800000, 0x0000000100000000)
  region size 1024K, 1 young (1024K), 1 survivors (1024K)
 Metaspace       used 24757K, capacity 25508K, committed 25852K, reserved 1073152K
  class space    used 2768K, capacity 2978K, committed 3072K, reserved 1048576K
}
Event: 24.896 GC heap before
{Heap before GC invocations=13 (full 0):
 garbage-first heap   total 45056K, used 30493K [0x00000000d2800000, 0x0000000100000000)
  region size 1024K, 15 young (15360K), 1 survivors (1024K)
 Metaspace       used 25500K, capacity 26276K, committed 26492K, reserved 1073152K
  class space    used 2852K, capacity 3083K, committed 3200K, reserved 1048576K
}
Event: 24.901 GC heap after
{Heap after GC invocations=14 (full 0):
 garbage-first heap   total 45056K, used 17411K [0x00000000d2800000, 0x0000000100000000)
  region size 1024K, 1 young (1024K), 1 survivors (1024K)
 Metaspace       used 25500K, capacity 26276K, committed 26492K, reserved 1073152K
  class space    used 2852K, capacity 3083K, committed 3200K, reserved 1048576K
}

Deoptimization events (10 events):
Event: 25.214 Thread 0x00000178b54a4000 Uncommon trap: reason=profile_predicate action=maybe_recompile pc=0x00000178c6d6e378 method=java.io.WinNTFileSystem.normalize(Ljava/lang/String;)Ljava/lang/String; @ 25 c2
Event: 25.232 Thread 0x00000178b54a4000 Uncommon trap: reason=bimorphic_or_optimized_type_check action=maybe_recompile pc=0x00000178c6d7330c method=lombok.javac.JavacNode.traverse(Llombok/javac/JavacASTVisitor;)V @ 73 c2
Event: 25.232 Thread 0x00000178b54a4000 Uncommon trap: reason=bimorphic_or_optimized_type_check action=maybe_recompile pc=0x00000178c6d736b0 method=lombok.javac.JavacNode.traverse(Llombok/javac/JavacASTVisitor;)V @ 113 c2
Event: 25.232 Thread 0x00000178b54a4000 Uncommon trap: reason=bimorphic_or_optimized_type_check action=maybe_recompile pc=0x00000178c6d73268 method=lombok.javac.JavacNode.traverse(Llombok/javac/JavacASTVisitor;)V @ 193 c2
Event: 25.232 Thread 0x00000178b54a4000 Uncommon trap: reason=bimorphic_or_optimized_type_check action=maybe_recompile pc=0x00000178c6d72c38 method=lombok.javac.JavacNode.traverse(Llombok/javac/JavacASTVisitor;)V @ 369 c2
Event: 25.232 Thread 0x00000178b54a4000 Uncommon trap: reason=bimorphic_or_optimized_type_check action=maybe_recompile pc=0x00000178c6d72c38 method=lombok.javac.JavacNode.traverse(Llombok/javac/JavacASTVisitor;)V @ 369 c2
Event: 25.292 Thread 0x00000178b54a4000 Uncommon trap: reason=unstable_if action=reinterpret pc=0x00000178c6d54f90 method=java.util.IdentityHashMap.maskNull(Ljava/lang/Object;)Ljava/lang/Object; @ 1 c2
Event: 25.947 Thread 0x00000178b54a4000 Uncommon trap: reason=bimorphic_or_optimized_type_check action=maybe_recompile pc=0x00000178c6d2dac0 method=java.util.HashMap.putVal(ILjava/lang/Object;Ljava/lang/Object;ZZ)Ljava/lang/Object; @ 56 c2
Event: 25.978 Thread 0x00000178b54a4000 Uncommon trap: reason=bimorphic_or_optimized_type_check action=maybe_recompile pc=0x00000178c6d2ce4c method=java.util.HashMap.putVal(ILjava/lang/Object;Ljava/lang/Object;ZZ)Ljava/lang/Object; @ 253 c2
Event: 25.994 Thread 0x00000178b54a4000 Uncommon trap: reason=bimorphic_or_optimized_type_check action=maybe_recompile pc=0x00000178c6d2ce4c method=java.util.HashMap.putVal(ILjava/lang/Object;Ljava/lang/Object;ZZ)Ljava/lang/Object; @ 253 c2

Classes redefined (0 events):
No events

Internal exceptions (10 events):
Event: 25.594 Thread 0x00000178b54a4000 Exception <a 'sun/nio/fs/WindowsException'{0x00000000d4d39c78}> (0x00000000d4d39c78) thrown at [t:/workspace/open/src/hotspot/share/prims/jni.cpp, line 615]
Event: 25.597 Thread 0x00000178b54a4000 Exception <a 'sun/nio/fs/WindowsException'{0x00000000d4d3bd08}> (0x00000000d4d3bd08) thrown at [t:/workspace/open/src/hotspot/share/prims/jni.cpp, line 615]
Event: 25.597 Thread 0x00000178b54a4000 Exception <a 'sun/nio/fs/WindowsException'{0x00000000d4d3bfa8}> (0x00000000d4d3bfa8) thrown at [t:/workspace/open/src/hotspot/share/prims/jni.cpp, line 615]
Event: 25.857 Thread 0x00000178b54a4000 Exception <a 'java/lang/NoSuchMethodError'{0x00000000d4ac5068}: java.lang.invoke.DirectMethodHandle$Holder.invokeSpecial(Ljava/lang/Object;Ljava/lang/Object;Ljava/lang/Object;Ljava/lang/Object;)I> (0x00000000d4ac5068) thrown at [t:/workspace/open/src/hots
Event: 26.154 Thread 0x00000178b54a4000 Exception <a 'sun/nio/fs/WindowsException'{0x00000000d480a5e8}> (0x00000000d480a5e8) thrown at [t:/workspace/open/src/hotspot/share/prims/jni.cpp, line 615]
Event: 26.161 Thread 0x00000178b54a4000 Exception <a 'sun/nio/fs/WindowsException'{0x00000000d4821b88}> (0x00000000d4821b88) thrown at [t:/workspace/open/src/hotspot/share/prims/jni.cpp, line 615]
Event: 26.166 Thread 0x00000178b54a4000 Exception <a 'sun/nio/fs/WindowsException'{0x00000000d483b498}> (0x00000000d483b498) thrown at [t:/workspace/open/src/hotspot/share/prims/jni.cpp, line 615]
Event: 26.221 Thread 0x00000178b54a4000 Exception <a 'sun/nio/fs/WindowsException'{0x00000000d4748a10}> (0x00000000d4748a10) thrown at [t:/workspace/open/src/hotspot/share/prims/jni.cpp, line 615]
Event: 26.221 Thread 0x00000178b54a4000 Exception <a 'sun/nio/fs/WindowsException'{0x00000000d4749088}> (0x00000000d4749088) thrown at [t:/workspace/open/src/hotspot/share/prims/jni.cpp, line 615]
Event: 26.221 Thread 0x00000178b54a4000 Exception <a 'sun/nio/fs/WindowsException'{0x00000000d47497b8}> (0x00000000d47497b8) thrown at [t:/workspace/open/src/hotspot/share/prims/jni.cpp, line 615]

Events (10 events):
Event: 26.864 Thread 0x00000178d2b21000 flushing nmethod 0x00000178bf62df90
Event: 26.864 Thread 0x00000178d2b21000 flushing nmethod 0x00000178bf630610
Event: 26.864 Thread 0x00000178d2b21000 flushing nmethod 0x00000178bf634690
Event: 26.864 Thread 0x00000178d2b21000 flushing nmethod 0x00000178bf63a010
Event: 26.864 Thread 0x00000178d2b21000 flushing nmethod 0x00000178bf641d10
Event: 26.865 Thread 0x00000178d2b21000 flushing nmethod 0x00000178bf67aa10
Event: 26.865 Thread 0x00000178d2b21000 flushing nmethod 0x00000178bf68bd90
Event: 26.865 Thread 0x00000178d2b21000 flushing nmethod 0x00000178bf69ed90
Event: 26.865 Thread 0x00000178d2b21000 flushing nmethod 0x00000178bf6a8a10
Event: 26.865 Thread 0x00000178d2b21000 flushing nmethod 0x00000178bf6e1390


Dynamic libraries:
0x00007ff6a1100000 - 0x00007ff6a110f000 	C:\Program Files\Java\jdk-12\bin\java.exe
0x00007ffefbbd0000 - 0x00007ffefbdb0000 	C:\WINDOWS\SYSTEM32\ntdll.dll
0x00007ffef9440000 - 0x00007ffef94ee000 	C:\WINDOWS\System32\KERNEL32.DLL
0x00007ffef8de0000 - 0x00007ffef9046000 	C:\WINDOWS\System32\KERNELBASE.dll
0x00007ffef80f0000 - 0x00007ffef81e6000 	C:\WINDOWS\System32\ucrtbase.dll
0x00007ffef4cd0000 - 0x00007ffef4ce8000 	C:\Program Files\Java\jdk-12\bin\jli.dll
0x00007ffefbaf0000 - 0x00007ffefbb91000 	C:\WINDOWS\System32\ADVAPI32.dll
0x00007ffef93a0000 - 0x00007ffef943d000 	C:\WINDOWS\System32\msvcrt.dll
0x00007ffefac00000 - 0x00007ffefac5b000 	C:\WINDOWS\System32\sechost.dll
0x00007ffef95a0000 - 0x00007ffef96bf000 	C:\WINDOWS\System32\RPCRT4.dll
0x00007ffef9210000 - 0x00007ffef939f000 	C:\WINDOWS\System32\USER32.dll
0x00007ffef8b10000 - 0x00007ffef8b30000 	C:\WINDOWS\System32\win32u.dll
0x00007ffefb360000 - 0x00007ffefb388000 	C:\WINDOWS\System32\GDI32.dll
0x00007ffef8b30000 - 0x00007ffef8cc4000 	C:\WINDOWS\System32\gdi32full.dll
0x00007ffef8050000 - 0x00007ffef80eb000 	C:\WINDOWS\System32\msvcp_win.dll
0x00007ffef3a80000 - 0x00007ffef3a96000 	C:\Program Files\Java\jdk-12\bin\VCRUNTIME140.dll
0x00007ffef1eb0000 - 0x00007ffef1eba000 	C:\WINDOWS\SYSTEM32\VERSION.dll
0x00007ffee7680000 - 0x00007ffee78e9000 	C:\WINDOWS\WinSxS\amd64_microsoft.windows.common-controls_6595b64144ccf1df_6.0.16299.64_none_cc9304e22215ca8f\COMCTL32.dll
0x00007ffefb390000 - 0x00007ffefb698000 	C:\WINDOWS\System32\combase.dll
0x00007ffef7fd0000 - 0x00007ffef8042000 	C:\WINDOWS\System32\bcryptPrimitives.dll
0x00007ffefb330000 - 0x00007ffefb35d000 	C:\WINDOWS\System32\IMM32.DLL
0x00007ffee45e0000 - 0x00007ffee468a000 	C:\Program Files\Java\jdk-12\bin\msvcp140.dll
0x00007ffecb4d0000 - 0x00007ffecc044000 	C:\Program Files\Java\jdk-12\bin\server\jvm.dll
0x00007ffefb190000 - 0x00007ffefb198000 	C:\WINDOWS\System32\PSAPI.DLL
0x00007ffeed4e0000 - 0x00007ffeed4e9000 	C:\WINDOWS\SYSTEM32\WSOCK32.dll
0x00007ffefba70000 - 0x00007ffefbadc000 	C:\WINDOWS\System32\WS2_32.dll
0x00007ffef4850000 - 0x00007ffef4873000 	C:\WINDOWS\SYSTEM32\WINMM.dll
0x00007ffef43c0000 - 0x00007ffef43ea000 	C:\WINDOWS\SYSTEM32\winmmbase.dll
0x00007ffef9050000 - 0x00007ffef909a000 	C:\WINDOWS\System32\cfgmgr32.dll
0x00007ffef7f40000 - 0x00007ffef7f51000 	C:\WINDOWS\System32\kernel.appcore.dll
0x00007ffef2d10000 - 0x00007ffef2d21000 	C:\Program Files\Java\jdk-12\bin\verify.dll
0x00007ffef6a00000 - 0x00007ffef6bc8000 	C:\WINDOWS\SYSTEM32\DBGHELP.DLL
0x00007ffeecfd0000 - 0x00007ffeecff9000 	C:\WINDOWS\SYSTEM32\dbgcore.DLL
0x00007ffeecf20000 - 0x00007ffeecf46000 	C:\Program Files\Java\jdk-12\bin\java.dll
0x00007ffef4d00000 - 0x00007ffef4d0e000 	C:\Program Files\Java\jdk-12\bin\instrument.dll
0x00007ffeeb440000 - 0x00007ffeeb457000 	C:\Program Files\Java\jdk-12\bin\zip.dll
0x00007ffeeeb60000 - 0x00007ffeeeb6a000 	C:\Program Files\Java\jdk-12\bin\jimage.dll
0x00007ffef97c0000 - 0x00007ffefabf7000 	C:\WINDOWS\System32\SHELL32.dll
0x00007ffef94f0000 - 0x00007ffef9596000 	C:\WINDOWS\System32\shcore.dll
0x00007ffef81f0000 - 0x00007ffef8937000 	C:\WINDOWS\System32\windows.storage.dll
0x00007ffefb0b0000 - 0x00007ffefb101000 	C:\WINDOWS\System32\shlwapi.dll
0x00007ffef7f80000 - 0x00007ffef7fcc000 	C:\WINDOWS\System32\powrprof.dll
0x00007ffef7f20000 - 0x00007ffef7f3b000 	C:\WINDOWS\System32\profapi.dll
0x00007ffeeb390000 - 0x00007ffeeb3a9000 	C:\Program Files\Java\jdk-12\bin\net.dll
0x00007ffee6dd0000 - 0x00007ffee6f9c000 	C:\WINDOWS\SYSTEM32\urlmon.dll
0x00007ffefb1a0000 - 0x00007ffefb1bd000 	C:\WINDOWS\System32\imagehlp.dll
0x00007ffeef940000 - 0x00007ffeefa1e000 	C:\WINDOWS\SYSTEM32\WINHTTP.dll
0x00007ffeeaf70000 - 0x00007ffeeb209000 	C:\WINDOWS\SYSTEM32\iertutil.dll
0x00007ffef7970000 - 0x00007ffef797b000 	C:\WINDOWS\SYSTEM32\CRYPTBASE.DLL
0x00007ffef77b0000 - 0x00007ffef7816000 	C:\WINDOWS\system32\mswsock.dll
0x00007ffeeb370000 - 0x00007ffeeb383000 	C:\Program Files\Java\jdk-12\bin\nio.dll
0x00007ffeeb2d0000 - 0x00007ffeeb2ea000 	D:\IntelliJ IDEA Community Edition 2020.1.1\bin\breakgen64.dll
0x00007ffef7980000 - 0x00007ffef7997000 	C:\WINDOWS\SYSTEM32\CRYPTSP.dll
0x00007ffef73c0000 - 0x00007ffef73f3000 	C:\WINDOWS\system32\rsaenh.dll
0x00007ffef7a80000 - 0x00007ffef7aa5000 	C:\WINDOWS\SYSTEM32\bcrypt.dll
0x00007ffef7e20000 - 0x00007ffef7e49000 	C:\WINDOWS\SYSTEM32\USERENV.dll
0x00007ffef7540000 - 0x00007ffef7579000 	C:\WINDOWS\SYSTEM32\IPHLPAPI.DLL
0x00007ffefbae0000 - 0x00007ffefbae8000 	C:\WINDOWS\System32\NSI.dll
0x00007ffef03d0000 - 0x00007ffef03e6000 	C:\WINDOWS\SYSTEM32\dhcpcsvc6.DLL
0x00007ffef0e50000 - 0x00007ffef0e6a000 	C:\WINDOWS\SYSTEM32\dhcpcsvc.DLL
0x00007ffee3cd0000 - 0x00007ffee3cda000 	C:\Users\днс\AppData\Local\Temp\jansi-1.17.1-12185476273068860512.dll
0x00007ffee2f80000 - 0x00007ffee2f8a000 	C:\Users\днс\AppData\Local\Temp\jansi-1.17.1-7106173166861364609.dll

dbghelp: loaded successfully - version: 4.0.5 - missing functions: none
symbol engine: initialized successfully - sym options: 0x614 - pdb path: .;C:\Program Files\Java\jdk-12\bin;C:\WINDOWS\SYSTEM32;C:\WINDOWS\WinSxS\amd64_microsoft.windows.common-controls_6595b64144ccf1df_6.0.16299.64_none_cc9304e22215ca8f;C:\Program Files\Java\jdk-12\bin\server;D:\IntelliJ IDEA Community Edition 2020.1.1\bin;C:\Users\днс\AppData\Local\Temp

VM Arguments:
jvm_args: -Dmaven.multiModuleProjectDirectory=D:\DANASHOP_test\cbsuperfinal -Dmaven.home=D:\IntelliJ IDEA Community Edition 2020.1.1\plugins\maven\lib\maven3 -Dclassworlds.conf=D:\IntelliJ IDEA Community Edition 2020.1.1\plugins\maven\lib\maven3\bin\m2.conf -Dmaven.ext.class.path=D:\IntelliJ IDEA Community Edition 2020.1.1\plugins\maven\lib\maven-event-listener.jar -javaagent:D:\IntelliJ IDEA Community Edition 2020.1.1\lib\idea_rt.jar=51051:D:\IntelliJ IDEA Community Edition 2020.1.1\bin -Dfile.encoding=windows-1251 
java_command: org.codehaus.classworlds.Launcher -Didea.version2020.1.1 tomcat7:run
java_class_path (initial): D:\IntelliJ IDEA Community Edition 2020.1.1\plugins\maven\lib\maven3\boot\plexus-classworlds-2.6.0.jar;D:\IntelliJ IDEA Community Edition 2020.1.1\plugins\maven\lib\maven3\boot\plexus-classworlds.license
Launcher Type: SUN_STANDARD

[Global flags]
     intx CICompilerCount                          = 2                                         {product} {ergonomic}
     uint ConcGCThreads                            = 1                                         {product} {ergonomic}
     uint G1ConcRefinementThreads                  = 2                                         {product} {ergonomic}
   size_t G1HeapRegionSize                         = 1048576                                   {product} {ergonomic}
    uintx GCDrainStackTargetSize                   = 64                                        {product} {ergonomic}
   size_t InitialHeapSize                          = 48234496                                  {product} {ergonomic}
   size_t MarkStackSize                            = 4194304                                   {product} {ergonomic}
   size_t MaxHeapSize                              = 763363328                                 {product} {ergonomic}
   size_t MaxNewSize                               = 457179136                                 {product} {ergonomic}
   size_t MinHeapDeltaBytes                        = 1048576                                   {product} {ergonomic}
    uintx NonNMethodCodeHeapSize                   = 5825164                                {pd product} {ergonomic}
    uintx NonProfiledCodeHeapSize                  = 122916538                              {pd product} {ergonomic}
    uintx ProfiledCodeHeapSize                     = 122916538                              {pd product} {ergonomic}
    uintx ReservedCodeCacheSize                    = 251658240                              {pd product} {ergonomic}
     bool SegmentedCodeCache                       = true                                      {product} {ergonomic}
     bool UseCompressedClassPointers               = true                                 {lp64_product} {ergonomic}
     bool UseCompressedOops                        = true                                 {lp64_product} {ergonomic}
     bool UseG1GC                                  = true                                      {product} {ergonomic}
     bool UseLargePagesIndividualAllocation        = false                                  {pd product} {ergonomic}

Logging:
Log output configuration:
 #0: stdout all=warning uptime,level,tags
 #1: stderr all=off uptime,level,tags

Environment Variables:
JAVA_HOME=C:\Program Files\Java\jdk-12
PATH=C:\Program Files (x86)\Intel\TXE Components\iCLS\;C:\Program Files\Intel\TXE Components\iCLS\;C:\WINDOWS\system32;C:\WINDOWS;C:\WINDOWS\System32\Wbem;C:\WINDOWS\System32\WindowsPowerShell\v1.0\;C:\Program Files\Intel\TXE Components\DAL\;C:\Program Files (x86)\Intel\TXE Components\DAL\;C:\Program Files\Intel\TXE Components\IPT\;C:\Program Files (x86)\Intel\TXE Components\IPT\;C:\Program Files\Git\cmd;C:\Program Files\Java\jdk-12\bin;C:\Users\днс\AppData\Local\Microsoft\WindowsApps;C:\Program Files\heroku\bin
USERNAME=днс
OS=Windows_NT
PROCESSOR_IDENTIFIER=Intel64 Family 6 Model 92 Stepping 9, GenuineIntel



---------------  S Y S T E M  ---------------

OS: Windows 10 , 64 bit Build 16299 (10.0.16299.15)

CPU:total 2 (initial active 2) (2 cores per cpu, 1 threads per core) family 6 model 92 stepping 9, cmov, cx8, fxsr, mmx, sse, sse2, sse3, ssse3, sse4.1, sse4.2, popcnt, aes, clmul, erms, 3dnowpref, tsc, tscinvbit, sha

Memory: 4k page, system-wide physical 2904M (413M free)
TotalPageFile size 3754M (AvailPageFile size 5M)
current process WorkingSet (physical memory assigned to process): 167M, peak: 168M
current process commit charge ("private bytes"): 183M, peak: 185M

vm_info: Java HotSpot(TM) 64-Bit Server VM (12+33) for windows-amd64 JRE (12+33), built on Feb 21 2019 02:31:50 by "mach5one" with MS VC++ 15.5 (VS2017)

END.
