#
# There is insufficient memory for the Java Runtime Environment to continue.
# Native memory allocation (mmap) failed to map 41943040 bytes for Failed to commit area from 0x00000000d6100000 to 0x00000000d8900000 of length 41943040.
# Possible reasons:
#   The system is out of physical RAM or swap space
#   The process is running with CompressedOops enabled, and the Java Heap may be blocking the growth of the native heap
# Possible solutions:
#   Reduce memory load on the system
#   Increase physical memory or swap space
#   Check if swap backing store is full
#   Decrease Java heap size (-Xmx/-Xms)
#   Decrease number of Java threads
#   Decrease Java thread stack sizes (-Xss)
#   Set larger code cache with -XX:ReservedCodeCacheSize=
#   JVM is running with Unscaled Compressed Oops mode in which the Java heap is
#     placed in the first 4GB address space. The Java Heap base address is the
#     maximum limit for the native heap growth. Please use -XX:HeapBaseMinAddress
#     to set the Java Heap base and to place the Java Heap above 4GB virtual address.
# This output file may be truncated or incomplete.
#
#  Out of Memory Error (t:/workspace/open/src/hotspot/os/windows/os_windows.cpp:3254), pid=7760, tid=4396
#
# JRE version: Java(TM) SE Runtime Environment (12.0+33) (build 12+33)
# Java VM: Java HotSpot(TM) 64-Bit Server VM (12+33, mixed mode, sharing, tiered, compressed oops, g1 gc, windows-amd64)
# No core dump will be written. Minidumps are not enabled by default on client versions of Windows
#

---------------  S U M M A R Y ------------

Command Line: -Dmaven.multiModuleProjectDirectory=D:\DANASHOP_test\cbsuperfinal -Dmaven.home=D:\IntelliJ IDEA Community Edition 2020.1.1\plugins\maven\lib\maven3 -Dclassworlds.conf=D:\IntelliJ IDEA Community Edition 2020.1.1\plugins\maven\lib\maven3\bin\m2.conf -Dmaven.ext.class.path=D:\IntelliJ IDEA Community Edition 2020.1.1\plugins\maven\lib\maven-event-listener.jar -javaagent:D:\IntelliJ IDEA Community Edition 2020.1.1\lib\idea_rt.jar=50493:D:\IntelliJ IDEA Community Edition 2020.1.1\bin -Dfile.encoding=windows-1251 org.codehaus.classworlds.Launcher -Didea.version2020.1.1 tomcat7:run

Host: Intel(R) Celeron(R) CPU N3350 @ 1.10GHz, 2 cores, 2G,  Windows 10 , 64 bit Build 16299 (10.0.16299.15)
Time: Thu May 21 23:05:39 2020 RTZ 2 (ceia) elapsed time: 34 seconds (0d 0h 0m 34s)

---------------  T H R E A D  ---------------

Current thread (0x000001b098b34000):  VMThread "VM Thread" [stack: 0x00000060c5600000,0x00000060c5700000] [id=4396]

Stack: [0x00000060c5600000,0x00000060c5700000]
[error occurred during error reporting (printing stack bounds), id 0xc0000005, EXCEPTION_ACCESS_VIOLATION (0xc0000005) at pc=0x000001b0a2620bbd]

Native frames: (J=compiled Java code, j=interpreted, Vv=VM code, C=native code)
V  [jvm.dll+0x63948a]
V  [jvm.dll+0x78b31f]
V  [jvm.dll+0x78c9c1]
V  [jvm.dll+0x78cf75]
V  [jvm.dll+0x78cf2b]
V  [jvm.dll+0x638b84]
V  [jvm.dll+0x638f58]
C  [ntdll.dll+0xa4c3d]
C  [ntdll.dll+0x1d1b8]
C  [ntdll.dll+0xa3b6e]
C  0x000001b0a2620bbd

VM_Operation (0x00000060c68fdbb0): G1CollectForAllocation, mode: safepoint, requested by thread 0x000001b0b82e7800


---------------  P R O C E S S  ---------------

Threads class SMR info:
_java_thread_list=0x000001b0b82c6300, length=13, elements={
0x000001b098a67000, 0x000001b098b39800, 0x000001b098b3a800, 0x000001b0b6084000,
0x000001b0b6085000, 0x000001b0b6087000, 0x000001b0b608b000, 0x000001b0b608c000,
0x000001b0b606c800, 0x000001b0b6372800, 0x000001b0b6373000, 0x000001b0b8b64000,
0x000001b0b82e7800
}

Java Threads: ( => current thread )
  0x000001b098a67000 JavaThread "main" [_thread_blocked, id=2516, stack(0x00000060c5000000,0x00000060c5100000)]
  0x000001b098b39800 JavaThread "Reference Handler" daemon [_thread_blocked, id=4640, stack(0x00000060c5700000,0x00000060c5800000)]
  0x000001b098b3a800 JavaThread "Finalizer" daemon [_thread_blocked, id=6724, stack(0x00000060c5800000,0x00000060c5900000)]
  0x000001b0b6084000 JavaThread "Signal Dispatcher" daemon [_thread_blocked, id=1768, stack(0x00000060c5a00000,0x00000060c5b00000)]
  0x000001b0b6085000 JavaThread "Attach Listener" daemon [_thread_blocked, id=7948, stack(0x00000060c5b00000,0x00000060c5c00000)]
  0x000001b0b6087000 JavaThread "C2 CompilerThread0" daemon [_thread_in_native, id=6988, stack(0x00000060c5c00000,0x00000060c5d00000)]
  0x000001b0b608b000 JavaThread "C1 CompilerThread0" daemon [_thread_blocked, id=8812, stack(0x00000060c5d00000,0x00000060c5e00000)]
  0x000001b0b608c000 JavaThread "Sweeper thread" daemon [_thread_blocked, id=4332, stack(0x00000060c5e00000,0x00000060c5f00000)]
  0x000001b0b606c800 JavaThread "Common-Cleaner" daemon [_thread_blocked, id=4384, stack(0x00000060c5f00000,0x00000060c6000000)]
  0x000001b0b6372800 JavaThread "Monitor Ctrl-Break" daemon [_thread_in_native, id=8696, stack(0x00000060c6000000,0x00000060c6100000)]
  0x000001b0b6373000 JavaThread "Service Thread" daemon [_thread_blocked, id=8820, stack(0x00000060c6100000,0x00000060c6200000)]
  0x000001b0b8b64000 JavaThread "Tomcat-startStop-1" daemon [_thread_blocked, id=6596, stack(0x00000060c6700000,0x00000060c6800000)]
  0x000001b0b82e7800 JavaThread "localhost-startStop-1" daemon [_thread_blocked, id=5728, stack(0x00000060c6800000,0x00000060c6900000)]

Other Threads:
=>0x000001b098b34000 VMThread "VM Thread" [stack: 0x00000060c5600000,0x00000060c5700000] [id=4396]
  0x000001b0b6382800 WatcherThread [stack: 0x00000060c6200000,0x00000060c6300000] [id=5396]
  0x000001b098a8f800 GCTaskThread "GC Thread#0" [stack: 0x00000060c5100000,0x00000060c5200000] [id=8464]
  0x000001b0b66dc000 GCTaskThread "GC Thread#1" [stack: 0x00000060c6600000,0x00000060c6700000] [id=8208]
  0x000001b098a95800 ConcurrentGCThread "G1 Main Marker" [stack: 0x00000060c5200000,0x00000060c5300000] [id=8400]
  0x000001b098a97000 ConcurrentGCThread "G1 Conc#0" [stack: 0x00000060c5300000,0x00000060c5400000] [id=7088]
  0x000001b098acb800 ConcurrentGCThread "G1 Refine#0" [stack: 0x00000060c5400000,0x00000060c5500000] [id=8972]
  0x000001b098acd000 ConcurrentGCThread "G1 Young RemSet Sampling" [stack: 0x00000060c5500000,0x00000060c5600000] [id=4628]

Threads with active compile tasks:
C2 CompilerThread0  6801 %     4       org.apache.tomcat.util.bcel.classfile.ConstantPool::<init> @ 25 (74 bytes)

VM state:at safepoint (normal execution)

VM Mutex/Monitor currently owned by a thread:  ([mutex/lock_event])
[0x000001b098a66760] Threads_lock - owner thread: 0x000001b098b34000
[0x000001b098a669a0] Heap_lock - owner thread: 0x000001b0b82e7800

Heap address: 0x00000000d2800000, size: 728 MB, Compressed Oops mode: 32-bit
Narrow klass base: 0x0000000800000000, Narrow klass shift: 3
Compressed class space size: 1073741824 Address: 0x00000008011a0000

Heap:
 garbage-first heap   total 99328K, used 29814K [0x00000000d2800000, 0x0000000100000000)
  region size 1024K, 3 young (3072K), 3 survivors (3072K)
 Metaspace       used 33482K, capacity 34400K, committed 34560K, reserved 1079296K
  class space    used 3705K, capacity 4016K, committed 4096K, reserved 1048576K
Heap Regions: E=young(eden), S=young(survivor), O=old, HS=humongous(starts), HC=humongous(continues), CS=collection set, F=free, A=archive, TAMS=top-at-mark-start (previous, next)
|   0|0x00000000d2800000, 0x00000000d2900000, 0x00000000d2900000|100%| O|  |TAMS 0x00000000d2900000, 0x00000000d2800000| Untracked 
|   1|0x00000000d2900000, 0x00000000d2a00000, 0x00000000d2a00000|100%| O|  |TAMS 0x00000000d2a00000, 0x00000000d2900000| Untracked 
|   2|0x00000000d2a00000, 0x00000000d2b00000, 0x00000000d2b00000|100%| O|  |TAMS 0x00000000d2b00000, 0x00000000d2a00000| Untracked 
|   3|0x00000000d2b00000, 0x00000000d2c00000, 0x00000000d2c00000|100%| O|  |TAMS 0x00000000d2c00000, 0x00000000d2b00000| Untracked 
|   4|0x00000000d2c00000, 0x00000000d2d00000, 0x00000000d2d00000|100%| O|  |TAMS 0x00000000d2d00000, 0x00000000d2c00000| Untracked 
|   5|0x00000000d2d00000, 0x00000000d2e00000, 0x00000000d2e00000|100%| O|  |TAMS 0x00000000d2e00000, 0x00000000d2d00000| Untracked 
|   6|0x00000000d2e00000, 0x00000000d2f00000, 0x00000000d2f00000|100%| O|  |TAMS 0x00000000d2f00000, 0x00000000d2e00000| Untracked 
|   7|0x00000000d2f00000, 0x00000000d3000000, 0x00000000d3000000|100%| O|  |TAMS 0x00000000d3000000, 0x00000000d2f00000| Untracked 
|   8|0x00000000d3000000, 0x00000000d3100000, 0x00000000d3100000|100%| O|  |TAMS 0x00000000d3100000, 0x00000000d3000000| Untracked 
|   9|0x00000000d3100000, 0x00000000d3200000, 0x00000000d3200000|100%| O|  |TAMS 0x00000000d3200000, 0x00000000d3100000| Untracked 
|  10|0x00000000d3200000, 0x00000000d3300000, 0x00000000d3300000|100%| O|  |TAMS 0x00000000d3300000, 0x00000000d3200000| Untracked 
|  11|0x00000000d3300000, 0x00000000d3400000, 0x00000000d3400000|100%| O|  |TAMS 0x00000000d3400000, 0x00000000d3300000| Untracked 
|  12|0x00000000d3400000, 0x00000000d3500000, 0x00000000d3500000|100%| O|  |TAMS 0x00000000d3500000, 0x00000000d3400000| Untracked 
|  13|0x00000000d3500000, 0x00000000d3600000, 0x00000000d3600000|100%| O|  |TAMS 0x00000000d3600000, 0x00000000d3500000| Untracked 
|  14|0x00000000d3600000, 0x00000000d3700000, 0x00000000d3700000|100%| O|  |TAMS 0x00000000d3700000, 0x00000000d3600000| Untracked 
|  15|0x00000000d3700000, 0x00000000d3800000, 0x00000000d3800000|100%| O|  |TAMS 0x00000000d3800000, 0x00000000d3700000| Untracked 
|  16|0x00000000d3800000, 0x00000000d3900000, 0x00000000d3900000|100%| O|  |TAMS 0x00000000d3900000, 0x00000000d3800000| Untracked 
|  17|0x00000000d3900000, 0x00000000d3a00000, 0x00000000d3a00000|100%| O|  |TAMS 0x00000000d3900000, 0x00000000d3900000| Untracked 
|  18|0x00000000d3a00000, 0x00000000d3b00000, 0x00000000d3b00000|100%| O|  |TAMS 0x00000000d3a00000, 0x00000000d3a00000| Untracked 
|  19|0x00000000d3b00000, 0x00000000d3c00000, 0x00000000d3c00000|100%| O|  |TAMS 0x00000000d3c00000, 0x00000000d3b00000| Untracked 
|  20|0x00000000d3c00000, 0x00000000d3d00000, 0x00000000d3d00000|100%| O|  |TAMS 0x00000000d3d00000, 0x00000000d3c00000| Untracked 
|  21|0x00000000d3d00000, 0x00000000d3e00000, 0x00000000d3e00000|100%| O|  |TAMS 0x00000000d3e00000, 0x00000000d3d00000| Untracked 
|  22|0x00000000d3e00000, 0x00000000d3f00000, 0x00000000d3f00000|100%| O|  |TAMS 0x00000000d3f00000, 0x00000000d3e00000| Untracked 
|  23|0x00000000d3f00000, 0x00000000d3f67400, 0x00000000d4000000| 40%| O|  |TAMS 0x00000000d3f00000, 0x00000000d3f00000| Untracked 
|  24|0x00000000d4000000, 0x00000000d4100000, 0x00000000d4100000|100%| O|  |TAMS 0x00000000d4100000, 0x00000000d4000000| Untracked 
|  25|0x00000000d4100000, 0x00000000d4200000, 0x00000000d4200000|100%| O|  |TAMS 0x00000000d4169400, 0x00000000d4100000| Untracked 
|  26|0x00000000d4200000, 0x00000000d4300000, 0x00000000d4300000|100%| O|  |TAMS 0x00000000d4200000, 0x00000000d4200000| Untracked 
|  27|0x00000000d4300000, 0x00000000d4300000, 0x00000000d4400000|  0%| F|  |TAMS 0x00000000d4300000, 0x00000000d4300000| Untracked 
|  28|0x00000000d4400000, 0x00000000d4400000, 0x00000000d4500000|  0%| F|  |TAMS 0x00000000d4400000, 0x00000000d4400000| Untracked 
|  29|0x00000000d4500000, 0x00000000d4500000, 0x00000000d4600000|  0%| F|  |TAMS 0x00000000d4500000, 0x00000000d4500000| Untracked 
|  30|0x00000000d4600000, 0x00000000d4600000, 0x00000000d4700000|  0%| F|  |TAMS 0x00000000d4600000, 0x00000000d4600000| Untracked 
|  31|0x00000000d4700000, 0x00000000d4700000, 0x00000000d4800000|  0%| F|  |TAMS 0x00000000d4700000, 0x00000000d4700000| Untracked 
|  32|0x00000000d4800000, 0x00000000d4800000, 0x00000000d4900000|  0%| F|  |TAMS 0x00000000d4800000, 0x00000000d4800000| Untracked 
|  33|0x00000000d4900000, 0x00000000d4900000, 0x00000000d4a00000|  0%| F|  |TAMS 0x00000000d4900000, 0x00000000d4900000| Untracked 
|  34|0x00000000d4a00000, 0x00000000d4a00000, 0x00000000d4b00000|  0%| F|  |TAMS 0x00000000d4a00000, 0x00000000d4a00000| Untracked 
|  35|0x00000000d4b00000, 0x00000000d4b00000, 0x00000000d4c00000|  0%| F|  |TAMS 0x00000000d4b00000, 0x00000000d4b00000| Untracked 
|  36|0x00000000d4c00000, 0x00000000d4cb6670, 0x00000000d4d00000| 71%| S|CS|TAMS 0x00000000d4c00000, 0x00000000d4c00000| Complete 
|  37|0x00000000d4d00000, 0x00000000d4e00000, 0x00000000d4e00000|100%| S|CS|TAMS 0x00000000d4d00000, 0x00000000d4d00000| Complete 
|  38|0x00000000d4e00000, 0x00000000d4e00000, 0x00000000d4f00000|  0%| F|  |TAMS 0x00000000d4e00000, 0x00000000d4e00000| Untracked 
|  39|0x00000000d4f00000, 0x00000000d4f00000, 0x00000000d5000000|  0%| F|  |TAMS 0x00000000d4f00000, 0x00000000d4f00000| Untracked 
|  40|0x00000000d5000000, 0x00000000d5100000, 0x00000000d5100000|100%| S|CS|TAMS 0x00000000d5000000, 0x00000000d5000000| Complete 
|  41|0x00000000d5100000, 0x00000000d5100000, 0x00000000d5200000|  0%| F|  |TAMS 0x00000000d5100000, 0x00000000d5100000| Untracked 
|  42|0x00000000d5200000, 0x00000000d5200000, 0x00000000d5300000|  0%| F|  |TAMS 0x00000000d5200000, 0x00000000d5200000| Untracked 
|  43|0x00000000d5300000, 0x00000000d5300000, 0x00000000d5400000|  0%| F|  |TAMS 0x00000000d5300000, 0x00000000d5300000| Untracked 
|  44|0x00000000d5400000, 0x00000000d5400000, 0x00000000d5500000|  0%| F|  |TAMS 0x00000000d5400000, 0x00000000d5400000| Untracked 
|  45|0x00000000d5500000, 0x00000000d5500000, 0x00000000d5600000|  0%| F|  |TAMS 0x00000000d5500000, 0x00000000d5500000| Untracked 
|  46|0x00000000d5600000, 0x00000000d5600000, 0x00000000d5700000|  0%| F|  |TAMS 0x00000000d5600000, 0x00000000d5600000| Untracked 
|  47|0x00000000d5700000, 0x00000000d5700000, 0x00000000d5800000|  0%| F|  |TAMS 0x00000000d5700000, 0x00000000d5700000| Untracked 
|  48|0x00000000d5800000, 0x00000000d5800000, 0x00000000d5900000|  0%| F|  |TAMS 0x00000000d5800000, 0x00000000d5800000| Untracked 
|  49|0x00000000d5900000, 0x00000000d5900000, 0x00000000d5a00000|  0%| F|  |TAMS 0x00000000d5900000, 0x00000000d5900000| Untracked 
|  50|0x00000000d5a00000, 0x00000000d5a00000, 0x00000000d5b00000|  0%| F|  |TAMS 0x00000000d5a00000, 0x00000000d5a00000| Untracked 
|  51|0x00000000d5b00000, 0x00000000d5b00000, 0x00000000d5c00000|  0%| F|  |TAMS 0x00000000d5b00000, 0x00000000d5b00000| Untracked 
|  52|0x00000000d5c00000, 0x00000000d5c00000, 0x00000000d5d00000|  0%| F|  |TAMS 0x00000000d5c00000, 0x00000000d5c00000| Untracked 
|  53|0x00000000d5d00000, 0x00000000d5d00000, 0x00000000d5e00000|  0%| F|  |TAMS 0x00000000d5d00000, 0x00000000d5d00000| Untracked 
|  54|0x00000000d5e00000, 0x00000000d5e00000, 0x00000000d5f00000|  0%| F|  |TAMS 0x00000000d5e00000, 0x00000000d5e00000| Untracked 
|  55|0x00000000d5f00000, 0x00000000d5f00000, 0x00000000d6000000|  0%| F|  |TAMS 0x00000000d5f00000, 0x00000000d5f00000| Untracked 
|  56|0x00000000d6000000, 0x00000000d6000000, 0x00000000d6100000|  0%| F|  |TAMS 0x00000000d6000000, 0x00000000d6000000| Untracked 

Card table byte_map: [0x000001b0b1b90000,0x000001b0b1d00000] _byte_map_base: 0x000001b0b14fc000

Marking Bits (Prev, Next): (CMBitMap*) 0x000001b098a90638, (CMBitMap*) 0x000001b098a905f8
 Prev Bits: [0x000001b0b29d0000, 0x000001b0b3530000)
 Next Bits: [0x000001b0b1e70000, 0x000001b0b29d0000)

Polling page: 0x000001b098800000

Metaspace:

Usage:
  Non-class:     29.67 MB capacity,    29.08 MB ( 98%) used,   528.88 KB (  2%) free+waste,    78.19 KB ( <1%) overhead. 
      Class:      3.92 MB capacity,     3.62 MB ( 92%) used,   275.68 KB (  7%) free+waste,    34.88 KB ( <1%) overhead. 
       Both:     33.59 MB capacity,    32.70 MB ( 97%) used,   804.55 KB (  2%) free+waste,   113.06 KB ( <1%) overhead. 

Virtual space:
  Non-class space:       30.00 MB reserved,      29.75 MB (>99%) committed 
      Class space:        1.00 GB reserved,       4.00 MB ( <1%) committed 
             Both:        1.03 GB reserved,      33.75 MB (  3%) committed 

Chunk freelists:
   Non-Class:  2.00 KB
       Class:  2.00 KB
        Both:  4.00 KB

CodeHeap 'non-profiled nmethods': size=120064Kb used=2937Kb max_used=2937Kb free=117126Kb
 bounds [0x000001b0aa0e0000, 0x000001b0aa3f0000, 0x000001b0b1620000]
CodeHeap 'profiled nmethods': size=120000Kb used=14161Kb max_used=14292Kb free=105838Kb
 bounds [0x000001b0a2bb0000, 0x000001b0a39f0000, 0x000001b0aa0e0000]
CodeHeap 'non-nmethods': size=5696Kb used=1204Kb max_used=1277Kb free=4491Kb
 bounds [0x000001b0a2620000, 0x000001b0a2890000, 0x000001b0a2bb0000]
 total_blobs=8704 nmethods=5846 adapters=467
 compilation: enabled
              stopped_count=0, restarted_count=0
 full_count=0

Compilation events (10 events):
Event: 34.584 Thread 0x000001b0b608b000 6838       2       org.apache.tomcat.util.bcel.classfile.RuntimeVisibleParameterAnnotations::<init> (12 bytes)
Event: 34.584 Thread 0x000001b0b608b000 nmethod 6838 0x000001b0a34fac90 code [0x000001b0a34fae60, 0x000001b0a34fb010]
Event: 34.584 Thread 0x000001b0b608b000 6839       2       org.apache.tomcat.util.bcel.classfile.ParameterAnnotations::<init> (16 bytes)
Event: 34.585 Thread 0x000001b0b608b000 nmethod 6839 0x000001b0a3547e10 code [0x000001b0a3547fc0, 0x000001b0a3548218]
Event: 34.615 Thread 0x000001b0b608b000 6840 %     3       org.apache.tomcat.util.bcel.classfile.ClassParser::readFields @ 18 (51 bytes)
Event: 34.615 Thread 0x000001b0b608b000 nmethod 6840% 0x000001b0a3653710 code [0x000001b0a3653920, 0x000001b0a3654020]
Event: 34.615 Thread 0x000001b0b608b000 6841       3       org.apache.tomcat.util.bcel.classfile.ClassParser::readFields (51 bytes)
Event: 34.616 Thread 0x000001b0b608b000 nmethod 6841 0x000001b0a3661490 code [0x000001b0a36616a0, 0x000001b0a3661d20]
Event: 34.655 Thread 0x000001b0b608b000 6842       2       org.apache.tomcat.util.bcel.classfile.ParameterAnnotations::<init> (70 bytes)
Event: 34.656 Thread 0x000001b0b608b000 nmethod 6842 0x000001b0a3660890 code [0x000001b0a3660aa0, 0x000001b0a3661130]

GC Heap History (10 events):
Event: 33.824 GC heap after
{Heap after GC invocations=34 (full 0):
 garbage-first heap   total 48128K, used 26833K [0x00000000d2800000, 0x0000000100000000)
  region size 1024K, 1 young (1024K), 1 survivors (1024K)
 Metaspace       used 33469K, capacity 34400K, committed 34560K, reserved 1079296K
  class space    used 3704K, capacity 4016K, committed 4096K, reserved 1048576K
}
Event: 33.834 GC heap before
{Heap before GC invocations=34 (full 0):
 garbage-first heap   total 48128K, used 27857K [0x00000000d2800000, 0x0000000100000000)
  region size 1024K, 2 young (2048K), 1 survivors (1024K)
 Metaspace       used 33469K, capacity 34400K, committed 34560K, reserved 1079296K
  class space    used 3704K, capacity 4016K, committed 4096K, reserved 1048576K
}
Event: 33.843 GC heap after
{Heap after GC invocations=35 (full 0):
 garbage-first heap   total 58368K, used 25344K [0x00000000d2800000, 0x0000000100000000)
  region size 1024K, 1 young (1024K), 1 survivors (1024K)
 Metaspace       used 33469K, capacity 34400K, committed 34560K, reserved 1079296K
  class space    used 3704K, capacity 4016K, committed 4096K, reserved 1048576K
}
Event: 34.031 GC heap before
{Heap before GC invocations=35 (full 0):
 garbage-first heap   total 58368K, used 41728K [0x00000000d2800000, 0x0000000100000000)
  region size 1024K, 17 young (17408K), 1 survivors (1024K)
 Metaspace       used 33469K, capacity 34400K, committed 34560K, reserved 1079296K
  class space    used 3704K, capacity 4016K, committed 4096K, reserved 1048576K
}
Event: 34.041 GC heap after
{Heap after GC invocations=36 (full 0):
 garbage-first heap   total 58368K, used 26786K [0x00000000d2800000, 0x0000000100000000)
  region size 1024K, 2 young (2048K), 2 survivors (2048K)
 Metaspace       used 33469K, capacity 34400K, committed 34560K, reserved 1079296K
  class space    used 3704K, capacity 4016K, committed 4096K, reserved 1048576K
}
Event: 34.233 GC heap before
{Heap before GC invocations=36 (full 0):
 garbage-first heap   total 58368K, used 43170K [0x00000000d2800000, 0x0000000100000000)
  region size 1024K, 18 young (18432K), 2 survivors (2048K)
 Metaspace       used 33472K, capacity 34400K, committed 34560K, reserved 1079296K
  class space    used 3704K, capacity 4016K, committed 4096K, reserved 1048576K
}
Event: 34.246 GC heap after
{Heap after GC invocations=37 (full 0):
 garbage-first heap   total 58368K, used 27972K [0x00000000d2800000, 0x0000000100000000)
  region size 1024K, 3 young (3072K), 3 survivors (3072K)
 Metaspace       used 33472K, capacity 34400K, committed 34560K, reserved 1079296K
  class space    used 3704K, capacity 4016K, committed 4096K, reserved 1048576K
}
Event: 34.448 GC heap before
{Heap before GC invocations=37 (full 0):
 garbage-first heap   total 58368K, used 44356K [0x00000000d2800000, 0x0000000100000000)
  region size 1024K, 19 young (19456K), 3 survivors (3072K)
 Metaspace       used 33476K, capacity 34400K, committed 34560K, reserved 1079296K
  class space    used 3704K, capacity 4016K, committed 4096K, reserved 1048576K
}
Event: 34.461 GC heap after
{Heap after GC invocations=38 (full 0):
 garbage-first heap   total 58368K, used 28704K [0x00000000d2800000, 0x0000000100000000)
  region size 1024K, 3 young (3072K), 3 survivors (3072K)
 Metaspace       used 33476K, capacity 34400K, committed 34560K, reserved 1079296K
  class space    used 3704K, capacity 4016K, committed 4096K, reserved 1048576K
}
Event: 34.677 GC heap before
{Heap before GC invocations=38 (full 0):
 garbage-first heap   total 58368K, used 45088K [0x00000000d2800000, 0x0000000100000000)
  region size 1024K, 19 young (19456K), 3 survivors (3072K)
 Metaspace       used 33482K, capacity 34400K, committed 34560K, reserved 1079296K
  class space    used 3705K, capacity 4016K, committed 4096K, reserved 1048576K
}

Deoptimization events (10 events):
Event: 32.097 Thread 0x000001b0b82e7800 Uncommon trap: reason=profile_predicate action=maybe_recompile pc=0x000001b0aa1f8a04 method=org.apache.tomcat.util.file.Matcher.tokenizePathAsArray(Ljava/lang/String;)[Ljava/lang/String; @ 79 c2
Event: 32.097 Thread 0x000001b0b82e7800 Uncommon trap: reason=profile_predicate action=maybe_recompile pc=0x000001b0aa1f8a04 method=org.apache.tomcat.util.file.Matcher.tokenizePathAsArray(Ljava/lang/String;)[Ljava/lang/String; @ 79 c2
Event: 32.097 Thread 0x000001b0b82e7800 Uncommon trap: reason=profile_predicate action=maybe_recompile pc=0x000001b0aa1f8a04 method=org.apache.tomcat.util.file.Matcher.tokenizePathAsArray(Ljava/lang/String;)[Ljava/lang/String; @ 79 c2
Event: 32.097 Thread 0x000001b0b82e7800 Uncommon trap: reason=profile_predicate action=maybe_recompile pc=0x000001b0aa1f8a04 method=org.apache.tomcat.util.file.Matcher.tokenizePathAsArray(Ljava/lang/String;)[Ljava/lang/String; @ 79 c2
Event: 32.097 Thread 0x000001b0b82e7800 Uncommon trap: reason=profile_predicate action=maybe_recompile pc=0x000001b0aa1e58f8 method=org.apache.tomcat.util.file.Matcher.tokenizePathAsArray(Ljava/lang/String;)[Ljava/lang/String; @ 165 c2
Event: 32.097 Thread 0x000001b0b82e7800 Uncommon trap: reason=profile_predicate action=maybe_recompile pc=0x000001b0aa1e58f8 method=org.apache.tomcat.util.file.Matcher.tokenizePathAsArray(Ljava/lang/String;)[Ljava/lang/String; @ 165 c2
Event: 32.281 Thread 0x000001b0b82e7800 Uncommon trap: reason=unstable_if action=reinterpret pc=0x000001b0aa1ac348 method=org.codehaus.plexus.classworlds.realm.Entry.matches(Ljava/lang/String;)Z @ 209 c2
Event: 32.435 Thread 0x000001b0b82e7800 Uncommon trap: reason=unstable_if action=reinterpret pc=0x000001b0aa33ad54 method=java.io.DataInputStream.readUTF(Ljava/io/DataInput;)Ljava/lang/String; @ 154 c2
Event: 32.947 Thread 0x000001b0b82e7800 Uncommon trap: reason=unstable_if action=reinterpret pc=0x000001b0aa1fdcd0 method=java.util.LinkedHashMap.afterNodeInsertion(Z)V @ 18 c2
Event: 34.291 Thread 0x000001b0b82e7800 Uncommon trap: reason=unstable_if action=reinterpret pc=0x000001b0aa3e230c method=org.apache.tomcat.util.bcel.classfile.Attribute.readAttribute(Ljava/io/DataInputStream;Lorg/apache/tomcat/util/bcel/classfile/ConstantPool;)Lorg/apache/tomcat/util/bcel/clas

Classes redefined (0 events):
No events

Internal exceptions (10 events):
Event: 28.764 Thread 0x000001b098a67000 Exception <a 'java/lang/NoSuchMethodError'{0x00000000d510bf70}: java.lang.invoke.DirectMethodHandle$Holder.invokeStaticInit(Ljava/lang/Object;Ljava/lang/Object;Ljava/lang/Object;)Ljava/lang/Object;> (0x00000000d510bf70) thrown at [t:/workspace/open/src/ho
Event: 28.767 Thread 0x000001b098a67000 Exception <a 'java/lang/NoSuchMethodError'{0x00000000d51140d0}: java.lang.invoke.DirectMethodHandle$Holder.invokeStatic(Ljava/lang/Object;Ljava/lang/Object;Ljava/lang/Object;Ljava/lang/Object;Ljava/lang/Object;Ljava/lang/Object;)V> (0x00000000d51140d0) th
Event: 28.777 Thread 0x000001b098a67000 Exception <a 'java/lang/NoSuchMethodError'{0x00000000d5124680}: java.lang.invoke.DirectMethodHandle$Holder.invokeInterface(Ljava/lang/Object;Ljava/lang/Object;)I> (0x00000000d5124680) thrown at [t:/workspace/open/src/hotspot/share/interpreter/linkResolver
Event: 28.778 Thread 0x000001b098a67000 Exception <a 'java/lang/IncompatibleClassChangeError'{0x00000000d51271a0}: Found class java.lang.Object, but interface was expected> (0x00000000d51271a0) thrown at [t:/workspace/open/src/hotspot/share/interpreter/linkResolver.cpp, line 843]
Event: 28.955 Thread 0x000001b098a67000 Exception <a 'java/lang/NoSuchMethodError'{0x00000000d51d7a80}: java.lang.invoke.DirectMethodHandle$Holder.invokeStatic(Ljava/lang/Object;Ljava/lang/Object;Ljava/lang/Object;Ljava/lang/Object;Ljava/lang/Object;)V> (0x00000000d51d7a80) thrown at [t:/worksp
Event: 29.882 Thread 0x000001b098a67000 Exception <a 'java/lang/ClassNotFoundException'{0x00000000d49b22b8}: sun/util/logging/resources/spi/loggingProvider> (0x00000000d49b22b8) thrown at [t:/workspace/open/src/hotspot/share/classfile/systemDictionary.cpp, line 235]
Event: 29.922 Thread 0x000001b098a67000 Exception <a 'java/net/BindException'{0x00000000d488f938}: Address already in use: NET_Bind> (0x00000000d488f938) thrown at [t:/workspace/open/src/hotspot/share/prims/jni.cpp, line 636]
Event: 30.561 Thread 0x000001b098a67000 Implicit null exception at 0x000001b0aa3b6ab7 to 0x000001b0aa3bb7da
Event: 31.122 Thread 0x000001b0b82e7800 Implicit null exception at 0x000001b0aa10d4a4 to 0x000001b0aa10da2a
Event: 31.122 Thread 0x000001b0b82e7800 Implicit null exception at 0x000001b0aa11f8a4 to 0x000001b0aa11fe0a

Events (10 events):
Event: 34.374 Thread 0x000001b0b82e7800 DEOPT UNPACKING pc=0x000001b0a2648e3f sp=0x00000060c68fd078 mode 0
Event: 34.447 Executing VM operation: G1CollectForAllocation
Event: 34.461 Executing VM operation: G1CollectForAllocation done
Event: 34.479 loading class org/apache/tomcat/util/bcel/classfile/ParameterAnnotationEntry
Event: 34.479 loading class org/apache/tomcat/util/bcel/classfile/ParameterAnnotationEntry done
Event: 34.479 loading class org/apache/tomcat/util/bcel/classfile/ParameterAnnotationEntry
Event: 34.479 loading class org/apache/tomcat/util/bcel/classfile/ParameterAnnotationEntry done
Event: 34.616 Thread 0x000001b0b82e7800 DEOPT PACKING pc=0x000001b0a34b5c5d sp=0x00000060c68fe6c0
Event: 34.616 Thread 0x000001b0b82e7800 DEOPT UNPACKING pc=0x000001b0a2648e3f sp=0x00000060c68fdba0 mode 0
Event: 34.677 Executing VM operation: G1CollectForAllocation


Dynamic libraries:
0x00007ff613250000 - 0x00007ff61325f000 	C:\Program Files\Java\jdk-12\bin\java.exe
0x00007ffcd2d40000 - 0x00007ffcd2f20000 	C:\WINDOWS\SYSTEM32\ntdll.dll
0x00007ffcd02f0000 - 0x00007ffcd039e000 	C:\WINDOWS\System32\KERNEL32.DLL
0x00007ffccf750000 - 0x00007ffccf9b6000 	C:\WINDOWS\System32\KERNELBASE.dll
0x00007ffccf580000 - 0x00007ffccf676000 	C:\WINDOWS\System32\ucrtbase.dll
0x00007ffccc870000 - 0x00007ffccc888000 	C:\Program Files\Java\jdk-12\bin\jli.dll
0x00007ffcd2b10000 - 0x00007ffcd2bb1000 	C:\WINDOWS\System32\ADVAPI32.dll
0x00007ffcc99c0000 - 0x00007ffcc99d6000 	C:\Program Files\Java\jdk-12\bin\VCRUNTIME140.dll
0x00007ffcd2960000 - 0x00007ffcd29fd000 	C:\WINDOWS\System32\msvcrt.dll
0x00007ffcd2900000 - 0x00007ffcd295b000 	C:\WINDOWS\System32\sechost.dll
0x00007ffcd2140000 - 0x00007ffcd225f000 	C:\WINDOWS\System32\RPCRT4.dll
0x00007ffcd2260000 - 0x00007ffcd23ef000 	C:\WINDOWS\System32\USER32.dll
0x00007ffccf310000 - 0x00007ffccf330000 	C:\WINDOWS\System32\win32u.dll
0x00007ffcd2bc0000 - 0x00007ffcd2be8000 	C:\WINDOWS\System32\GDI32.dll
0x00007ffccf330000 - 0x00007ffccf4c4000 	C:\WINDOWS\System32\gdi32full.dll
0x00007ffccf9c0000 - 0x00007ffccfa5b000 	C:\WINDOWS\System32\msvcp_win.dll
0x00007ffcbdbe0000 - 0x00007ffcbde49000 	C:\WINDOWS\WinSxS\amd64_microsoft.windows.common-controls_6595b64144ccf1df_6.0.16299.64_none_cc9304e22215ca8f\COMCTL32.dll
0x00007ffcd23f0000 - 0x00007ffcd26f8000 	C:\WINDOWS\System32\combase.dll
0x00007ffccf680000 - 0x00007ffccf6f2000 	C:\WINDOWS\System32\bcryptPrimitives.dll
0x00007ffcc91f0000 - 0x00007ffcc91fa000 	C:\WINDOWS\SYSTEM32\VERSION.dll
0x00007ffcd2110000 - 0x00007ffcd213d000 	C:\WINDOWS\System32\IMM32.DLL
0x00007ffcc9910000 - 0x00007ffcc99ba000 	C:\Program Files\Java\jdk-12\bin\msvcp140.dll
0x00007ffcaf4a0000 - 0x00007ffcb0014000 	C:\Program Files\Java\jdk-12\bin\server\jvm.dll
0x00007ffcd2010000 - 0x00007ffcd2018000 	C:\WINDOWS\System32\PSAPI.DLL
0x00007ffcbed60000 - 0x00007ffcbed69000 	C:\WINDOWS\SYSTEM32\WSOCK32.dll
0x00007ffcd20a0000 - 0x00007ffcd210c000 	C:\WINDOWS\System32\WS2_32.dll
0x00007ffccc5e0000 - 0x00007ffccc603000 	C:\WINDOWS\SYSTEM32\WINMM.dll
0x00007ffccc570000 - 0x00007ffccc59a000 	C:\WINDOWS\SYSTEM32\WINMMBASE.dll
0x00007ffccf700000 - 0x00007ffccf74a000 	C:\WINDOWS\System32\cfgmgr32.dll
0x00007ffccf100000 - 0x00007ffccf111000 	C:\WINDOWS\System32\kernel.appcore.dll
0x00007ffcc98f0000 - 0x00007ffcc9901000 	C:\Program Files\Java\jdk-12\bin\verify.dll
0x00007ffccdba0000 - 0x00007ffccdd68000 	C:\WINDOWS\SYSTEM32\DBGHELP.DLL
0x00007ffcbe1a0000 - 0x00007ffcbe1c9000 	C:\WINDOWS\SYSTEM32\dbgcore.DLL
0x00007ffcc98c0000 - 0x00007ffcc98e6000 	C:\Program Files\Java\jdk-12\bin\java.dll
0x00007ffccc920000 - 0x00007ffccc92e000 	C:\Program Files\Java\jdk-12\bin\instrument.dll
0x00007ffcc98a0000 - 0x00007ffcc98b7000 	C:\Program Files\Java\jdk-12\bin\zip.dll
0x00007ffccc8b0000 - 0x00007ffccc8ba000 	C:\Program Files\Java\jdk-12\bin\jimage.dll
0x00007ffcd05a0000 - 0x00007ffcd19d7000 	C:\WINDOWS\System32\SHELL32.dll
0x00007ffcd04f0000 - 0x00007ffcd0596000 	C:\WINDOWS\System32\shcore.dll
0x00007ffccfa60000 - 0x00007ffcd01a7000 	C:\WINDOWS\System32\windows.storage.dll
0x00007ffcd2cb0000 - 0x00007ffcd2d01000 	C:\WINDOWS\System32\shlwapi.dll
0x00007ffccf090000 - 0x00007ffccf0dc000 	C:\WINDOWS\System32\powrprof.dll
0x00007ffccf0e0000 - 0x00007ffccf0fb000 	C:\WINDOWS\System32\profapi.dll
0x00007ffcc9880000 - 0x00007ffcc9899000 	C:\Program Files\Java\jdk-12\bin\net.dll
0x00007ffcc72f0000 - 0x00007ffcc73ce000 	C:\WINDOWS\SYSTEM32\WINHTTP.dll
0x00007ffcc2380000 - 0x00007ffcc254c000 	C:\WINDOWS\SYSTEM32\urlmon.dll
0x00007ffcd2bf0000 - 0x00007ffcd2c0d000 	C:\WINDOWS\System32\imagehlp.dll
0x00007ffcc3ee0000 - 0x00007ffcc4179000 	C:\WINDOWS\SYSTEM32\iertutil.dll
0x00007ffcceae0000 - 0x00007ffcceaeb000 	C:\WINDOWS\SYSTEM32\CRYPTBASE.DLL
0x00007ffcce920000 - 0x00007ffcce986000 	C:\WINDOWS\system32\mswsock.dll
0x00007ffcc9860000 - 0x00007ffcc9873000 	C:\Program Files\Java\jdk-12\bin\nio.dll
0x00007ffcc9840000 - 0x00007ffcc985a000 	D:\IntelliJ IDEA Community Edition 2020.1.1\bin\breakgen64.dll
0x00007ffcceaf0000 - 0x00007ffcceb07000 	C:\WINDOWS\SYSTEM32\CRYPTSP.dll
0x00007ffcce530000 - 0x00007ffcce563000 	C:\WINDOWS\system32\rsaenh.dll
0x00007ffccebf0000 - 0x00007ffccec15000 	C:\WINDOWS\SYSTEM32\bcrypt.dll
0x00007ffccefc0000 - 0x00007ffccefe9000 	C:\WINDOWS\SYSTEM32\USERENV.dll
0x00007ffcce6b0000 - 0x00007ffcce6e9000 	C:\WINDOWS\SYSTEM32\IPHLPAPI.DLL
0x00007ffcd02e0000 - 0x00007ffcd02e8000 	C:\WINDOWS\System32\NSI.dll
0x00007ffcc8860000 - 0x00007ffcc8876000 	C:\WINDOWS\SYSTEM32\dhcpcsvc6.DLL
0x00007ffcc9180000 - 0x00007ffcc919a000 	C:\WINDOWS\SYSTEM32\dhcpcsvc.DLL
0x00007ffcc5d20000 - 0x00007ffcc5d2a000 	C:\Users\днс\AppData\Local\Temp\jansi-1.17.1-6805289281130636310.dll
0x00007ffcc5d10000 - 0x00007ffcc5d1a000 	C:\Users\днс\AppData\Local\Temp\jansi-1.17.1-14768937152544362579.dll
0x00007ffcc9800000 - 0x00007ffcc9809000 	C:\Program Files\Java\jdk-12\bin\management.dll
0x00007ffcc9790000 - 0x00007ffcc979c000 	C:\Program Files\Java\jdk-12\bin\management_ext.dll

dbghelp: loaded successfully - version: 4.0.5 - missing functions: none
symbol engine: initialized successfully - sym options: 0x614 - pdb path: .;C:\Program Files\Java\jdk-12\bin;C:\WINDOWS\SYSTEM32;C:\WINDOWS\WinSxS\amd64_microsoft.windows.common-controls_6595b64144ccf1df_6.0.16299.64_none_cc9304e22215ca8f;C:\Program Files\Java\jdk-12\bin\server;D:\IntelliJ IDEA Community Edition 2020.1.1\bin;C:\Users\днс\AppData\Local\Temp

VM Arguments:
jvm_args: -Dmaven.multiModuleProjectDirectory=D:\DANASHOP_test\cbsuperfinal -Dmaven.home=D:\IntelliJ IDEA Community Edition 2020.1.1\plugins\maven\lib\maven3 -Dclassworlds.conf=D:\IntelliJ IDEA Community Edition 2020.1.1\plugins\maven\lib\maven3\bin\m2.conf -Dmaven.ext.class.path=D:\IntelliJ IDEA Community Edition 2020.1.1\plugins\maven\lib\maven-event-listener.jar -javaagent:D:\IntelliJ IDEA Community Edition 2020.1.1\lib\idea_rt.jar=50493:D:\IntelliJ IDEA Community Edition 2020.1.1\bin -Dfile.encoding=windows-1251 
java_command: org.codehaus.classworlds.Launcher -Didea.version2020.1.1 tomcat7:run
java_class_path (initial): D:\IntelliJ IDEA Community Edition 2020.1.1\plugins\maven\lib\maven3\boot\plexus-classworlds-2.6.0.jar;D:\IntelliJ IDEA Community Edition 2020.1.1\plugins\maven\lib\maven3\boot\plexus-classworlds.license
Launcher Type: SUN_STANDARD

[Global flags]
     intx CICompilerCount                          = 2                                         {product} {ergonomic}
     uint ConcGCThreads                            = 1                                         {product} {ergonomic}
     uint G1ConcRefinementThreads                  = 2                                         {product} {ergonomic}
   size_t G1HeapRegionSize                         = 1048576                                   {product} {ergonomic}
    uintx GCDrainStackTargetSize                   = 64                                        {product} {ergonomic}
   size_t InitialHeapSize                          = 48234496                                  {product} {ergonomic}
   size_t MarkStackSize                            = 4194304                                   {product} {ergonomic}
   size_t MaxHeapSize                              = 763363328                                 {product} {ergonomic}
   size_t MaxNewSize                               = 457179136                                 {product} {ergonomic}
   size_t MinHeapDeltaBytes                        = 1048576                                   {product} {ergonomic}
    uintx NonNMethodCodeHeapSize                   = 5825164                                {pd product} {ergonomic}
    uintx NonProfiledCodeHeapSize                  = 122916538                              {pd product} {ergonomic}
    uintx ProfiledCodeHeapSize                     = 122916538                              {pd product} {ergonomic}
    uintx ReservedCodeCacheSize                    = 251658240                              {pd product} {ergonomic}
     bool SegmentedCodeCache                       = true                                      {product} {ergonomic}
     bool UseCompressedClassPointers               = true                                 {lp64_product} {ergonomic}
     bool UseCompressedOops                        = true                                 {lp64_product} {ergonomic}
     bool UseG1GC                                  = true                                      {product} {ergonomic}
     bool UseLargePagesIndividualAllocation        = false                                  {pd product} {ergonomic}

Logging:
Log output configuration:
 #0: stdout all=warning uptime,level,tags
 #1: stderr all=off uptime,level,tags

Environment Variables:
JAVA_HOME=C:\Program Files\Java\jdk-12
PATH=C:\Program Files (x86)\Intel\TXE Components\iCLS\;C:\Program Files\Intel\TXE Components\iCLS\;C:\WINDOWS\system32;C:\WINDOWS;C:\WINDOWS\System32\Wbem;C:\WINDOWS\System32\WindowsPowerShell\v1.0\;C:\Program Files\Intel\TXE Components\DAL\;C:\Program Files (x86)\Intel\TXE Components\DAL\;C:\Program Files\Intel\TXE Components\IPT\;C:\Program Files (x86)\Intel\TXE Components\IPT\;C:\Program Files\Git\cmd;C:\Program Files\Java\jdk-12\bin;C:\Users\днс\AppData\Local\Microsoft\WindowsApps;C:\Program Files\heroku\bin
USERNAME=днс
OS=Windows_NT
PROCESSOR_IDENTIFIER=Intel64 Family 6 Model 92 Stepping 9, GenuineIntel



---------------  S Y S T E M  ---------------

OS: Windows 10 , 64 bit Build 16299 (10.0.16299.15)

CPU:total 2 (initial active 2) (2 cores per cpu, 1 threads per core) family 6 model 92 stepping 9, cmov, cx8, fxsr, mmx, sse, sse2, sse3, ssse3, sse4.1, sse4.2, popcnt, aes, clmul, erms, 3dnowpref, tsc, tscinvbit, sha

Memory: 4k page, system-wide physical 2904M (371M free)
TotalPageFile size 3762M (AvailPageFile size 38M)
current process WorkingSet (physical memory assigned to process): 219M, peak: 221M
current process commit charge ("private bytes"): 231M, peak: 271M

vm_info: Java HotSpot(TM) 64-Bit Server VM (12+33) for windows-amd64 JRE (12+33), built on Feb 21 2019 02:31:50 by "mach5one" with MS VC++ 15.5 (VS2017)

END.
