#
# There is insufficient memory for the Java Runtime Environment to continue.
# Native memory allocation (mmap) failed to map 48234496 bytes for Failed to commit area from 0x00000000d2800000 to 0x00000000d5600000 of length 48234496.
# Possible reasons:
#   The system is out of physical RAM or swap space
#   The process is running with CompressedOops enabled, and the Java Heap may be blocking the growth of the native heap
# Possible solutions:
#   Reduce memory load on the system
#   Increase physical memory or swap space
#   Check if swap backing store is full
#   Decrease Java heap size (-Xmx/-Xms)
#   Decrease number of Java threads
#   Decrease Java thread stack sizes (-Xss)
#   Set larger code cache with -XX:ReservedCodeCacheSize=
# This output file may be truncated or incomplete.
#
#  Out of Memory Error (c:/BuildAgent/work/1eae4dac1d648407/src/hotspot/os/windows/os_windows.cpp:3296), pid=824, tid=1632
#
# JRE version:  (11.0.6+8) (build )
# Java VM: OpenJDK 64-Bit Server VM (11.0.6+8-b765.40, mixed mode, sharing, tiered, compressed oops, g1 gc, windows-amd64)
# No core dump will be written. Minidumps are not enabled by default on client versions of Windows
#

---------------  S U M M A R Y ------------

Command Line: org.jetbrains.git4idea.http.GitAskPassApp Username for 'https://github.com': 

Host: Intel(R) Celeron(R) CPU N3350 @ 1.10GHz, 2 cores, 2G,  Windows 10 , 64 bit Build 16299 (10.0.16299.15)
Time: Sat May 23 23:53:57 2020 RTZ 2 (ceia) elapsed time: 0 seconds (0d 0h 0m 0s)

---------------  T H R E A D  ---------------

Current thread (0x000001dc4f08a000):  JavaThread "Unknown thread" [_thread_in_vm, id=1632, stack(0x0000002c4e600000,0x0000002c4e700000)]

Stack: [0x0000002c4e600000,0x0000002c4e700000]
Native frames: (J=compiled Java code, j=interpreted, Vv=VM code, C=native code)
V  [jvm.dll+0x5ddf9a]
V  [jvm.dll+0x710ae5]
V  [jvm.dll+0x712005]
V  [jvm.dll+0x7126b3]
V  [jvm.dll+0x23e718]
V  [jvm.dll+0x5db444]
V  [jvm.dll+0x5d0675]
V  [jvm.dll+0x2faf1b]
V  [jvm.dll+0x2fae8a]
V  [jvm.dll+0x2fad62]
V  [jvm.dll+0x2ffc36]
V  [jvm.dll+0x3484e3]
V  [jvm.dll+0x348be6]
V  [jvm.dll+0x3485e3]
V  [jvm.dll+0x2d5938]
V  [jvm.dll+0x2d6ad7]
V  [jvm.dll+0x6ef8a7]
V  [jvm.dll+0x6f109c]
V  [jvm.dll+0x355b29]
V  [jvm.dll+0x6d4a7e]
V  [jvm.dll+0x3bf053]
V  [jvm.dll+0x3c15d1]
C  [jli.dll+0x5363]
C  [ucrtbase.dll+0x1d885]
C  [KERNEL32.DLL+0x11fe4]
C  [ntdll.dll+0x6ef91]


---------------  P R O C E S S  ---------------

Threads class SMR info:
_java_thread_list=0x000001dc4efb1780, length=0, elements={
}

Java Threads: ( => current thread )

Other Threads:
  0x000001dc4f0ed800 GCTaskThread "GC Thread#0" [stack: 0x0000002c4e700000,0x0000002c4e800000] [id=892]
  0x000001dc4f104800 ConcurrentGCThread "G1 Main Marker" [stack: 0x0000002c4e800000,0x0000002c4e900000] [id=8172]
  0x000001dc4f106000 ConcurrentGCThread "G1 Conc#0" [stack: 0x0000002c4e900000,0x0000002c4ea00000] [id=7244]

[error occurred during error reporting (printing all threads), id 0xc0000005, EXCEPTION_ACCESS_VIOLATION (0xc0000005) at pc=0x00007ffd4e4f6047]

VM state:not at safepoint (not fully initialized)

VM Mutex/Monitor currently owned by a thread:  ([mutex/lock_event])
[0x000001dc4f0d6f70] Heap_lock - owner thread: 0x000001dc4f08a000

Heap address: 0x00000000d2800000, size: 728 MB, Compressed Oops mode: Non-zero based: 0x00000000d2800000
Narrow klass base: 0x0000000000000000, Narrow klass shift: 0

GC Heap History (0 events):
No events

Deoptimization events (0 events):
No events

Classes redefined (0 events):
No events

Internal exceptions (0 events):
No events

Events (2 events):
Event: 0.483 Loaded shared library D:\IntelliJ IDEA Community Edition 2020.1.1\jbr\bin\zip.dll
Event: 0.538 Loaded shared library D:\IntelliJ IDEA Community Edition 2020.1.1\jbr\bin\jimage.dll


Dynamic libraries:
0x00007ff7019c0000 - 0x00007ff7019ca000 	D:\IntelliJ IDEA Community Edition 2020.1.1\jbr\bin\java.exe
0x00007ffd88000000 - 0x00007ffd881e0000 	C:\WINDOWS\SYSTEM32\ntdll.dll
0x00007ffd86de0000 - 0x00007ffd86e8e000 	C:\WINDOWS\System32\KERNEL32.DLL
0x00007ffd845d0000 - 0x00007ffd84836000 	C:\WINDOWS\System32\KERNELBASE.dll
0x00007ffd853d0000 - 0x00007ffd854c6000 	C:\WINDOWS\System32\ucrtbase.dll
0x00007ffd72870000 - 0x00007ffd72889000 	D:\IntelliJ IDEA Community Edition 2020.1.1\jbr\bin\jli.dll
0x00007ffd87d90000 - 0x00007ffd87f1f000 	C:\WINDOWS\System32\USER32.dll
0x00007ffd84b50000 - 0x00007ffd84b70000 	C:\WINDOWS\System32\win32u.dll
0x00007ffd87570000 - 0x00007ffd87598000 	C:\WINDOWS\System32\GDI32.dll
0x00007ffd849b0000 - 0x00007ffd84b44000 	C:\WINDOWS\System32\gdi32full.dll
0x00007ffd84890000 - 0x00007ffd8492b000 	C:\WINDOWS\System32\msvcp_win.dll
0x00007ffd72fd0000 - 0x00007ffd73239000 	C:\WINDOWS\WinSxS\amd64_microsoft.windows.common-controls_6595b64144ccf1df_6.0.16299.64_none_cc9304e22215ca8f\COMCTL32.dll
0x00007ffd87990000 - 0x00007ffd87a2d000 	C:\WINDOWS\System32\msvcrt.dll
0x00007ffd86ad0000 - 0x00007ffd86dd8000 	C:\WINDOWS\System32\combase.dll
0x00007ffd87bf0000 - 0x00007ffd87d0f000 	C:\WINDOWS\System32\RPCRT4.dll
0x00007ffd84930000 - 0x00007ffd849a2000 	C:\WINDOWS\System32\bcryptPrimitives.dll
0x00007ffd72850000 - 0x00007ffd72867000 	D:\IntelliJ IDEA Community Edition 2020.1.1\jbr\bin\VCRUNTIME140.dll
0x00007ffd869f0000 - 0x00007ffd86a1d000 	C:\WINDOWS\System32\IMM32.DLL
0x00007ffd6f160000 - 0x00007ffd6f1fd000 	D:\IntelliJ IDEA Community Edition 2020.1.1\jbr\bin\msvcp140.dll
0x00007ffd4e210000 - 0x00007ffd4eccd000 	D:\IntelliJ IDEA Community Edition 2020.1.1\jbr\bin\server\jvm.dll
0x00007ffd86a20000 - 0x00007ffd86ac1000 	C:\WINDOWS\System32\ADVAPI32.dll
0x00007ffd87790000 - 0x00007ffd877eb000 	C:\WINDOWS\System32\sechost.dll
0x00007ffd87610000 - 0x00007ffd87618000 	C:\WINDOWS\System32\PSAPI.DLL
0x00007ffd738a0000 - 0x00007ffd738a9000 	C:\WINDOWS\SYSTEM32\WSOCK32.dll
0x00007ffd875a0000 - 0x00007ffd8760c000 	C:\WINDOWS\System32\WS2_32.dll
0x00007ffd80940000 - 0x00007ffd80963000 	C:\WINDOWS\SYSTEM32\WINMM.dll
0x00007ffd7e9a0000 - 0x00007ffd7e9aa000 	C:\WINDOWS\SYSTEM32\VERSION.dll
0x00007ffd808e0000 - 0x00007ffd8090a000 	C:\WINDOWS\SYSTEM32\WINMMBASE.dll
0x00007ffd84840000 - 0x00007ffd8488a000 	C:\WINDOWS\System32\cfgmgr32.dll
0x00007ffd84390000 - 0x00007ffd843a1000 	C:\WINDOWS\System32\kernel.appcore.dll
0x00007ffd80a10000 - 0x00007ffd80a21000 	D:\IntelliJ IDEA Community Edition 2020.1.1\jbr\bin\verify.dll
0x00007ffd82750000 - 0x00007ffd82918000 	C:\WINDOWS\SYSTEM32\DBGHELP.DLL
0x00007ffd737a0000 - 0x00007ffd737c9000 	C:\WINDOWS\SYSTEM32\dbgcore.DLL
0x00007ffd809e0000 - 0x00007ffd80a09000 	D:\IntelliJ IDEA Community Edition 2020.1.1\jbr\bin\java.dll
0x00007ffd809c0000 - 0x00007ffd809d8000 	D:\IntelliJ IDEA Community Edition 2020.1.1\jbr\bin\zip.dll
0x00007ffd809b0000 - 0x00007ffd809bb000 	D:\IntelliJ IDEA Community Edition 2020.1.1\jbr\bin\jimage.dll

dbghelp: loaded successfully - version: 4.0.5 - missing functions: none
symbol engine: initialized successfully - sym options: 0x614 - pdb path: .;D:\IntelliJ IDEA Community Edition 2020.1.1\jbr\bin;C:\WINDOWS\SYSTEM32;C:\WINDOWS\WinSxS\amd64_microsoft.windows.common-controls_6595b64144ccf1df_6.0.16299.64_none_cc9304e22215ca8f;D:\IntelliJ IDEA Community Edition 2020.1.1\jbr\bin\server

VM Arguments:
java_command: org.jetbrains.git4idea.http.GitAskPassApp Username for 'https://github.com': 
java_class_path (initial): D:/IntelliJ IDEA Community Edition 2020.1.1/plugins/git4idea/lib/git4idea-rt.jar;D:/IntelliJ IDEA Community Edition 2020.1.1/lib/xmlrpc-2.0.1.jar;D:/IntelliJ IDEA Community Edition 2020.1.1/lib/commons-codec-1.14.jar;D:/IntelliJ IDEA Community Edition 2020.1.1/lib/util.jar
Launcher Type: SUN_STANDARD

[Global flags]
     intx CICompilerCount                          = 2                                         {product} {ergonomic}
     uint ConcGCThreads                            = 1                                         {product} {ergonomic}
     uint G1ConcRefinementThreads                  = 2                                         {product} {ergonomic}
   size_t G1HeapRegionSize                         = 1048576                                   {product} {ergonomic}
    uintx GCDrainStackTargetSize                   = 64                                        {product} {ergonomic}
   size_t InitialHeapSize                          = 48234496                                  {product} {ergonomic}
   size_t MarkStackSize                            = 4194304                                   {product} {ergonomic}
   size_t MaxHeapSize                              = 763363328                                 {product} {ergonomic}
   size_t MinHeapDeltaBytes                        = 1048576                                   {product} {ergonomic}
    uintx NonNMethodCodeHeapSize                   = 5825164                                {pd product} {ergonomic}
    uintx NonProfiledCodeHeapSize                  = 122916538                              {pd product} {ergonomic}
    uintx ProfiledCodeHeapSize                     = 122916538                              {pd product} {ergonomic}
    uintx ReservedCodeCacheSize                    = 251658240                              {pd product} {ergonomic}
     bool SegmentedCodeCache                       = true                                      {product} {ergonomic}
     bool UseCompressedClassPointers               = true                                 {lp64_product} {ergonomic}
     bool UseCompressedOops                        = true                                 {lp64_product} {ergonomic}
     bool UseG1GC                                  = true                                      {product} {ergonomic}
     bool UseLargePagesIndividualAllocation        = false                                  {pd product} {ergonomic}

Logging:
Log output configuration:
 #0: stdout all=warning uptime,level,tags
 #1: stderr all=off uptime,level,tags

Environment Variables:
JAVA_HOME=C:\Program Files\Java\jdk-12
PATH=C:/Program Files/Git/mingw64/libexec/git-core;C:/Program Files/Git/mingw64/libexec/git-core;C:\Program Files\Git\mingw64\bin;C:\Program Files\Git\usr\bin;C:\Users\днс\bin;C:\Program Files (x86)\Intel\TXE Components\iCLS\;C:\Program Files\Intel\TXE Components\iCLS\;C:\WINDOWS\system32;C:\WINDOWS;C:\WINDOWS\System32\Wbem;C:\WINDOWS\System32\WindowsPowerShell\v1.0\;C:\Program Files\Intel\TXE Components\DAL\;C:\Program Files (x86)\Intel\TXE Components\DAL\;C:\Program Files\Intel\TXE Components\IPT\;C:\Program Files (x86)\Intel\TXE Components\IPT\;C:\Program Files\Git\cmd;C:\Program Files\Java\jdk-12\bin;C:\Users\днс\AppData\Local\Microsoft\WindowsApps;C:\Program Files\heroku\bin
USERNAME=днс
DISPLAY=:0.0
OS=Windows_NT
PROCESSOR_IDENTIFIER=Intel64 Family 6 Model 92 Stepping 9, GenuineIntel



---------------  S Y S T E M  ---------------

OS: Windows 10 , 64 bit Build 16299 (10.0.16299.15)

CPU:total 2 (initial active 2) (2 cores per cpu, 1 threads per core) family 6 model 92 stepping 9, cmov, cx8, fxsr, mmx, sse, sse2, sse3, ssse3, sse4.1, sse4.2, popcnt, aes, clmul, erms, 3dnowpref, tsc, tscinvbit, sha

Memory: 4k page, system-wide physical 2904M (229M free)
TotalPageFile size 4259M (AvailPageFile size 36M)
current process WorkingSet (physical memory assigned to process): 9M, peak: 9M
current process commit charge ("private bytes"): 47M, peak: 93M

vm_info: OpenJDK 64-Bit Server VM (11.0.6+8-b765.40) for windows-amd64 JRE (11.0.6+8-b765.40), built on Apr 20 2020 14:37:21 by "" with MS VC++ 14.0 (VS2015)

END.
